[0.372s] Invoking command in '/home/darsh/UR3_ROS2_PICK_AND_PLACE_random_name/build/moveit_task_constructor_visualization': AMENT_PREFIX_PATH=/home/darsh/UR3_ROS2_PICK_AND_PLACE_random_name/install/moveit_task_constructor_core:/home/darsh/UR3_ROS2_PICK_AND_PLACE_random_name/install/rviz_marker_tools:/home/darsh/UR3_ROS2_PICK_AND_PLACE_random_name/install/moveit_task_constructor_msgs:${AMENT_PREFIX_PATH} CMAKE_MODULE_PATH=/home/darsh/UR3_ROS2_PICK_AND_PLACE_random_name/install/moveit_task_constructor_core/share/moveit_task_constructor_core/cmake:${CMAKE_MODULE_PATH} CMAKE_PREFIX_PATH=/home/darsh/UR3_ROS2_PICK_AND_PLACE_random_name/install/moveit_task_constructor_core:/home/darsh/UR3_ROS2_PICK_AND_PLACE_random_name/install/rviz_marker_tools:/home/darsh/UR3_ROS2_PICK_AND_PLACE_random_name/install/moveit_task_constructor_msgs:/home/darsh/UR3_ROS2_PICK_AND_PLACE/install/moveit_config:/home/darsh/UR3_ROS2_PICK_AND_PLACE/install/warehouse_ros_mongo:/home/darsh/UR3_ROS2_PICK_AND_PLACE/install/ur_mtc_pick_place_demo:/home/darsh/UR3_ROS2_PICK_AND_PLACE/install/ur_moveit_demos:/home/darsh/UR3_ROS2_PICK_AND_PLACE/install/ur_interfaces:/home/darsh/UR3_ROS2_PICK_AND_PLACE/install/ur_gazebo:/home/darsh/UR3_ROS2_PICK_AND_PLACE/install/ur_description:/home/darsh/UR3_ROS2_PICK_AND_PLACE/install/moveit_task_constructor_visualization:/home/darsh/UR3_ROS2_PICK_AND_PLACE/install/moveit_task_constructor_demo:/home/darsh/UR3_ROS2_PICK_AND_PLACE/install/moveit_task_constructor_capabilities:/home/darsh/UR3_ROS2_PICK_AND_PLACE/install/moveit_task_constructor_core:/home/darsh/UR3_ROS2_PICK_AND_PLACE/install/rviz_marker_tools:/home/darsh/UR3_ROS2_PICK_AND_PLACE/install/robotiq_2f_85_gripper_visualization:/home/darsh/UR3_ROS2_PICK_AND_PLACE/install/moveit_task_constructor_msgs:/opt/ros/jazzy/opt/gz_sim_vendor:/opt/ros/jazzy/opt/gz_sensors_vendor:/opt/ros/jazzy/opt/gz_physics_vendor:/opt/ros/jazzy/opt/sdformat_vendor:/opt/ros/jazzy/opt/gz_gui_vendor:/opt/ros/jazzy/opt/gz_transport_vendor:/opt/ros/jazzy/opt/gz_rendering_vendor:/opt/ros/jazzy/opt/gz_plugin_vendor:/opt/ros/jazzy/opt/gz_fuel_tools_vendor:/opt/ros/jazzy/opt/gz_msgs_vendor:/opt/ros/jazzy/opt/gz_common_vendor:/opt/ros/jazzy/opt/gz_math_vendor:/opt/ros/jazzy/opt/gz_utils_vendor:/opt/ros/jazzy/opt/gz_tools_vendor:/opt/ros/jazzy/opt/gz_ogre_next_vendor:/opt/ros/jazzy/opt/gz_dartsim_vendor:/opt/ros/jazzy/opt/gz_cmake_vendor:/opt/ros/jazzy LD_LIBRARY_PATH=/home/darsh/UR3_ROS2_PICK_AND_PLACE_random_name/install/moveit_task_constructor_core/lib:/home/darsh/UR3_ROS2_PICK_AND_PLACE_random_name/install/rviz_marker_tools/lib:/home/darsh/UR3_ROS2_PICK_AND_PLACE_random_name/install/moveit_task_constructor_msgs/lib:${LD_LIBRARY_PATH} PYTHONPATH=/home/darsh/UR3_ROS2_PICK_AND_PLACE_random_name/install/moveit_task_constructor_core/lib/python3.12/site-packages:/home/darsh/UR3_ROS2_PICK_AND_PLACE_random_name/install/moveit_task_constructor_msgs/lib/python3.12/site-packages:${PYTHONPATH} /usr/bin/cmake --build /home/darsh/UR3_ROS2_PICK_AND_PLACE_random_name/build/moveit_task_constructor_visualization -- -j4 -l4
[0.465s] [  0%] Built target moveit_task_visualization_tools_autogen_timestamp_deps
[0.484s] [  0%] Built target gtest_main_autogen_timestamp_deps
[0.509s] [  0%] Built target gtest_autogen_timestamp_deps
[0.534s] [  0%] Built target gmock_main_autogen_timestamp_deps
[0.558s] [  0%] Built target gmock_autogen_timestamp_deps
[0.596s] [  1%] Built target moveit_task_visualization_tools_autogen
[0.628s] [  2%] Built target gtest_main_autogen
[0.650s] [  3%] Built target gtest_autogen
[0.670s] [  5%] Built target gmock_main_autogen
[0.708s] [  6%] Built target gmock_autogen
[0.806s] [ 15%] Built target moveit_task_visualization_tools
[0.840s] [ 21%] Built target gtest_main
[0.863s] [ 26%] Built target gtest
[0.911s] [ 31%] Built target gmock_main
[0.963s] [ 38%] Built target gmock
[0.987s] [ 38%] Built target motion_planning_tasks_properties_autogen_timestamp_deps
[1.010s] [ 38%] Built target motion_planning_tasks_utils_autogen_timestamp_deps
[1.039s] [ 39%] Built target motion_planning_tasks_properties_autogen
[1.069s] [ 40%] Built target motion_planning_tasks_utils_autogen
[1.122s] [ 47%] Built target motion_planning_tasks_properties
[1.154s] [ 55%] Built target motion_planning_tasks_utils
[1.196s] [ 55%] Built target motion_planning_tasks_rviz_plugin_autogen_timestamp_deps
[1.222s] [ 55%] Built target moveit_task_constructor_visualization-test-merge-models_autogen_timestamp_deps
[1.261s] [ 56%] Built target motion_planning_tasks_rviz_plugin_autogen
[1.284s] [ 57%] Built target moveit_task_constructor_visualization-test-merge-models_autogen
[1.385s] [ 81%] Built target motion_planning_tasks_rviz_plugin
[1.419s] [ 86%] Built target moveit_task_constructor_visualization-test-merge-models
[1.442s] [ 86%] Built target moveit_task_constructor_visualization-test-task_model_autogen_timestamp_deps
[1.466s] [ 86%] Built target moveit_task_constructor_visualization-test-solution-models_autogen_timestamp_deps
[1.490s] [ 88%] Built target moveit_task_constructor_visualization-test-task_model_autogen
[1.520s] [ 89%] Built target moveit_task_constructor_visualization-test-solution-models_autogen
[1.569s] [ 94%] Built target moveit_task_constructor_visualization-test-task_model
[1.610s] [100%] Built target moveit_task_constructor_visualization-test-solution-models
[1.648s] Invoked command in '/home/darsh/UR3_ROS2_PICK_AND_PLACE_random_name/build/moveit_task_constructor_visualization' returned '0': AMENT_PREFIX_PATH=/home/darsh/UR3_ROS2_PICK_AND_PLACE_random_name/install/moveit_task_constructor_core:/home/darsh/UR3_ROS2_PICK_AND_PLACE_random_name/install/rviz_marker_tools:/home/darsh/UR3_ROS2_PICK_AND_PLACE_random_name/install/moveit_task_constructor_msgs:${AMENT_PREFIX_PATH} CMAKE_MODULE_PATH=/home/darsh/UR3_ROS2_PICK_AND_PLACE_random_name/install/moveit_task_constructor_core/share/moveit_task_constructor_core/cmake:${CMAKE_MODULE_PATH} CMAKE_PREFIX_PATH=/home/darsh/UR3_ROS2_PICK_AND_PLACE_random_name/install/moveit_task_constructor_core:/home/darsh/UR3_ROS2_PICK_AND_PLACE_random_name/install/rviz_marker_tools:/home/darsh/UR3_ROS2_PICK_AND_PLACE_random_name/install/moveit_task_constructor_msgs:/home/darsh/UR3_ROS2_PICK_AND_PLACE/install/moveit_config:/home/darsh/UR3_ROS2_PICK_AND_PLACE/install/warehouse_ros_mongo:/home/darsh/UR3_ROS2_PICK_AND_PLACE/install/ur_mtc_pick_place_demo:/home/darsh/UR3_ROS2_PICK_AND_PLACE/install/ur_moveit_demos:/home/darsh/UR3_ROS2_PICK_AND_PLACE/install/ur_interfaces:/home/darsh/UR3_ROS2_PICK_AND_PLACE/install/ur_gazebo:/home/darsh/UR3_ROS2_PICK_AND_PLACE/install/ur_description:/home/darsh/UR3_ROS2_PICK_AND_PLACE/install/moveit_task_constructor_visualization:/home/darsh/UR3_ROS2_PICK_AND_PLACE/install/moveit_task_constructor_demo:/home/darsh/UR3_ROS2_PICK_AND_PLACE/install/moveit_task_constructor_capabilities:/home/darsh/UR3_ROS2_PICK_AND_PLACE/install/moveit_task_constructor_core:/home/darsh/UR3_ROS2_PICK_AND_PLACE/install/rviz_marker_tools:/home/darsh/UR3_ROS2_PICK_AND_PLACE/install/robotiq_2f_85_gripper_visualization:/home/darsh/UR3_ROS2_PICK_AND_PLACE/install/moveit_task_constructor_msgs:/opt/ros/jazzy/opt/gz_sim_vendor:/opt/ros/jazzy/opt/gz_sensors_vendor:/opt/ros/jazzy/opt/gz_physics_vendor:/opt/ros/jazzy/opt/sdformat_vendor:/opt/ros/jazzy/opt/gz_gui_vendor:/opt/ros/jazzy/opt/gz_transport_vendor:/opt/ros/jazzy/opt/gz_rendering_vendor:/opt/ros/jazzy/opt/gz_plugin_vendor:/opt/ros/jazzy/opt/gz_fuel_tools_vendor:/opt/ros/jazzy/opt/gz_msgs_vendor:/opt/ros/jazzy/opt/gz_common_vendor:/opt/ros/jazzy/opt/gz_math_vendor:/opt/ros/jazzy/opt/gz_utils_vendor:/opt/ros/jazzy/opt/gz_tools_vendor:/opt/ros/jazzy/opt/gz_ogre_next_vendor:/opt/ros/jazzy/opt/gz_dartsim_vendor:/opt/ros/jazzy/opt/gz_cmake_vendor:/opt/ros/jazzy LD_LIBRARY_PATH=/home/darsh/UR3_ROS2_PICK_AND_PLACE_random_name/install/moveit_task_constructor_core/lib:/home/darsh/UR3_ROS2_PICK_AND_PLACE_random_name/install/rviz_marker_tools/lib:/home/darsh/UR3_ROS2_PICK_AND_PLACE_random_name/install/moveit_task_constructor_msgs/lib:${LD_LIBRARY_PATH} PYTHONPATH=/home/darsh/UR3_ROS2_PICK_AND_PLACE_random_name/install/moveit_task_constructor_core/lib/python3.12/site-packages:/home/darsh/UR3_ROS2_PICK_AND_PLACE_random_name/install/moveit_task_constructor_msgs/lib/python3.12/site-packages:${PYTHONPATH} /usr/bin/cmake --build /home/darsh/UR3_ROS2_PICK_AND_PLACE_random_name/build/moveit_task_constructor_visualization -- -j4 -l4
[1.650s] Invoking command in '/home/darsh/UR3_ROS2_PICK_AND_PLACE_random_name/build/moveit_task_constructor_visualization': AMENT_PREFIX_PATH=/home/darsh/UR3_ROS2_PICK_AND_PLACE_random_name/install/moveit_task_constructor_core:/home/darsh/UR3_ROS2_PICK_AND_PLACE_random_name/install/rviz_marker_tools:/home/darsh/UR3_ROS2_PICK_AND_PLACE_random_name/install/moveit_task_constructor_msgs:${AMENT_PREFIX_PATH} CMAKE_MODULE_PATH=/home/darsh/UR3_ROS2_PICK_AND_PLACE_random_name/install/moveit_task_constructor_core/share/moveit_task_constructor_core/cmake:${CMAKE_MODULE_PATH} CMAKE_PREFIX_PATH=/home/darsh/UR3_ROS2_PICK_AND_PLACE_random_name/install/moveit_task_constructor_core:/home/darsh/UR3_ROS2_PICK_AND_PLACE_random_name/install/rviz_marker_tools:/home/darsh/UR3_ROS2_PICK_AND_PLACE_random_name/install/moveit_task_constructor_msgs:/home/darsh/UR3_ROS2_PICK_AND_PLACE/install/moveit_config:/home/darsh/UR3_ROS2_PICK_AND_PLACE/install/warehouse_ros_mongo:/home/darsh/UR3_ROS2_PICK_AND_PLACE/install/ur_mtc_pick_place_demo:/home/darsh/UR3_ROS2_PICK_AND_PLACE/install/ur_moveit_demos:/home/darsh/UR3_ROS2_PICK_AND_PLACE/install/ur_interfaces:/home/darsh/UR3_ROS2_PICK_AND_PLACE/install/ur_gazebo:/home/darsh/UR3_ROS2_PICK_AND_PLACE/install/ur_description:/home/darsh/UR3_ROS2_PICK_AND_PLACE/install/moveit_task_constructor_visualization:/home/darsh/UR3_ROS2_PICK_AND_PLACE/install/moveit_task_constructor_demo:/home/darsh/UR3_ROS2_PICK_AND_PLACE/install/moveit_task_constructor_capabilities:/home/darsh/UR3_ROS2_PICK_AND_PLACE/install/moveit_task_constructor_core:/home/darsh/UR3_ROS2_PICK_AND_PLACE/install/rviz_marker_tools:/home/darsh/UR3_ROS2_PICK_AND_PLACE/install/robotiq_2f_85_gripper_visualization:/home/darsh/UR3_ROS2_PICK_AND_PLACE/install/moveit_task_constructor_msgs:/opt/ros/jazzy/opt/gz_sim_vendor:/opt/ros/jazzy/opt/gz_sensors_vendor:/opt/ros/jazzy/opt/gz_physics_vendor:/opt/ros/jazzy/opt/sdformat_vendor:/opt/ros/jazzy/opt/gz_gui_vendor:/opt/ros/jazzy/opt/gz_transport_vendor:/opt/ros/jazzy/opt/gz_rendering_vendor:/opt/ros/jazzy/opt/gz_plugin_vendor:/opt/ros/jazzy/opt/gz_fuel_tools_vendor:/opt/ros/jazzy/opt/gz_msgs_vendor:/opt/ros/jazzy/opt/gz_common_vendor:/opt/ros/jazzy/opt/gz_math_vendor:/opt/ros/jazzy/opt/gz_utils_vendor:/opt/ros/jazzy/opt/gz_tools_vendor:/opt/ros/jazzy/opt/gz_ogre_next_vendor:/opt/ros/jazzy/opt/gz_dartsim_vendor:/opt/ros/jazzy/opt/gz_cmake_vendor:/opt/ros/jazzy LD_LIBRARY_PATH=/home/darsh/UR3_ROS2_PICK_AND_PLACE_random_name/install/moveit_task_constructor_core/lib:/home/darsh/UR3_ROS2_PICK_AND_PLACE_random_name/install/rviz_marker_tools/lib:/home/darsh/UR3_ROS2_PICK_AND_PLACE_random_name/install/moveit_task_constructor_msgs/lib:${LD_LIBRARY_PATH} PYTHONPATH=/home/darsh/UR3_ROS2_PICK_AND_PLACE_random_name/install/moveit_task_constructor_core/lib/python3.12/site-packages:/home/darsh/UR3_ROS2_PICK_AND_PLACE_random_name/install/moveit_task_constructor_msgs/lib/python3.12/site-packages:${PYTHONPATH} /usr/bin/cmake --install /home/darsh/UR3_ROS2_PICK_AND_PLACE_random_name/build/moveit_task_constructor_visualization
[1.660s] -- Install configuration: "Release"
[1.661s] -- Up-to-date: /home/darsh/UR3_ROS2_PICK_AND_PLACE_random_name/install/moveit_task_constructor_visualization/include
[1.661s] -- Up-to-date: /home/darsh/UR3_ROS2_PICK_AND_PLACE_random_name/install/moveit_task_constructor_visualization/include/moveit
[1.661s] -- Up-to-date: /home/darsh/UR3_ROS2_PICK_AND_PLACE_random_name/install/moveit_task_constructor_visualization/include/moveit/visualization_tools
[1.661s] -- Up-to-date: /home/darsh/UR3_ROS2_PICK_AND_PLACE_random_name/install/moveit_task_constructor_visualization/include/moveit/visualization_tools/display_solution.h
[1.661s] -- Up-to-date: /home/darsh/UR3_ROS2_PICK_AND_PLACE_random_name/install/moveit_task_constructor_visualization/include/moveit/visualization_tools/task_solution_visualization.h
[1.661s] -- Up-to-date: /home/darsh/UR3_ROS2_PICK_AND_PLACE_random_name/install/moveit_task_constructor_visualization/include/moveit/visualization_tools/marker_visualization.h
[1.662s] -- Up-to-date: /home/darsh/UR3_ROS2_PICK_AND_PLACE_random_name/install/moveit_task_constructor_visualization/include/moveit/visualization_tools/task_solution_panel.h
[1.663s] -- Up-to-date: /home/darsh/UR3_ROS2_PICK_AND_PLACE_random_name/install/moveit_task_constructor_visualization/lib/libmoveit_task_visualization_tools.so.0.1.3
[1.664s] -- Up-to-date: /home/darsh/UR3_ROS2_PICK_AND_PLACE_random_name/install/moveit_task_constructor_visualization/lib/libmoveit_task_visualization_tools.so
[1.664s] -- Up-to-date: /home/darsh/UR3_ROS2_PICK_AND_PLACE_random_name/install/moveit_task_constructor_visualization/lib/libmotion_planning_tasks_utils.so
[1.665s] -- Up-to-date: /home/darsh/UR3_ROS2_PICK_AND_PLACE_random_name/install/moveit_task_constructor_visualization/lib/libmotion_planning_tasks_properties.so
[1.666s] -- Up-to-date: /home/darsh/UR3_ROS2_PICK_AND_PLACE_random_name/install/moveit_task_constructor_visualization/lib/libmotion_planning_tasks_rviz_plugin.so.0.1.3
[1.666s] -- Up-to-date: /home/darsh/UR3_ROS2_PICK_AND_PLACE_random_name/install/moveit_task_constructor_visualization/lib/libmotion_planning_tasks_rviz_plugin.so
[1.667s] -- Up-to-date: /home/darsh/UR3_ROS2_PICK_AND_PLACE_random_name/install/moveit_task_constructor_visualization/share/icons
[1.667s] -- Up-to-date: /home/darsh/UR3_ROS2_PICK_AND_PLACE_random_name/install/moveit_task_constructor_visualization/share/icons/classes
[1.667s] -- Up-to-date: /home/darsh/UR3_ROS2_PICK_AND_PLACE_random_name/install/moveit_task_constructor_visualization/share/icons/classes/Motion Planning Tasks.svg
[1.667s] -- Up-to-date: /home/darsh/UR3_ROS2_PICK_AND_PLACE_random_name/install/moveit_task_constructor_visualization/share/moveit_task_constructor_visualization/motion_planning_tasks_rviz_plugin_description.xml
[1.667s] -- Up-to-date: /home/darsh/UR3_ROS2_PICK_AND_PLACE_random_name/install/moveit_task_constructor_visualization/share/moveit_task_constructor_visualization/environment/library_path.sh
[1.668s] -- Up-to-date: /home/darsh/UR3_ROS2_PICK_AND_PLACE_random_name/install/moveit_task_constructor_visualization/share/moveit_task_constructor_visualization/environment/library_path.dsv
[1.668s] -- Up-to-date: /home/darsh/UR3_ROS2_PICK_AND_PLACE_random_name/install/moveit_task_constructor_visualization/share/ament_index/resource_index/package_run_dependencies/moveit_task_constructor_visualization
[1.668s] -- Up-to-date: /home/darsh/UR3_ROS2_PICK_AND_PLACE_random_name/install/moveit_task_constructor_visualization/share/ament_index/resource_index/parent_prefix_path/moveit_task_constructor_visualization
[1.668s] -- Up-to-date: /home/darsh/UR3_ROS2_PICK_AND_PLACE_random_name/install/moveit_task_constructor_visualization/share/moveit_task_constructor_visualization/environment/ament_prefix_path.sh
[1.668s] -- Up-to-date: /home/darsh/UR3_ROS2_PICK_AND_PLACE_random_name/install/moveit_task_constructor_visualization/share/moveit_task_constructor_visualization/environment/ament_prefix_path.dsv
[1.669s] -- Up-to-date: /home/darsh/UR3_ROS2_PICK_AND_PLACE_random_name/install/moveit_task_constructor_visualization/share/moveit_task_constructor_visualization/environment/path.sh
[1.669s] -- Up-to-date: /home/darsh/UR3_ROS2_PICK_AND_PLACE_random_name/install/moveit_task_constructor_visualization/share/moveit_task_constructor_visualization/environment/path.dsv
[1.669s] -- Up-to-date: /home/darsh/UR3_ROS2_PICK_AND_PLACE_random_name/install/moveit_task_constructor_visualization/share/moveit_task_constructor_visualization/local_setup.bash
[1.669s] -- Up-to-date: /home/darsh/UR3_ROS2_PICK_AND_PLACE_random_name/install/moveit_task_constructor_visualization/share/moveit_task_constructor_visualization/local_setup.sh
[1.669s] -- Up-to-date: /home/darsh/UR3_ROS2_PICK_AND_PLACE_random_name/install/moveit_task_constructor_visualization/share/moveit_task_constructor_visualization/local_setup.zsh
[1.670s] -- Up-to-date: /home/darsh/UR3_ROS2_PICK_AND_PLACE_random_name/install/moveit_task_constructor_visualization/share/moveit_task_constructor_visualization/local_setup.dsv
[1.670s] -- Installing: /home/darsh/UR3_ROS2_PICK_AND_PLACE_random_name/install/moveit_task_constructor_visualization/share/moveit_task_constructor_visualization/package.dsv
[1.670s] -- Up-to-date: /home/darsh/UR3_ROS2_PICK_AND_PLACE_random_name/install/moveit_task_constructor_visualization/share/ament_index/resource_index/packages/moveit_task_constructor_visualization
[1.671s] -- Up-to-date: /home/darsh/UR3_ROS2_PICK_AND_PLACE_random_name/install/moveit_task_constructor_visualization/share/ament_index/resource_index/rviz_common__pluginlib__plugin/moveit_task_constructor_visualization
[1.671s] -- Up-to-date: /home/darsh/UR3_ROS2_PICK_AND_PLACE_random_name/install/moveit_task_constructor_visualization/share/moveit_task_constructor_visualization/cmake/ament_cmake_export_include_directories-extras.cmake
[1.671s] -- Up-to-date: /home/darsh/UR3_ROS2_PICK_AND_PLACE_random_name/install/moveit_task_constructor_visualization/share/moveit_task_constructor_visualization/cmake/ament_cmake_export_libraries-extras.cmake
[1.671s] -- Up-to-date: /home/darsh/UR3_ROS2_PICK_AND_PLACE_random_name/install/moveit_task_constructor_visualization/share/moveit_task_constructor_visualization/cmake/ament_cmake_export_dependencies-extras.cmake
[1.671s] -- Up-to-date: /home/darsh/UR3_ROS2_PICK_AND_PLACE_random_name/install/moveit_task_constructor_visualization/share/moveit_task_constructor_visualization/cmake/moveit_task_constructor_visualizationConfig.cmake
[1.671s] -- Up-to-date: /home/darsh/UR3_ROS2_PICK_AND_PLACE_random_name/install/moveit_task_constructor_visualization/share/moveit_task_constructor_visualization/cmake/moveit_task_constructor_visualizationConfig-version.cmake
[1.672s] -- Up-to-date: /home/darsh/UR3_ROS2_PICK_AND_PLACE_random_name/install/moveit_task_constructor_visualization/share/moveit_task_constructor_visualization/package.xml
[1.680s] Invoked command in '/home/darsh/UR3_ROS2_PICK_AND_PLACE_random_name/build/moveit_task_constructor_visualization' returned '0': AMENT_PREFIX_PATH=/home/darsh/UR3_ROS2_PICK_AND_PLACE_random_name/install/moveit_task_constructor_core:/home/darsh/UR3_ROS2_PICK_AND_PLACE_random_name/install/rviz_marker_tools:/home/darsh/UR3_ROS2_PICK_AND_PLACE_random_name/install/moveit_task_constructor_msgs:${AMENT_PREFIX_PATH} CMAKE_MODULE_PATH=/home/darsh/UR3_ROS2_PICK_AND_PLACE_random_name/install/moveit_task_constructor_core/share/moveit_task_constructor_core/cmake:${CMAKE_MODULE_PATH} CMAKE_PREFIX_PATH=/home/darsh/UR3_ROS2_PICK_AND_PLACE_random_name/install/moveit_task_constructor_core:/home/darsh/UR3_ROS2_PICK_AND_PLACE_random_name/install/rviz_marker_tools:/home/darsh/UR3_ROS2_PICK_AND_PLACE_random_name/install/moveit_task_constructor_msgs:/home/darsh/UR3_ROS2_PICK_AND_PLACE/install/moveit_config:/home/darsh/UR3_ROS2_PICK_AND_PLACE/install/warehouse_ros_mongo:/home/darsh/UR3_ROS2_PICK_AND_PLACE/install/ur_mtc_pick_place_demo:/home/darsh/UR3_ROS2_PICK_AND_PLACE/install/ur_moveit_demos:/home/darsh/UR3_ROS2_PICK_AND_PLACE/install/ur_interfaces:/home/darsh/UR3_ROS2_PICK_AND_PLACE/install/ur_gazebo:/home/darsh/UR3_ROS2_PICK_AND_PLACE/install/ur_description:/home/darsh/UR3_ROS2_PICK_AND_PLACE/install/moveit_task_constructor_visualization:/home/darsh/UR3_ROS2_PICK_AND_PLACE/install/moveit_task_constructor_demo:/home/darsh/UR3_ROS2_PICK_AND_PLACE/install/moveit_task_constructor_capabilities:/home/darsh/UR3_ROS2_PICK_AND_PLACE/install/moveit_task_constructor_core:/home/darsh/UR3_ROS2_PICK_AND_PLACE/install/rviz_marker_tools:/home/darsh/UR3_ROS2_PICK_AND_PLACE/install/robotiq_2f_85_gripper_visualization:/home/darsh/UR3_ROS2_PICK_AND_PLACE/install/moveit_task_constructor_msgs:/opt/ros/jazzy/opt/gz_sim_vendor:/opt/ros/jazzy/opt/gz_sensors_vendor:/opt/ros/jazzy/opt/gz_physics_vendor:/opt/ros/jazzy/opt/sdformat_vendor:/opt/ros/jazzy/opt/gz_gui_vendor:/opt/ros/jazzy/opt/gz_transport_vendor:/opt/ros/jazzy/opt/gz_rendering_vendor:/opt/ros/jazzy/opt/gz_plugin_vendor:/opt/ros/jazzy/opt/gz_fuel_tools_vendor:/opt/ros/jazzy/opt/gz_msgs_vendor:/opt/ros/jazzy/opt/gz_common_vendor:/opt/ros/jazzy/opt/gz_math_vendor:/opt/ros/jazzy/opt/gz_utils_vendor:/opt/ros/jazzy/opt/gz_tools_vendor:/opt/ros/jazzy/opt/gz_ogre_next_vendor:/opt/ros/jazzy/opt/gz_dartsim_vendor:/opt/ros/jazzy/opt/gz_cmake_vendor:/opt/ros/jazzy LD_LIBRARY_PATH=/home/darsh/UR3_ROS2_PICK_AND_PLACE_random_name/install/moveit_task_constructor_core/lib:/home/darsh/UR3_ROS2_PICK_AND_PLACE_random_name/install/rviz_marker_tools/lib:/home/darsh/UR3_ROS2_PICK_AND_PLACE_random_name/install/moveit_task_constructor_msgs/lib:${LD_LIBRARY_PATH} PYTHONPATH=/home/darsh/UR3_ROS2_PICK_AND_PLACE_random_name/install/moveit_task_constructor_core/lib/python3.12/site-packages:/home/darsh/UR3_ROS2_PICK_AND_PLACE_random_name/install/moveit_task_constructor_msgs/lib/python3.12/site-packages:${PYTHONPATH} /usr/bin/cmake --install /home/darsh/UR3_ROS2_PICK_AND_PLACE_random_name/build/moveit_task_constructor_visualization
