[0.034s] Invoking command in '/home/darsh/UR3_ROS2_PICK_AND_PLACE_random_name/build/warehouse_ros_mongo': CMAKE_PREFIX_PATH=${CMAKE_PREFIX_PATH}:/opt/ros/jazzy /usr/bin/cmake /home/darsh/UR3_ROS2_PICK_AND_PLACE_random_name/src/warehouse_ros_mongo -DCMAKE_INSTALL_PREFIX=/home/darsh/UR3_ROS2_PICK_AND_PLACE_random_name/install/warehouse_ros_mongo
[0.346s] -- The C compiler identification is GNU 13.3.0
[1.492s] -- The CXX compiler identification is GNU 13.3.0
[2.525s] -- Detecting C compiler ABI info
[3.113s] -- Detecting C compiler ABI info - done
[3.148s] -- Check for working C compiler: /usr/bin/cc - skipped
[3.149s] -- Detecting C compile features
[3.149s] -- Detecting C compile features - done
[3.331s] -- Detecting CXX compiler ABI info
[3.912s] -- Detecting CXX compiler ABI info - done
[3.926s] -- Check for working CXX compiler: /usr/bin/c++ - skipped
[3.926s] -- Detecting CXX compile features
[3.927s] -- Detecting CXX compile features - done
[3.933s] -- Found ament_cmake: 2.5.3 (/opt/ros/jazzy/share/ament_cmake/cmake)
[4.316s] -- Found Python3: /usr/bin/python3 (found version "3.12.3") found components: Interpreter 
[4.619s] -- Found rclcpp: 28.1.6 (/opt/ros/jazzy/share/rclcpp/cmake)
[5.049s] -- Found rosidl_generator_c: 4.6.5 (/opt/ros/jazzy/share/rosidl_generator_c/cmake)
[5.089s] -- Found rosidl_generator_cpp: 4.6.5 (/opt/ros/jazzy/share/rosidl_generator_cpp/cmake)
[5.155s] -- Using all available rosidl_typesupport_c: rosidl_typesupport_fastrtps_c;rosidl_typesupport_introspection_c
[5.233s] -- Using all available rosidl_typesupport_cpp: rosidl_typesupport_fastrtps_cpp;rosidl_typesupport_introspection_cpp
[5.508s] -- Found rmw_implementation_cmake: 7.3.1 (/opt/ros/jazzy/share/rmw_implementation_cmake/cmake)
[5.516s] -- Found rmw_fastrtps_cpp: 8.4.1 (/opt/ros/jazzy/share/rmw_fastrtps_cpp/cmake)
[5.659s] -- Found OpenSSL: /usr/lib/x86_64-linux-gnu/libcrypto.so (found version "3.0.13")  
[5.922s] -- Found FastRTPS: /opt/ros/jazzy/include (Required is at least version "2.13") 
[6.102s] -- Using RMW implementation 'rmw_fastrtps_cpp' as default
[6.657s] -- Found std_msgs: 5.3.5 (/opt/ros/jazzy/share/std_msgs/cmake)
[6.705s] -- Found warehouse_ros: 2.0.5 (/opt/ros/jazzy/share/warehouse_ros/cmake)
[7.401s] -- Found eigen3_cmake_module: 0.3.0 (/opt/ros/jazzy/share/eigen3_cmake_module/cmake)
[7.403s] -- Found Eigen3: TRUE (found version "3.4.0") 
[7.404s] -- Ensuring Eigen3 include directory is part of orocos-kdl CMake target
[7.640s] -- Found MONGODB: /usr/include, /usr/lib/x86_64-linux-gnu/libmongoclient.so
[7.640s] -- MONGODB using new interface: YES
[7.642s] -- Found MONGODB: /usr/lib/x86_64-linux-gnu/libmongoclient.so  
[7.651s] -- Found rclpy: 7.1.3 (/opt/ros/jazzy/share/rclpy/cmake)
[8.114s] -- Found Boost: /usr/lib/x86_64-linux-gnu/cmake/Boost-1.83.0/BoostConfig.cmake (found version "1.83.0") found components: system filesystem thread 
[8.127s] -- Looking for C++ include mongo/version.h
[8.706s] -- Looking for C++ include mongo/version.h - found
[9.137s] -- Found launch_testing_ament_cmake: 3.4.3 (/opt/ros/jazzy/share/launch_testing_ament_cmake/cmake)
[9.148s] -- Found python_cmake_module: 0.11.1 (/opt/ros/jazzy/share/python_cmake_module/cmake)
[9.704s] -- Found PythonExtra: /usr/bin/python3  
[9.735s] -- Found ament_cmake_gtest: 2.5.3 (/opt/ros/jazzy/share/ament_cmake_gtest/cmake)
[9.756s] -- Found gtest sources under '/opt/ros/jazzy/src/gtest_vendor': C++ tests using 'Google Test' will be built
[9.768s] -- Found Threads: TRUE  
[9.787s] -- Found ament_lint_auto: 0.17.1 (/opt/ros/jazzy/share/ament_lint_auto/cmake)
[14.177s] -- Added test 'copyright' to check source files copyright and LICENSE
[14.187s] -- Configuring done (14.1s)
[14.278s] -- Generating done (0.1s)
[14.293s] -- Build files have been written to: /home/darsh/UR3_ROS2_PICK_AND_PLACE_random_name/build/warehouse_ros_mongo
