[0.626s] Invoking command in '/home/darsh/UR3_ROS2_PICK_AND_PLACE_random_name/build/moveit_task_constructor_demo': AMENT_PREFIX_PATH=/home/darsh/UR3_ROS2_PICK_AND_PLACE_random_name/install/moveit_task_constructor_capabilities:/home/darsh/UR3_ROS2_PICK_AND_PLACE_random_name/install/moveit_task_constructor_core:/home/darsh/UR3_ROS2_PICK_AND_PLACE_random_name/install/rviz_marker_tools:/home/darsh/UR3_ROS2_PICK_AND_PLACE_random_name/install/moveit_task_constructor_msgs:${AMENT_PREFIX_PATH} CMAKE_MODULE_PATH=/home/darsh/UR3_ROS2_PICK_AND_PLACE_random_name/install/moveit_task_constructor_core/share/moveit_task_constructor_core/cmake:${CMAKE_MODULE_PATH} CMAKE_PREFIX_PATH=/home/darsh/UR3_ROS2_PICK_AND_PLACE_random_name/install/moveit_task_constructor_capabilities:/home/darsh/UR3_ROS2_PICK_AND_PLACE_random_name/install/moveit_task_constructor_core:/home/darsh/UR3_ROS2_PICK_AND_PLACE_random_name/install/rviz_marker_tools:/home/darsh/UR3_ROS2_PICK_AND_PLACE_random_name/install/moveit_task_constructor_msgs:/home/darsh/UR3_ROS2_PICK_AND_PLACE/install/moveit_config:/home/darsh/UR3_ROS2_PICK_AND_PLACE/install/warehouse_ros_mongo:/home/darsh/UR3_ROS2_PICK_AND_PLACE/install/ur_mtc_pick_place_demo:/home/darsh/UR3_ROS2_PICK_AND_PLACE/install/ur_mtc_demos:/home/darsh/UR3_ROS2_PICK_AND_PLACE/install/ur_moveit_demos:/home/darsh/UR3_ROS2_PICK_AND_PLACE/install/ur_interfaces:/home/darsh/UR3_ROS2_PICK_AND_PLACE/install/ur_gazebo:/home/darsh/UR3_ROS2_PICK_AND_PLACE/install/ur_description:/home/darsh/UR3_ROS2_PICK_AND_PLACE/install/moveit_task_constructor_visualization:/home/darsh/UR3_ROS2_PICK_AND_PLACE/install/moveit_task_constructor_demo:/home/darsh/UR3_ROS2_PICK_AND_PLACE/install/moveit_task_constructor_capabilities:/home/darsh/UR3_ROS2_PICK_AND_PLACE/install/moveit_task_constructor_core:/home/darsh/UR3_ROS2_PICK_AND_PLACE/install/rviz_marker_tools:/home/darsh/UR3_ROS2_PICK_AND_PLACE/install/robotiq_2f_85_gripper_visualization:/home/darsh/UR3_ROS2_PICK_AND_PLACE/install/moveit_task_constructor_msgs:/opt/ros/jazzy/opt/gz_sim_vendor:/opt/ros/jazzy/opt/gz_sensors_vendor:/opt/ros/jazzy/opt/gz_physics_vendor:/opt/ros/jazzy/opt/sdformat_vendor:/opt/ros/jazzy/opt/gz_gui_vendor:/opt/ros/jazzy/opt/gz_transport_vendor:/opt/ros/jazzy/opt/gz_rendering_vendor:/opt/ros/jazzy/opt/gz_plugin_vendor:/opt/ros/jazzy/opt/gz_fuel_tools_vendor:/opt/ros/jazzy/opt/gz_msgs_vendor:/opt/ros/jazzy/opt/gz_common_vendor:/opt/ros/jazzy/opt/gz_math_vendor:/opt/ros/jazzy/opt/gz_utils_vendor:/opt/ros/jazzy/opt/gz_tools_vendor:/opt/ros/jazzy/opt/gz_ogre_next_vendor:/opt/ros/jazzy/opt/gz_dartsim_vendor:/opt/ros/jazzy/opt/gz_cmake_vendor:/opt/ros/jazzy LD_LIBRARY_PATH=/home/darsh/UR3_ROS2_PICK_AND_PLACE_random_name/install/moveit_task_constructor_capabilities/lib:/home/darsh/UR3_ROS2_PICK_AND_PLACE_random_name/install/moveit_task_constructor_core/lib:/home/darsh/UR3_ROS2_PICK_AND_PLACE_random_name/install/rviz_marker_tools/lib:/home/darsh/UR3_ROS2_PICK_AND_PLACE_random_name/install/moveit_task_constructor_msgs/lib:${LD_LIBRARY_PATH} PYTHONPATH=/home/darsh/UR3_ROS2_PICK_AND_PLACE_random_name/install/moveit_task_constructor_core/lib/python3.12/site-packages:/home/darsh/UR3_ROS2_PICK_AND_PLACE_random_name/install/moveit_task_constructor_msgs/lib/python3.12/site-packages:${PYTHONPATH} /usr/bin/cmake /home/darsh/UR3_ROS2_PICK_AND_PLACE_random_name/src/moveit_task_constructor/demo -DCMAKE_INSTALL_PREFIX=/home/darsh/UR3_ROS2_PICK_AND_PLACE_random_name/install/moveit_task_constructor_demo
[1.095s] -- The C compiler identification is GNU 13.3.0
[2.133s] -- The CXX compiler identification is GNU 13.3.0
[3.052s] -- Detecting C compiler ABI info
[3.545s] -- Detecting C compiler ABI info - done
[3.581s] -- Check for working C compiler: /usr/bin/cc - skipped
[3.581s] -- Detecting C compile features
[3.585s] -- Detecting C compile features - done
[3.696s] -- Detecting CXX compiler ABI info
[4.397s] -- Detecting CXX compiler ABI info - done
[4.434s] -- Check for working CXX compiler: /usr/bin/c++ - skipped
[4.434s] -- Detecting CXX compile features
[4.435s] -- Detecting CXX compile features - done
[4.447s] -- Found ament_cmake: 2.5.3 (/opt/ros/jazzy/share/ament_cmake/cmake)
[5.104s] -- Found Python3: /usr/bin/python3 (found version "3.12.3") found components: Interpreter 
[5.763s] -- Found generate_parameter_library: 0.4.0 (/opt/ros/jazzy/share/generate_parameter_library/cmake)
[5.802s] -- Found parameter_traits: 0.4.0 (/opt/ros/jazzy/share/parameter_traits/cmake)
[6.355s] -- Found rosidl_generator_c: 4.6.5 (/opt/ros/jazzy/share/rosidl_generator_c/cmake)
[6.406s] -- Found rosidl_generator_cpp: 4.6.5 (/opt/ros/jazzy/share/rosidl_generator_cpp/cmake)
[6.472s] -- Using all available rosidl_typesupport_c: rosidl_typesupport_fastrtps_c;rosidl_typesupport_introspection_c
[6.608s] -- Using all available rosidl_typesupport_cpp: rosidl_typesupport_fastrtps_cpp;rosidl_typesupport_introspection_cpp
[6.966s] -- Found rmw_implementation_cmake: 7.3.1 (/opt/ros/jazzy/share/rmw_implementation_cmake/cmake)
[7.004s] -- Found rmw_fastrtps_cpp: 8.4.1 (/opt/ros/jazzy/share/rmw_fastrtps_cpp/cmake)
[7.363s] -- Found OpenSSL: /usr/lib/x86_64-linux-gnu/libcrypto.so (found version "3.0.13")  
[7.606s] -- Found FastRTPS: /opt/ros/jazzy/include (Required is at least version "2.13") 
[7.877s] -- Using RMW implementation 'rmw_fastrtps_cpp' as default
[8.479s] -- Found rclcpp_lifecycle: 28.1.6 (/opt/ros/jazzy/share/rclcpp_lifecycle/cmake)
[8.606s] -- Found moveit_common: 2.12.2 (/opt/ros/jazzy/share/moveit_common/cmake)
[9.056s] [0mmoveit_task_constructor_demo: You did not request a specific build type: Choosing 'Release' for maximum performance[0m
[9.061s] -- Found moveit_core: 2.12.2 (/opt/ros/jazzy/share/moveit_core/cmake)
[9.977s] -- Found Boost: /usr/lib/x86_64-linux-gnu/cmake/Boost-1.83.0/BoostConfig.cmake (found version "1.83.0") found components: chrono date_time filesystem iostreams program_options regex serialization system thread 
[11.668s] -- Found Boost: /usr/lib/x86_64-linux-gnu/cmake/Boost-1.83.0/BoostConfig.cmake (found version "1.83.0") found components: filesystem 
[12.214s] -- Found Eigen3: TRUE (found version "3.4.0") 
[12.215s] -- Ensuring Eigen3 include directory is part of orocos-kdl CMake target
[13.700s] -- Found moveit_ros_planning: 2.12.2 (/opt/ros/jazzy/share/moveit_ros_planning/cmake)
[13.713s] -- Found Boost: /usr/lib/x86_64-linux-gnu/cmake/Boost-1.83.0/BoostConfig.cmake (found version "1.83.0") found components: system filesystem date_time program_options thread chrono 
[13.877s] -- Found moveit_ros_planning_interface: 2.12.2 (/opt/ros/jazzy/share/moveit_ros_planning_interface/cmake)
[13.896s] -- Found Boost: /usr/lib/x86_64-linux-gnu/cmake/Boost-1.83.0/BoostConfig.cmake (found version "1.83.0") found components: date_time filesystem program_options system thread 
[13.978s] -- Found Boost: /usr/lib/x86_64-linux-gnu/cmake/Boost-1.83.0/BoostConfig.cmake (found version "1.83.0") found components: thread system filesystem regex date_time program_options 
[14.103s] -- Found Boost: /usr/lib/x86_64-linux-gnu/cmake/Boost-1.83.0/BoostConfig.cmake (found version "1.83.0") found components: system filesystem date_time program_options thread 
[14.291s] -- Found moveit_task_constructor_core: 0.1.3 (/home/darsh/UR3_ROS2_PICK_AND_PLACE_random_name/install/moveit_task_constructor_core/share/moveit_task_constructor_core/cmake)
[14.789s] -- Configuring done (14.1s)
[15.096s] -- Generating done (0.2s)
[15.213s] -- Build files have been written to: /home/darsh/UR3_ROS2_PICK_AND_PLACE_random_name/build/moveit_task_constructor_demo
[15.225s] Invoked command in '/home/darsh/UR3_ROS2_PICK_AND_PLACE_random_name/build/moveit_task_constructor_demo' returned '0': AMENT_PREFIX_PATH=/home/darsh/UR3_ROS2_PICK_AND_PLACE_random_name/install/moveit_task_constructor_capabilities:/home/darsh/UR3_ROS2_PICK_AND_PLACE_random_name/install/moveit_task_constructor_core:/home/darsh/UR3_ROS2_PICK_AND_PLACE_random_name/install/rviz_marker_tools:/home/darsh/UR3_ROS2_PICK_AND_PLACE_random_name/install/moveit_task_constructor_msgs:${AMENT_PREFIX_PATH} CMAKE_MODULE_PATH=/home/darsh/UR3_ROS2_PICK_AND_PLACE_random_name/install/moveit_task_constructor_core/share/moveit_task_constructor_core/cmake:${CMAKE_MODULE_PATH} CMAKE_PREFIX_PATH=/home/darsh/UR3_ROS2_PICK_AND_PLACE_random_name/install/moveit_task_constructor_capabilities:/home/darsh/UR3_ROS2_PICK_AND_PLACE_random_name/install/moveit_task_constructor_core:/home/darsh/UR3_ROS2_PICK_AND_PLACE_random_name/install/rviz_marker_tools:/home/darsh/UR3_ROS2_PICK_AND_PLACE_random_name/install/moveit_task_constructor_msgs:/home/darsh/UR3_ROS2_PICK_AND_PLACE/install/moveit_config:/home/darsh/UR3_ROS2_PICK_AND_PLACE/install/warehouse_ros_mongo:/home/darsh/UR3_ROS2_PICK_AND_PLACE/install/ur_mtc_pick_place_demo:/home/darsh/UR3_ROS2_PICK_AND_PLACE/install/ur_mtc_demos:/home/darsh/UR3_ROS2_PICK_AND_PLACE/install/ur_moveit_demos:/home/darsh/UR3_ROS2_PICK_AND_PLACE/install/ur_interfaces:/home/darsh/UR3_ROS2_PICK_AND_PLACE/install/ur_gazebo:/home/darsh/UR3_ROS2_PICK_AND_PLACE/install/ur_description:/home/darsh/UR3_ROS2_PICK_AND_PLACE/install/moveit_task_constructor_visualization:/home/darsh/UR3_ROS2_PICK_AND_PLACE/install/moveit_task_constructor_demo:/home/darsh/UR3_ROS2_PICK_AND_PLACE/install/moveit_task_constructor_capabilities:/home/darsh/UR3_ROS2_PICK_AND_PLACE/install/moveit_task_constructor_core:/home/darsh/UR3_ROS2_PICK_AND_PLACE/install/rviz_marker_tools:/home/darsh/UR3_ROS2_PICK_AND_PLACE/install/robotiq_2f_85_gripper_visualization:/home/darsh/UR3_ROS2_PICK_AND_PLACE/install/moveit_task_constructor_msgs:/opt/ros/jazzy/opt/gz_sim_vendor:/opt/ros/jazzy/opt/gz_sensors_vendor:/opt/ros/jazzy/opt/gz_physics_vendor:/opt/ros/jazzy/opt/sdformat_vendor:/opt/ros/jazzy/opt/gz_gui_vendor:/opt/ros/jazzy/opt/gz_transport_vendor:/opt/ros/jazzy/opt/gz_rendering_vendor:/opt/ros/jazzy/opt/gz_plugin_vendor:/opt/ros/jazzy/opt/gz_fuel_tools_vendor:/opt/ros/jazzy/opt/gz_msgs_vendor:/opt/ros/jazzy/opt/gz_common_vendor:/opt/ros/jazzy/opt/gz_math_vendor:/opt/ros/jazzy/opt/gz_utils_vendor:/opt/ros/jazzy/opt/gz_tools_vendor:/opt/ros/jazzy/opt/gz_ogre_next_vendor:/opt/ros/jazzy/opt/gz_dartsim_vendor:/opt/ros/jazzy/opt/gz_cmake_vendor:/opt/ros/jazzy LD_LIBRARY_PATH=/home/darsh/UR3_ROS2_PICK_AND_PLACE_random_name/install/moveit_task_constructor_capabilities/lib:/home/darsh/UR3_ROS2_PICK_AND_PLACE_random_name/install/moveit_task_constructor_core/lib:/home/darsh/UR3_ROS2_PICK_AND_PLACE_random_name/install/rviz_marker_tools/lib:/home/darsh/UR3_ROS2_PICK_AND_PLACE_random_name/install/moveit_task_constructor_msgs/lib:${LD_LIBRARY_PATH} PYTHONPATH=/home/darsh/UR3_ROS2_PICK_AND_PLACE_random_name/install/moveit_task_constructor_core/lib/python3.12/site-packages:/home/darsh/UR3_ROS2_PICK_AND_PLACE_random_name/install/moveit_task_constructor_msgs/lib/python3.12/site-packages:${PYTHONPATH} /usr/bin/cmake /home/darsh/UR3_ROS2_PICK_AND_PLACE_random_name/src/moveit_task_constructor/demo -DCMAKE_INSTALL_PREFIX=/home/darsh/UR3_ROS2_PICK_AND_PLACE_random_name/install/moveit_task_constructor_demo
[15.226s] Invoking command in '/home/darsh/UR3_ROS2_PICK_AND_PLACE_random_name/build/moveit_task_constructor_demo': AMENT_PREFIX_PATH=/home/darsh/UR3_ROS2_PICK_AND_PLACE_random_name/install/moveit_task_constructor_capabilities:/home/darsh/UR3_ROS2_PICK_AND_PLACE_random_name/install/moveit_task_constructor_core:/home/darsh/UR3_ROS2_PICK_AND_PLACE_random_name/install/rviz_marker_tools:/home/darsh/UR3_ROS2_PICK_AND_PLACE_random_name/install/moveit_task_constructor_msgs:${AMENT_PREFIX_PATH} CMAKE_MODULE_PATH=/home/darsh/UR3_ROS2_PICK_AND_PLACE_random_name/install/moveit_task_constructor_core/share/moveit_task_constructor_core/cmake:${CMAKE_MODULE_PATH} CMAKE_PREFIX_PATH=/home/darsh/UR3_ROS2_PICK_AND_PLACE_random_name/install/moveit_task_constructor_capabilities:/home/darsh/UR3_ROS2_PICK_AND_PLACE_random_name/install/moveit_task_constructor_core:/home/darsh/UR3_ROS2_PICK_AND_PLACE_random_name/install/rviz_marker_tools:/home/darsh/UR3_ROS2_PICK_AND_PLACE_random_name/install/moveit_task_constructor_msgs:/home/darsh/UR3_ROS2_PICK_AND_PLACE/install/moveit_config:/home/darsh/UR3_ROS2_PICK_AND_PLACE/install/warehouse_ros_mongo:/home/darsh/UR3_ROS2_PICK_AND_PLACE/install/ur_mtc_pick_place_demo:/home/darsh/UR3_ROS2_PICK_AND_PLACE/install/ur_mtc_demos:/home/darsh/UR3_ROS2_PICK_AND_PLACE/install/ur_moveit_demos:/home/darsh/UR3_ROS2_PICK_AND_PLACE/install/ur_interfaces:/home/darsh/UR3_ROS2_PICK_AND_PLACE/install/ur_gazebo:/home/darsh/UR3_ROS2_PICK_AND_PLACE/install/ur_description:/home/darsh/UR3_ROS2_PICK_AND_PLACE/install/moveit_task_constructor_visualization:/home/darsh/UR3_ROS2_PICK_AND_PLACE/install/moveit_task_constructor_demo:/home/darsh/UR3_ROS2_PICK_AND_PLACE/install/moveit_task_constructor_capabilities:/home/darsh/UR3_ROS2_PICK_AND_PLACE/install/moveit_task_constructor_core:/home/darsh/UR3_ROS2_PICK_AND_PLACE/install/rviz_marker_tools:/home/darsh/UR3_ROS2_PICK_AND_PLACE/install/robotiq_2f_85_gripper_visualization:/home/darsh/UR3_ROS2_PICK_AND_PLACE/install/moveit_task_constructor_msgs:/opt/ros/jazzy/opt/gz_sim_vendor:/opt/ros/jazzy/opt/gz_sensors_vendor:/opt/ros/jazzy/opt/gz_physics_vendor:/opt/ros/jazzy/opt/sdformat_vendor:/opt/ros/jazzy/opt/gz_gui_vendor:/opt/ros/jazzy/opt/gz_transport_vendor:/opt/ros/jazzy/opt/gz_rendering_vendor:/opt/ros/jazzy/opt/gz_plugin_vendor:/opt/ros/jazzy/opt/gz_fuel_tools_vendor:/opt/ros/jazzy/opt/gz_msgs_vendor:/opt/ros/jazzy/opt/gz_common_vendor:/opt/ros/jazzy/opt/gz_math_vendor:/opt/ros/jazzy/opt/gz_utils_vendor:/opt/ros/jazzy/opt/gz_tools_vendor:/opt/ros/jazzy/opt/gz_ogre_next_vendor:/opt/ros/jazzy/opt/gz_dartsim_vendor:/opt/ros/jazzy/opt/gz_cmake_vendor:/opt/ros/jazzy LD_LIBRARY_PATH=/home/darsh/UR3_ROS2_PICK_AND_PLACE_random_name/install/moveit_task_constructor_capabilities/lib:/home/darsh/UR3_ROS2_PICK_AND_PLACE_random_name/install/moveit_task_constructor_core/lib:/home/darsh/UR3_ROS2_PICK_AND_PLACE_random_name/install/rviz_marker_tools/lib:/home/darsh/UR3_ROS2_PICK_AND_PLACE_random_name/install/moveit_task_constructor_msgs/lib:${LD_LIBRARY_PATH} PYTHONPATH=/home/darsh/UR3_ROS2_PICK_AND_PLACE_random_name/install/moveit_task_constructor_core/lib/python3.12/site-packages:/home/darsh/UR3_ROS2_PICK_AND_PLACE_random_name/install/moveit_task_constructor_msgs/lib/python3.12/site-packages:${PYTHONPATH} /usr/bin/cmake --build /home/darsh/UR3_ROS2_PICK_AND_PLACE_random_name/build/moveit_task_constructor_demo -- -j4 -l4
[15.406s] [  5%] [34m[1mRunning `/opt/ros/jazzy/bin/generate_parameter_library_cpp /home/darsh/UR3_ROS2_PICK_AND_PLACE_random_name/build/moveit_task_constructor_demo/include/moveit_task_constructor_demo/pick_place_demo_parameters.hpp /home/darsh/UR3_ROS2_PICK_AND_PLACE_random_name/src/moveit_task_constructor/demo/src/pick_place_demo_parameters.yaml `[0m
[19.274s] [ 11%] [34m[1mCreating deprecated header file /home/darsh/UR3_ROS2_PICK_AND_PLACE_random_name/build/moveit_task_constructor_demo/include/pick_place_demo_parameters.hpp[0m
[19.497s] [ 11%] Built target pick_place_demo_parameters
[19.596s] [ 16%] [32mBuilding CXX object CMakeFiles/moveit_task_constructor_demo_alternative_path_costs.dir/src/alternative_path_costs.cpp.o[0m
[69.318s] [ 22%] [32m[1mLinking CXX executable alternative_path_costs[0m
[72.151s] [ 22%] Built target moveit_task_constructor_demo_alternative_path_costs
[72.313s] [ 27%] [34m[1mRunning `/opt/ros/jazzy/bin/generate_parameter_library_cpp /home/darsh/UR3_ROS2_PICK_AND_PLACE_random_name/build/moveit_task_constructor_demo/include/moveit_task_constructor_demo/ik_clearance_cost_parameters.hpp /home/darsh/UR3_ROS2_PICK_AND_PLACE_random_name/src/moveit_task_constructor/demo/src/ik_clearance_cost_parameters.yaml `[0m
[74.781s] [ 33%] [34m[1mCreating deprecated header file /home/darsh/UR3_ROS2_PICK_AND_PLACE_random_name/build/moveit_task_constructor_demo/include/ik_clearance_cost_parameters.hpp[0m
[74.963s] [ 33%] Built target ik_clearance_cost_parameters
[75.063s] [ 38%] [32mBuilding CXX object CMakeFiles/moveit_task_constructor_demo_fallbacks_move_to.dir/src/fallbacks_move_to.cpp.o[0m
[113.609s] gmake[1]: *** [CMakeFiles/Makefile2:309: CMakeFiles/moveit_task_constructor_demo_fallbacks_move_to.dir/all] Killed
[113.609s] gmake: *** [Makefile:146: all] Error 2
