[0.038s] Invoking command in '/home/darsh/UR3_ROS2_PICK_AND_PLACE_random_name/build/ur_interfaces': CMAKE_PREFIX_PATH=${CMAKE_PREFIX_PATH}:/opt/ros/jazzy /usr/bin/cmake --build /home/darsh/UR3_ROS2_PICK_AND_PLACE_random_name/build/ur_interfaces -- -j4 -l4
[0.143s] [  2%] Built target ur_interfaces__rosidl_generator_type_description
[0.196s] [  2%] Built target ament_cmake_python_copy_ur_interfaces
[0.231s] [ 17%] Built target ur_interfaces__rosidl_generator_c
[0.561s] running egg_info
[0.610s] writing ur_interfaces.egg-info/PKG-INFO
[0.611s] writing dependency_links to ur_interfaces.egg-info/dependency_links.txt
[0.611s] writing top-level names to ur_interfaces.egg-info/top_level.txt
[1.020s] reading manifest file 'ur_interfaces.egg-info/SOURCES.txt'
[1.020s] writing manifest file 'ur_interfaces.egg-info/SOURCES.txt'
[1.020s] [ 17%] Built target ament_cmake_python_build_ur_interfaces_egg
[1.104s] [ 26%] Built target ur_interfaces__rosidl_typesupport_introspection_c
[1.197s] [ 35%] Built target ur_interfaces__rosidl_typesupport_c
[1.269s] [ 44%] Built target ur_interfaces__rosidl_typesupport_fastrtps_c
[1.343s] [ 47%] Built target ur_interfaces__cpp
[1.442s] [ 55%] Built target ur_interfaces__rosidl_typesupport_cpp
[1.568s] [ 64%] Built target ur_interfaces__rosidl_typesupport_introspection_cpp
[1.680s] [ 73%] Built target ur_interfaces__rosidl_typesupport_fastrtps_cpp
[1.742s] [ 73%] Built target ur_interfaces
[1.792s] [ 76%] Built target ur_interfaces__py
[1.855s] [ 82%] Built target ur_interfaces__rosidl_generator_py
[1.885s] [ 88%] Built target ur_interfaces_s__rosidl_typesupport_fastrtps_c
[1.925s] [ 94%] Built target ur_interfaces_s__rosidl_typesupport_c
[1.957s] [100%] Built target ur_interfaces_s__rosidl_typesupport_introspection_c
[1.994s] Invoked command in '/home/darsh/UR3_ROS2_PICK_AND_PLACE_random_name/build/ur_interfaces' returned '0': CMAKE_PREFIX_PATH=${CMAKE_PREFIX_PATH}:/opt/ros/jazzy /usr/bin/cmake --build /home/darsh/UR3_ROS2_PICK_AND_PLACE_random_name/build/ur_interfaces -- -j4 -l4
[1.994s] Invoking command in '/home/darsh/UR3_ROS2_PICK_AND_PLACE_random_name/build/ur_interfaces': CMAKE_PREFIX_PATH=${CMAKE_PREFIX_PATH}:/opt/ros/jazzy /usr/bin/cmake --install /home/darsh/UR3_ROS2_PICK_AND_PLACE_random_name/build/ur_interfaces
[2.011s] -- Install configuration: ""
[2.012s] -- Up-to-date: /home/darsh/UR3_ROS2_PICK_AND_PLACE_random_name/install/ur_interfaces/share/ament_index/resource_index/rosidl_interfaces/ur_interfaces
[2.012s] -- Up-to-date: /home/darsh/UR3_ROS2_PICK_AND_PLACE_random_name/install/ur_interfaces/share/ur_interfaces/srv/GetPlanningScene.json
[2.013s] -- Up-to-date: /home/darsh/UR3_ROS2_PICK_AND_PLACE_random_name/install/ur_interfaces/include/ur_interfaces/ur_interfaces
[2.014s] -- Up-to-date: /home/darsh/UR3_ROS2_PICK_AND_PLACE_random_name/install/ur_interfaces/include/ur_interfaces/ur_interfaces/srv
[2.015s] -- Up-to-date: /home/darsh/UR3_ROS2_PICK_AND_PLACE_random_name/install/ur_interfaces/include/ur_interfaces/ur_interfaces/srv/get_planning_scene.h
[2.015s] -- Up-to-date: /home/darsh/UR3_ROS2_PICK_AND_PLACE_random_name/install/ur_interfaces/include/ur_interfaces/ur_interfaces/srv/detail
[2.016s] -- Up-to-date: /home/darsh/UR3_ROS2_PICK_AND_PLACE_random_name/install/ur_interfaces/include/ur_interfaces/ur_interfaces/srv/detail/get_planning_scene__description.c
[2.017s] -- Up-to-date: /home/darsh/UR3_ROS2_PICK_AND_PLACE_random_name/install/ur_interfaces/include/ur_interfaces/ur_interfaces/srv/detail/get_planning_scene__functions.c
[2.017s] -- Up-to-date: /home/darsh/UR3_ROS2_PICK_AND_PLACE_random_name/install/ur_interfaces/include/ur_interfaces/ur_interfaces/srv/detail/get_planning_scene__functions.h
[2.018s] -- Up-to-date: /home/darsh/UR3_ROS2_PICK_AND_PLACE_random_name/install/ur_interfaces/include/ur_interfaces/ur_interfaces/srv/detail/get_planning_scene__type_support.h
[2.022s] -- Installing: /home/darsh/UR3_ROS2_PICK_AND_PLACE_random_name/install/ur_interfaces/include/ur_interfaces/ur_interfaces/srv/detail/get_planning_scene__type_support.c
[2.024s] -- Up-to-date: /home/darsh/UR3_ROS2_PICK_AND_PLACE_random_name/install/ur_interfaces/include/ur_interfaces/ur_interfaces/srv/detail/get_planning_scene__struct.h
[2.024s] -- Up-to-date: /home/darsh/UR3_ROS2_PICK_AND_PLACE_random_name/install/ur_interfaces/include/ur_interfaces/ur_interfaces/msg
[2.025s] -- Up-to-date: /home/darsh/UR3_ROS2_PICK_AND_PLACE_random_name/install/ur_interfaces/include/ur_interfaces/ur_interfaces/msg/rosidl_generator_c__visibility_control.h
[2.025s] -- Up-to-date: /home/darsh/UR3_ROS2_PICK_AND_PLACE_random_name/install/ur_interfaces/share/ur_interfaces/environment/library_path.sh
[2.025s] -- Up-to-date: /home/darsh/UR3_ROS2_PICK_AND_PLACE_random_name/install/ur_interfaces/share/ur_interfaces/environment/library_path.dsv
[2.025s] -- Up-to-date: /home/darsh/UR3_ROS2_PICK_AND_PLACE_random_name/install/ur_interfaces/lib/libur_interfaces__rosidl_generator_c.so
[2.025s] -- Up-to-date: /home/darsh/UR3_ROS2_PICK_AND_PLACE_random_name/install/ur_interfaces/include/ur_interfaces/ur_interfaces
[2.025s] -- Up-to-date: /home/darsh/UR3_ROS2_PICK_AND_PLACE_random_name/install/ur_interfaces/include/ur_interfaces/ur_interfaces/srv
[2.025s] -- Up-to-date: /home/darsh/UR3_ROS2_PICK_AND_PLACE_random_name/install/ur_interfaces/include/ur_interfaces/ur_interfaces/srv/detail
[2.026s] -- Up-to-date: /home/darsh/UR3_ROS2_PICK_AND_PLACE_random_name/install/ur_interfaces/include/ur_interfaces/ur_interfaces/srv/detail/get_planning_scene__rosidl_typesupport_fastrtps_c.h
[2.026s] -- Up-to-date: /home/darsh/UR3_ROS2_PICK_AND_PLACE_random_name/install/ur_interfaces/include/ur_interfaces/ur_interfaces/msg
[2.026s] -- Up-to-date: /home/darsh/UR3_ROS2_PICK_AND_PLACE_random_name/install/ur_interfaces/include/ur_interfaces/ur_interfaces/msg/rosidl_typesupport_fastrtps_c__visibility_control.h
[2.026s] -- Up-to-date: /home/darsh/UR3_ROS2_PICK_AND_PLACE_random_name/install/ur_interfaces/lib/libur_interfaces__rosidl_typesupport_fastrtps_c.so
[2.026s] -- Up-to-date: /home/darsh/UR3_ROS2_PICK_AND_PLACE_random_name/install/ur_interfaces/include/ur_interfaces/ur_interfaces
[2.026s] -- Up-to-date: /home/darsh/UR3_ROS2_PICK_AND_PLACE_random_name/install/ur_interfaces/include/ur_interfaces/ur_interfaces/srv
[2.026s] -- Up-to-date: /home/darsh/UR3_ROS2_PICK_AND_PLACE_random_name/install/ur_interfaces/include/ur_interfaces/ur_interfaces/srv/detail
[2.026s] -- Up-to-date: /home/darsh/UR3_ROS2_PICK_AND_PLACE_random_name/install/ur_interfaces/include/ur_interfaces/ur_interfaces/srv/detail/get_planning_scene__rosidl_typesupport_introspection_c.h
[2.027s] -- Installing: /home/darsh/UR3_ROS2_PICK_AND_PLACE_random_name/install/ur_interfaces/include/ur_interfaces/ur_interfaces/srv/detail/get_planning_scene__type_support.c
[2.027s] -- Up-to-date: /home/darsh/UR3_ROS2_PICK_AND_PLACE_random_name/install/ur_interfaces/include/ur_interfaces/ur_interfaces/msg
[2.027s] -- Up-to-date: /home/darsh/UR3_ROS2_PICK_AND_PLACE_random_name/install/ur_interfaces/include/ur_interfaces/ur_interfaces/msg/rosidl_typesupport_introspection_c__visibility_control.h
[2.027s] -- Up-to-date: /home/darsh/UR3_ROS2_PICK_AND_PLACE_random_name/install/ur_interfaces/lib/libur_interfaces__rosidl_typesupport_introspection_c.so
[2.027s] -- Up-to-date: /home/darsh/UR3_ROS2_PICK_AND_PLACE_random_name/install/ur_interfaces/lib/libur_interfaces__rosidl_typesupport_c.so
[2.028s] -- Up-to-date: /home/darsh/UR3_ROS2_PICK_AND_PLACE_random_name/install/ur_interfaces/include/ur_interfaces/ur_interfaces
[2.028s] -- Up-to-date: /home/darsh/UR3_ROS2_PICK_AND_PLACE_random_name/install/ur_interfaces/include/ur_interfaces/ur_interfaces/srv
[2.028s] -- Up-to-date: /home/darsh/UR3_ROS2_PICK_AND_PLACE_random_name/install/ur_interfaces/include/ur_interfaces/ur_interfaces/srv/get_planning_scene.hpp
[2.028s] -- Up-to-date: /home/darsh/UR3_ROS2_PICK_AND_PLACE_random_name/install/ur_interfaces/include/ur_interfaces/ur_interfaces/srv/detail
[2.028s] -- Up-to-date: /home/darsh/UR3_ROS2_PICK_AND_PLACE_random_name/install/ur_interfaces/include/ur_interfaces/ur_interfaces/srv/detail/get_planning_scene__type_support.hpp
[2.029s] -- Up-to-date: /home/darsh/UR3_ROS2_PICK_AND_PLACE_random_name/install/ur_interfaces/include/ur_interfaces/ur_interfaces/srv/detail/get_planning_scene__traits.hpp
[2.029s] -- Up-to-date: /home/darsh/UR3_ROS2_PICK_AND_PLACE_random_name/install/ur_interfaces/include/ur_interfaces/ur_interfaces/srv/detail/get_planning_scene__struct.hpp
[2.029s] -- Up-to-date: /home/darsh/UR3_ROS2_PICK_AND_PLACE_random_name/install/ur_interfaces/include/ur_interfaces/ur_interfaces/srv/detail/get_planning_scene__builder.hpp
[2.029s] -- Up-to-date: /home/darsh/UR3_ROS2_PICK_AND_PLACE_random_name/install/ur_interfaces/include/ur_interfaces/ur_interfaces/msg
[2.030s] -- Up-to-date: /home/darsh/UR3_ROS2_PICK_AND_PLACE_random_name/install/ur_interfaces/include/ur_interfaces/ur_interfaces/msg/rosidl_generator_cpp__visibility_control.hpp
[2.030s] -- Up-to-date: /home/darsh/UR3_ROS2_PICK_AND_PLACE_random_name/install/ur_interfaces/include/ur_interfaces/ur_interfaces
[2.030s] -- Up-to-date: /home/darsh/UR3_ROS2_PICK_AND_PLACE_random_name/install/ur_interfaces/include/ur_interfaces/ur_interfaces/srv
[2.030s] -- Up-to-date: /home/darsh/UR3_ROS2_PICK_AND_PLACE_random_name/install/ur_interfaces/include/ur_interfaces/ur_interfaces/srv/detail
[2.031s] -- Up-to-date: /home/darsh/UR3_ROS2_PICK_AND_PLACE_random_name/install/ur_interfaces/include/ur_interfaces/ur_interfaces/srv/detail/get_planning_scene__rosidl_typesupport_fastrtps_cpp.hpp
[2.031s] -- Up-to-date: /home/darsh/UR3_ROS2_PICK_AND_PLACE_random_name/install/ur_interfaces/include/ur_interfaces/ur_interfaces/srv/detail/dds_fastrtps
[2.031s] -- Up-to-date: /home/darsh/UR3_ROS2_PICK_AND_PLACE_random_name/install/ur_interfaces/include/ur_interfaces/ur_interfaces/msg
[2.031s] -- Up-to-date: /home/darsh/UR3_ROS2_PICK_AND_PLACE_random_name/install/ur_interfaces/include/ur_interfaces/ur_interfaces/msg/rosidl_typesupport_fastrtps_cpp__visibility_control.h
[2.031s] -- Up-to-date: /home/darsh/UR3_ROS2_PICK_AND_PLACE_random_name/install/ur_interfaces/lib/libur_interfaces__rosidl_typesupport_fastrtps_cpp.so
[2.031s] -- Up-to-date: /home/darsh/UR3_ROS2_PICK_AND_PLACE_random_name/install/ur_interfaces/include/ur_interfaces/ur_interfaces
[2.031s] -- Up-to-date: /home/darsh/UR3_ROS2_PICK_AND_PLACE_random_name/install/ur_interfaces/include/ur_interfaces/ur_interfaces/srv
[2.031s] -- Up-to-date: /home/darsh/UR3_ROS2_PICK_AND_PLACE_random_name/install/ur_interfaces/include/ur_interfaces/ur_interfaces/srv/detail
[2.032s] -- Up-to-date: /home/darsh/UR3_ROS2_PICK_AND_PLACE_random_name/install/ur_interfaces/include/ur_interfaces/ur_interfaces/srv/detail/get_planning_scene__type_support.cpp
[2.032s] -- Up-to-date: /home/darsh/UR3_ROS2_PICK_AND_PLACE_random_name/install/ur_interfaces/include/ur_interfaces/ur_interfaces/srv/detail/get_planning_scene__rosidl_typesupport_introspection_cpp.hpp
[2.032s] -- Up-to-date: /home/darsh/UR3_ROS2_PICK_AND_PLACE_random_name/install/ur_interfaces/lib/libur_interfaces__rosidl_typesupport_introspection_cpp.so
[2.032s] -- Up-to-date: /home/darsh/UR3_ROS2_PICK_AND_PLACE_random_name/install/ur_interfaces/lib/libur_interfaces__rosidl_typesupport_cpp.so
[2.032s] -- Up-to-date: /home/darsh/UR3_ROS2_PICK_AND_PLACE_random_name/install/ur_interfaces/share/ur_interfaces/environment/pythonpath.sh
[2.032s] -- Up-to-date: /home/darsh/UR3_ROS2_PICK_AND_PLACE_random_name/install/ur_interfaces/share/ur_interfaces/environment/pythonpath.dsv
[2.032s] -- Up-to-date: /home/darsh/UR3_ROS2_PICK_AND_PLACE_random_name/install/ur_interfaces/lib/python3.12/site-packages/ur_interfaces-0.0.0-py3.12.egg-info
[2.032s] -- Installing: /home/darsh/UR3_ROS2_PICK_AND_PLACE_random_name/install/ur_interfaces/lib/python3.12/site-packages/ur_interfaces-0.0.0-py3.12.egg-info/dependency_links.txt
[2.032s] -- Installing: /home/darsh/UR3_ROS2_PICK_AND_PLACE_random_name/install/ur_interfaces/lib/python3.12/site-packages/ur_interfaces-0.0.0-py3.12.egg-info/top_level.txt
[2.032s] -- Installing: /home/darsh/UR3_ROS2_PICK_AND_PLACE_random_name/install/ur_interfaces/lib/python3.12/site-packages/ur_interfaces-0.0.0-py3.12.egg-info/SOURCES.txt
[2.033s] -- Installing: /home/darsh/UR3_ROS2_PICK_AND_PLACE_random_name/install/ur_interfaces/lib/python3.12/site-packages/ur_interfaces-0.0.0-py3.12.egg-info/PKG-INFO
[2.033s] -- Up-to-date: /home/darsh/UR3_ROS2_PICK_AND_PLACE_random_name/install/ur_interfaces/lib/python3.12/site-packages/ur_interfaces
[2.033s] -- Up-to-date: /home/darsh/UR3_ROS2_PICK_AND_PLACE_random_name/install/ur_interfaces/lib/python3.12/site-packages/ur_interfaces/_ur_interfaces_s.ep.rosidl_typesupport_fastrtps_c.c
[2.033s] -- Up-to-date: /home/darsh/UR3_ROS2_PICK_AND_PLACE_random_name/install/ur_interfaces/lib/python3.12/site-packages/ur_interfaces/srv
[2.033s] -- Up-to-date: /home/darsh/UR3_ROS2_PICK_AND_PLACE_random_name/install/ur_interfaces/lib/python3.12/site-packages/ur_interfaces/srv/_get_planning_scene.py
[2.033s] -- Up-to-date: /home/darsh/UR3_ROS2_PICK_AND_PLACE_random_name/install/ur_interfaces/lib/python3.12/site-packages/ur_interfaces/srv/__init__.py
[2.033s] -- Up-to-date: /home/darsh/UR3_ROS2_PICK_AND_PLACE_random_name/install/ur_interfaces/lib/python3.12/site-packages/ur_interfaces/srv/_get_planning_scene_s.c
[2.033s] -- Up-to-date: /home/darsh/UR3_ROS2_PICK_AND_PLACE_random_name/install/ur_interfaces/lib/python3.12/site-packages/ur_interfaces/ur_interfaces_s__rosidl_typesupport_introspection_c.so
[2.033s] -- Up-to-date: /home/darsh/UR3_ROS2_PICK_AND_PLACE_random_name/install/ur_interfaces/lib/python3.12/site-packages/ur_interfaces/_ur_interfaces_s.ep.rosidl_typesupport_c.c
[2.034s] -- Up-to-date: /home/darsh/UR3_ROS2_PICK_AND_PLACE_random_name/install/ur_interfaces/lib/python3.12/site-packages/ur_interfaces/_ur_interfaces_s.ep.rosidl_typesupport_introspection_c.c
[2.034s] -- Up-to-date: /home/darsh/UR3_ROS2_PICK_AND_PLACE_random_name/install/ur_interfaces/lib/python3.12/site-packages/ur_interfaces/ur_interfaces_s__rosidl_typesupport_c.so
[2.034s] -- Up-to-date: /home/darsh/UR3_ROS2_PICK_AND_PLACE_random_name/install/ur_interfaces/lib/python3.12/site-packages/ur_interfaces/__init__.py
[2.034s] -- Up-to-date: /home/darsh/UR3_ROS2_PICK_AND_PLACE_random_name/install/ur_interfaces/lib/python3.12/site-packages/ur_interfaces/ur_interfaces_s__rosidl_typesupport_fastrtps_c.so
[2.101s] Listing '/home/darsh/UR3_ROS2_PICK_AND_PLACE_random_name/install/ur_interfaces/lib/python3.12/site-packages/ur_interfaces'...
[2.101s] Listing '/home/darsh/UR3_ROS2_PICK_AND_PLACE_random_name/install/ur_interfaces/lib/python3.12/site-packages/ur_interfaces/srv'...
[2.117s] -- Up-to-date: /home/darsh/UR3_ROS2_PICK_AND_PLACE_random_name/install/ur_interfaces/lib/python3.12/site-packages/ur_interfaces/ur_interfaces_s__rosidl_typesupport_fastrtps_c.so
[2.117s] -- Up-to-date: /home/darsh/UR3_ROS2_PICK_AND_PLACE_random_name/install/ur_interfaces/lib/python3.12/site-packages/ur_interfaces/ur_interfaces_s__rosidl_typesupport_introspection_c.so
[2.117s] -- Up-to-date: /home/darsh/UR3_ROS2_PICK_AND_PLACE_random_name/install/ur_interfaces/lib/python3.12/site-packages/ur_interfaces/ur_interfaces_s__rosidl_typesupport_c.so
[2.117s] -- Up-to-date: /home/darsh/UR3_ROS2_PICK_AND_PLACE_random_name/install/ur_interfaces/lib/libur_interfaces__rosidl_generator_py.so
[2.117s] -- Up-to-date: /home/darsh/UR3_ROS2_PICK_AND_PLACE_random_name/install/ur_interfaces/share/ur_interfaces/srv/GetPlanningScene.idl
[2.117s] -- Up-to-date: /home/darsh/UR3_ROS2_PICK_AND_PLACE_random_name/install/ur_interfaces/share/ur_interfaces/srv/GetPlanningScene.srv
[2.117s] -- Up-to-date: /home/darsh/UR3_ROS2_PICK_AND_PLACE_random_name/install/ur_interfaces/share/ament_index/resource_index/package_run_dependencies/ur_interfaces
[2.118s] -- Up-to-date: /home/darsh/UR3_ROS2_PICK_AND_PLACE_random_name/install/ur_interfaces/share/ament_index/resource_index/parent_prefix_path/ur_interfaces
[2.118s] -- Up-to-date: /home/darsh/UR3_ROS2_PICK_AND_PLACE_random_name/install/ur_interfaces/share/ur_interfaces/environment/ament_prefix_path.sh
[2.118s] -- Up-to-date: /home/darsh/UR3_ROS2_PICK_AND_PLACE_random_name/install/ur_interfaces/share/ur_interfaces/environment/ament_prefix_path.dsv
[2.118s] -- Up-to-date: /home/darsh/UR3_ROS2_PICK_AND_PLACE_random_name/install/ur_interfaces/share/ur_interfaces/environment/path.sh
[2.118s] -- Up-to-date: /home/darsh/UR3_ROS2_PICK_AND_PLACE_random_name/install/ur_interfaces/share/ur_interfaces/environment/path.dsv
[2.118s] -- Up-to-date: /home/darsh/UR3_ROS2_PICK_AND_PLACE_random_name/install/ur_interfaces/share/ur_interfaces/local_setup.bash
[2.118s] -- Up-to-date: /home/darsh/UR3_ROS2_PICK_AND_PLACE_random_name/install/ur_interfaces/share/ur_interfaces/local_setup.sh
[2.118s] -- Up-to-date: /home/darsh/UR3_ROS2_PICK_AND_PLACE_random_name/install/ur_interfaces/share/ur_interfaces/local_setup.zsh
[2.118s] -- Up-to-date: /home/darsh/UR3_ROS2_PICK_AND_PLACE_random_name/install/ur_interfaces/share/ur_interfaces/local_setup.dsv
[2.118s] -- Installing: /home/darsh/UR3_ROS2_PICK_AND_PLACE_random_name/install/ur_interfaces/share/ur_interfaces/package.dsv
[2.119s] -- Up-to-date: /home/darsh/UR3_ROS2_PICK_AND_PLACE_random_name/install/ur_interfaces/share/ament_index/resource_index/packages/ur_interfaces
[2.119s] -- Up-to-date: /home/darsh/UR3_ROS2_PICK_AND_PLACE_random_name/install/ur_interfaces/share/ur_interfaces/cmake/export_ur_interfaces__rosidl_generator_cExport.cmake
[2.119s] -- Up-to-date: /home/darsh/UR3_ROS2_PICK_AND_PLACE_random_name/install/ur_interfaces/share/ur_interfaces/cmake/export_ur_interfaces__rosidl_generator_cExport-noconfig.cmake
[2.119s] -- Up-to-date: /home/darsh/UR3_ROS2_PICK_AND_PLACE_random_name/install/ur_interfaces/share/ur_interfaces/cmake/export_ur_interfaces__rosidl_typesupport_fastrtps_cExport.cmake
[2.119s] -- Up-to-date: /home/darsh/UR3_ROS2_PICK_AND_PLACE_random_name/install/ur_interfaces/share/ur_interfaces/cmake/export_ur_interfaces__rosidl_typesupport_fastrtps_cExport-noconfig.cmake
[2.119s] -- Up-to-date: /home/darsh/UR3_ROS2_PICK_AND_PLACE_random_name/install/ur_interfaces/share/ur_interfaces/cmake/ur_interfaces__rosidl_typesupport_introspection_cExport.cmake
[2.119s] -- Up-to-date: /home/darsh/UR3_ROS2_PICK_AND_PLACE_random_name/install/ur_interfaces/share/ur_interfaces/cmake/ur_interfaces__rosidl_typesupport_introspection_cExport-noconfig.cmake
[2.119s] -- Up-to-date: /home/darsh/UR3_ROS2_PICK_AND_PLACE_random_name/install/ur_interfaces/share/ur_interfaces/cmake/ur_interfaces__rosidl_typesupport_cExport.cmake
[2.120s] -- Up-to-date: /home/darsh/UR3_ROS2_PICK_AND_PLACE_random_name/install/ur_interfaces/share/ur_interfaces/cmake/ur_interfaces__rosidl_typesupport_cExport-noconfig.cmake
[2.120s] -- Up-to-date: /home/darsh/UR3_ROS2_PICK_AND_PLACE_random_name/install/ur_interfaces/share/ur_interfaces/cmake/export_ur_interfaces__rosidl_generator_cppExport.cmake
[2.127s] -- Up-to-date: /home/darsh/UR3_ROS2_PICK_AND_PLACE_random_name/install/ur_interfaces/share/ur_interfaces/cmake/export_ur_interfaces__rosidl_typesupport_fastrtps_cppExport.cmake
[2.127s] -- Up-to-date: /home/darsh/UR3_ROS2_PICK_AND_PLACE_random_name/install/ur_interfaces/share/ur_interfaces/cmake/export_ur_interfaces__rosidl_typesupport_fastrtps_cppExport-noconfig.cmake
[2.127s] -- Up-to-date: /home/darsh/UR3_ROS2_PICK_AND_PLACE_random_name/install/ur_interfaces/share/ur_interfaces/cmake/ur_interfaces__rosidl_typesupport_introspection_cppExport.cmake
[2.127s] -- Up-to-date: /home/darsh/UR3_ROS2_PICK_AND_PLACE_random_name/install/ur_interfaces/share/ur_interfaces/cmake/ur_interfaces__rosidl_typesupport_introspection_cppExport-noconfig.cmake
[2.127s] -- Up-to-date: /home/darsh/UR3_ROS2_PICK_AND_PLACE_random_name/install/ur_interfaces/share/ur_interfaces/cmake/ur_interfaces__rosidl_typesupport_cppExport.cmake
[2.127s] -- Up-to-date: /home/darsh/UR3_ROS2_PICK_AND_PLACE_random_name/install/ur_interfaces/share/ur_interfaces/cmake/ur_interfaces__rosidl_typesupport_cppExport-noconfig.cmake
[2.127s] -- Up-to-date: /home/darsh/UR3_ROS2_PICK_AND_PLACE_random_name/install/ur_interfaces/share/ur_interfaces/cmake/export_ur_interfaces__rosidl_generator_pyExport.cmake
[2.127s] -- Up-to-date: /home/darsh/UR3_ROS2_PICK_AND_PLACE_random_name/install/ur_interfaces/share/ur_interfaces/cmake/export_ur_interfaces__rosidl_generator_pyExport-noconfig.cmake
[2.128s] -- Up-to-date: /home/darsh/UR3_ROS2_PICK_AND_PLACE_random_name/install/ur_interfaces/share/ur_interfaces/cmake/rosidl_cmake-extras.cmake
[2.128s] -- Up-to-date: /home/darsh/UR3_ROS2_PICK_AND_PLACE_random_name/install/ur_interfaces/share/ur_interfaces/cmake/ament_cmake_export_dependencies-extras.cmake
[2.128s] -- Up-to-date: /home/darsh/UR3_ROS2_PICK_AND_PLACE_random_name/install/ur_interfaces/share/ur_interfaces/cmake/ament_cmake_export_include_directories-extras.cmake
[2.128s] -- Up-to-date: /home/darsh/UR3_ROS2_PICK_AND_PLACE_random_name/install/ur_interfaces/share/ur_interfaces/cmake/ament_cmake_export_libraries-extras.cmake
[2.129s] -- Up-to-date: /home/darsh/UR3_ROS2_PICK_AND_PLACE_random_name/install/ur_interfaces/share/ur_interfaces/cmake/ament_cmake_export_targets-extras.cmake
[2.129s] -- Up-to-date: /home/darsh/UR3_ROS2_PICK_AND_PLACE_random_name/install/ur_interfaces/share/ur_interfaces/cmake/rosidl_cmake_export_typesupport_targets-extras.cmake
[2.129s] -- Up-to-date: /home/darsh/UR3_ROS2_PICK_AND_PLACE_random_name/install/ur_interfaces/share/ur_interfaces/cmake/rosidl_cmake_export_typesupport_libraries-extras.cmake
[2.129s] -- Up-to-date: /home/darsh/UR3_ROS2_PICK_AND_PLACE_random_name/install/ur_interfaces/share/ur_interfaces/cmake/ur_interfacesConfig.cmake
[2.129s] -- Up-to-date: /home/darsh/UR3_ROS2_PICK_AND_PLACE_random_name/install/ur_interfaces/share/ur_interfaces/cmake/ur_interfacesConfig-version.cmake
[2.129s] -- Up-to-date: /home/darsh/UR3_ROS2_PICK_AND_PLACE_random_name/install/ur_interfaces/share/ur_interfaces/package.xml
[2.130s] Invoked command in '/home/darsh/UR3_ROS2_PICK_AND_PLACE_random_name/build/ur_interfaces' returned '0': CMAKE_PREFIX_PATH=${CMAKE_PREFIX_PATH}:/opt/ros/jazzy /usr/bin/cmake --install /home/darsh/UR3_ROS2_PICK_AND_PLACE_random_name/build/ur_interfaces
