[0.329s] Invoking command in '/home/darsh/UR3_ROS2_PICK_AND_PLACE_random_name/build/moveit_task_constructor_core': AMENT_PREFIX_PATH=/home/darsh/UR3_ROS2_PICK_AND_PLACE_random_name/install/rviz_marker_tools:/home/darsh/UR3_ROS2_PICK_AND_PLACE_random_name/install/moveit_task_constructor_msgs:${AMENT_PREFIX_PATH} CMAKE_PREFIX_PATH=/home/darsh/UR3_ROS2_PICK_AND_PLACE_random_name/install/rviz_marker_tools:/home/darsh/UR3_ROS2_PICK_AND_PLACE_random_name/install/moveit_task_constructor_msgs:/home/darsh/UR3_ROS2_PICK_AND_PLACE/install/moveit_config:/home/darsh/UR3_ROS2_PICK_AND_PLACE/install/warehouse_ros_mongo:/home/darsh/UR3_ROS2_PICK_AND_PLACE/install/ur_mtc_pick_place_demo:/home/darsh/UR3_ROS2_PICK_AND_PLACE/install/ur_moveit_demos:/home/darsh/UR3_ROS2_PICK_AND_PLACE/install/ur_interfaces:/home/darsh/UR3_ROS2_PICK_AND_PLACE/install/ur_gazebo:/home/darsh/UR3_ROS2_PICK_AND_PLACE/install/ur_description:/home/darsh/UR3_ROS2_PICK_AND_PLACE/install/moveit_task_constructor_visualization:/home/darsh/UR3_ROS2_PICK_AND_PLACE/install/moveit_task_constructor_demo:/home/darsh/UR3_ROS2_PICK_AND_PLACE/install/moveit_task_constructor_capabilities:/home/darsh/UR3_ROS2_PICK_AND_PLACE/install/moveit_task_constructor_core:/home/darsh/UR3_ROS2_PICK_AND_PLACE/install/rviz_marker_tools:/home/darsh/UR3_ROS2_PICK_AND_PLACE/install/robotiq_2f_85_gripper_visualization:/home/darsh/UR3_ROS2_PICK_AND_PLACE/install/moveit_task_constructor_msgs:/opt/ros/jazzy/opt/gz_sim_vendor:/opt/ros/jazzy/opt/gz_sensors_vendor:/opt/ros/jazzy/opt/gz_physics_vendor:/opt/ros/jazzy/opt/sdformat_vendor:/opt/ros/jazzy/opt/gz_gui_vendor:/opt/ros/jazzy/opt/gz_transport_vendor:/opt/ros/jazzy/opt/gz_rendering_vendor:/opt/ros/jazzy/opt/gz_plugin_vendor:/opt/ros/jazzy/opt/gz_fuel_tools_vendor:/opt/ros/jazzy/opt/gz_msgs_vendor:/opt/ros/jazzy/opt/gz_common_vendor:/opt/ros/jazzy/opt/gz_math_vendor:/opt/ros/jazzy/opt/gz_utils_vendor:/opt/ros/jazzy/opt/gz_tools_vendor:/opt/ros/jazzy/opt/gz_ogre_next_vendor:/opt/ros/jazzy/opt/gz_dartsim_vendor:/opt/ros/jazzy/opt/gz_cmake_vendor:/opt/ros/jazzy LD_LIBRARY_PATH=/home/darsh/UR3_ROS2_PICK_AND_PLACE_random_name/install/rviz_marker_tools/lib:/home/darsh/UR3_ROS2_PICK_AND_PLACE_random_name/install/moveit_task_constructor_msgs/lib:${LD_LIBRARY_PATH} PYTHONPATH=/home/darsh/UR3_ROS2_PICK_AND_PLACE_random_name/install/moveit_task_constructor_msgs/lib/python3.12/site-packages:${PYTHONPATH} /usr/bin/cmake --build /home/darsh/UR3_ROS2_PICK_AND_PLACE_random_name/build/moveit_task_constructor_core -- -j4 -l4
[0.441s] [  2%] Built target gtest_main
[0.442s] [  5%] Built target gmock
[0.449s] [  5%] Built target ament_cmake_python_copy_moveit
[0.498s] [  8%] Built target gtest
[0.501s] [ 10%] Built target gmock_main
[0.533s] [ 28%] Built target moveit_task_constructor_core
[0.621s] [ 33%] Built target gtest_utils
[0.682s] [ 54%] Built target moveit_task_constructor_core_stages
[0.743s] [ 56%] Built target moveit_task_constructor_core-test-mockups
[0.755s] [ 58%] Built target moveit_task_constructor_core_stage_plugins
[0.798s] [ 65%] Built target pymoveit_mtc
[0.826s] [ 67%] Built target moveit_task_constructor_core-test-container
[0.827s] [ 70%] Built target moveit_task_constructor_core-test-stage
[0.872s] [ 72%] Built target moveit_task_constructor_core-test-serial
[0.898s] [ 74%] Built target moveit_task_constructor_core-test-properties
[0.905s] [ 77%] Built target moveit_task_constructor_core-test-pruning
[0.909s] running egg_info
[0.941s] writing moveit.egg-info/PKG-INFO
[0.942s] writing dependency_links to moveit.egg-info/dependency_links.txt
[0.943s] [ 79%] Built target moveit_task_constructor_core-test-cost-terms
[0.944s] writing top-level names to moveit.egg-info/top_level.txt
[0.963s] [ 81%] Built target moveit_task_constructor_core-test-cost-queue
[0.965s] [ 83%] Built target moveit_task_constructor_core-test-fallback
[0.997s] [ 86%] Built target moveit_task_constructor_core-test-interface-state
[1.023s] [ 88%] Built target moveit_task_constructor_core-test-move-to
[1.041s] reading manifest file 'moveit.egg-info/SOURCES.txt'
[1.042s] [ 90%] Built target moveit_task_constructor_core-test-move-relative
[1.042s] writing manifest file 'moveit.egg-info/SOURCES.txt'
[1.060s] [ 93%] Built target moveit_task_constructor_core-test-pipeline-planner
[1.082s] [ 93%] Built target ament_cmake_python_build_moveit_egg
[1.088s] [ 95%] Built target pick_ur5
[1.091s] [ 97%] Built target pick_pr2
[1.112s] [100%] Built target pick_pa10
[1.125s] Invoked command in '/home/darsh/UR3_ROS2_PICK_AND_PLACE_random_name/build/moveit_task_constructor_core' returned '0': AMENT_PREFIX_PATH=/home/darsh/UR3_ROS2_PICK_AND_PLACE_random_name/install/rviz_marker_tools:/home/darsh/UR3_ROS2_PICK_AND_PLACE_random_name/install/moveit_task_constructor_msgs:${AMENT_PREFIX_PATH} CMAKE_PREFIX_PATH=/home/darsh/UR3_ROS2_PICK_AND_PLACE_random_name/install/rviz_marker_tools:/home/darsh/UR3_ROS2_PICK_AND_PLACE_random_name/install/moveit_task_constructor_msgs:/home/darsh/UR3_ROS2_PICK_AND_PLACE/install/moveit_config:/home/darsh/UR3_ROS2_PICK_AND_PLACE/install/warehouse_ros_mongo:/home/darsh/UR3_ROS2_PICK_AND_PLACE/install/ur_mtc_pick_place_demo:/home/darsh/UR3_ROS2_PICK_AND_PLACE/install/ur_moveit_demos:/home/darsh/UR3_ROS2_PICK_AND_PLACE/install/ur_interfaces:/home/darsh/UR3_ROS2_PICK_AND_PLACE/install/ur_gazebo:/home/darsh/UR3_ROS2_PICK_AND_PLACE/install/ur_description:/home/darsh/UR3_ROS2_PICK_AND_PLACE/install/moveit_task_constructor_visualization:/home/darsh/UR3_ROS2_PICK_AND_PLACE/install/moveit_task_constructor_demo:/home/darsh/UR3_ROS2_PICK_AND_PLACE/install/moveit_task_constructor_capabilities:/home/darsh/UR3_ROS2_PICK_AND_PLACE/install/moveit_task_constructor_core:/home/darsh/UR3_ROS2_PICK_AND_PLACE/install/rviz_marker_tools:/home/darsh/UR3_ROS2_PICK_AND_PLACE/install/robotiq_2f_85_gripper_visualization:/home/darsh/UR3_ROS2_PICK_AND_PLACE/install/moveit_task_constructor_msgs:/opt/ros/jazzy/opt/gz_sim_vendor:/opt/ros/jazzy/opt/gz_sensors_vendor:/opt/ros/jazzy/opt/gz_physics_vendor:/opt/ros/jazzy/opt/sdformat_vendor:/opt/ros/jazzy/opt/gz_gui_vendor:/opt/ros/jazzy/opt/gz_transport_vendor:/opt/ros/jazzy/opt/gz_rendering_vendor:/opt/ros/jazzy/opt/gz_plugin_vendor:/opt/ros/jazzy/opt/gz_fuel_tools_vendor:/opt/ros/jazzy/opt/gz_msgs_vendor:/opt/ros/jazzy/opt/gz_common_vendor:/opt/ros/jazzy/opt/gz_math_vendor:/opt/ros/jazzy/opt/gz_utils_vendor:/opt/ros/jazzy/opt/gz_tools_vendor:/opt/ros/jazzy/opt/gz_ogre_next_vendor:/opt/ros/jazzy/opt/gz_dartsim_vendor:/opt/ros/jazzy/opt/gz_cmake_vendor:/opt/ros/jazzy LD_LIBRARY_PATH=/home/darsh/UR3_ROS2_PICK_AND_PLACE_random_name/install/rviz_marker_tools/lib:/home/darsh/UR3_ROS2_PICK_AND_PLACE_random_name/install/moveit_task_constructor_msgs/lib:${LD_LIBRARY_PATH} PYTHONPATH=/home/darsh/UR3_ROS2_PICK_AND_PLACE_random_name/install/moveit_task_constructor_msgs/lib/python3.12/site-packages:${PYTHONPATH} /usr/bin/cmake --build /home/darsh/UR3_ROS2_PICK_AND_PLACE_random_name/build/moveit_task_constructor_core -- -j4 -l4
[1.127s] Invoking command in '/home/darsh/UR3_ROS2_PICK_AND_PLACE_random_name/build/moveit_task_constructor_core': AMENT_PREFIX_PATH=/home/darsh/UR3_ROS2_PICK_AND_PLACE_random_name/install/rviz_marker_tools:/home/darsh/UR3_ROS2_PICK_AND_PLACE_random_name/install/moveit_task_constructor_msgs:${AMENT_PREFIX_PATH} CMAKE_PREFIX_PATH=/home/darsh/UR3_ROS2_PICK_AND_PLACE_random_name/install/rviz_marker_tools:/home/darsh/UR3_ROS2_PICK_AND_PLACE_random_name/install/moveit_task_constructor_msgs:/home/darsh/UR3_ROS2_PICK_AND_PLACE/install/moveit_config:/home/darsh/UR3_ROS2_PICK_AND_PLACE/install/warehouse_ros_mongo:/home/darsh/UR3_ROS2_PICK_AND_PLACE/install/ur_mtc_pick_place_demo:/home/darsh/UR3_ROS2_PICK_AND_PLACE/install/ur_moveit_demos:/home/darsh/UR3_ROS2_PICK_AND_PLACE/install/ur_interfaces:/home/darsh/UR3_ROS2_PICK_AND_PLACE/install/ur_gazebo:/home/darsh/UR3_ROS2_PICK_AND_PLACE/install/ur_description:/home/darsh/UR3_ROS2_PICK_AND_PLACE/install/moveit_task_constructor_visualization:/home/darsh/UR3_ROS2_PICK_AND_PLACE/install/moveit_task_constructor_demo:/home/darsh/UR3_ROS2_PICK_AND_PLACE/install/moveit_task_constructor_capabilities:/home/darsh/UR3_ROS2_PICK_AND_PLACE/install/moveit_task_constructor_core:/home/darsh/UR3_ROS2_PICK_AND_PLACE/install/rviz_marker_tools:/home/darsh/UR3_ROS2_PICK_AND_PLACE/install/robotiq_2f_85_gripper_visualization:/home/darsh/UR3_ROS2_PICK_AND_PLACE/install/moveit_task_constructor_msgs:/opt/ros/jazzy/opt/gz_sim_vendor:/opt/ros/jazzy/opt/gz_sensors_vendor:/opt/ros/jazzy/opt/gz_physics_vendor:/opt/ros/jazzy/opt/sdformat_vendor:/opt/ros/jazzy/opt/gz_gui_vendor:/opt/ros/jazzy/opt/gz_transport_vendor:/opt/ros/jazzy/opt/gz_rendering_vendor:/opt/ros/jazzy/opt/gz_plugin_vendor:/opt/ros/jazzy/opt/gz_fuel_tools_vendor:/opt/ros/jazzy/opt/gz_msgs_vendor:/opt/ros/jazzy/opt/gz_common_vendor:/opt/ros/jazzy/opt/gz_math_vendor:/opt/ros/jazzy/opt/gz_utils_vendor:/opt/ros/jazzy/opt/gz_tools_vendor:/opt/ros/jazzy/opt/gz_ogre_next_vendor:/opt/ros/jazzy/opt/gz_dartsim_vendor:/opt/ros/jazzy/opt/gz_cmake_vendor:/opt/ros/jazzy LD_LIBRARY_PATH=/home/darsh/UR3_ROS2_PICK_AND_PLACE_random_name/install/rviz_marker_tools/lib:/home/darsh/UR3_ROS2_PICK_AND_PLACE_random_name/install/moveit_task_constructor_msgs/lib:${LD_LIBRARY_PATH} PYTHONPATH=/home/darsh/UR3_ROS2_PICK_AND_PLACE_random_name/install/moveit_task_constructor_msgs/lib/python3.12/site-packages:${PYTHONPATH} /usr/bin/cmake --install /home/darsh/UR3_ROS2_PICK_AND_PLACE_random_name/build/moveit_task_constructor_core
[1.136s] -- Install configuration: "Release"
[1.136s] -- Up-to-date: /home/darsh/UR3_ROS2_PICK_AND_PLACE_random_name/install/moveit_task_constructor_core/lib/libmoveit_task_constructor_core_stages.so
[1.137s] -- Up-to-date: /home/darsh/UR3_ROS2_PICK_AND_PLACE_random_name/install/moveit_task_constructor_core/lib/libmoveit_task_constructor_core_stage_plugins.so
[1.137s] -- Up-to-date: /home/darsh/UR3_ROS2_PICK_AND_PLACE_random_name/install/moveit_task_constructor_core/lib/libmoveit_task_constructor_core.so
[1.137s] -- Up-to-date: /home/darsh/UR3_ROS2_PICK_AND_PLACE_random_name/install/moveit_task_constructor_core/share/moveit_task_constructor_core/environment/pythonpath.sh
[1.137s] -- Up-to-date: /home/darsh/UR3_ROS2_PICK_AND_PLACE_random_name/install/moveit_task_constructor_core/share/moveit_task_constructor_core/environment/pythonpath.dsv
[1.137s] -- Up-to-date: /home/darsh/UR3_ROS2_PICK_AND_PLACE_random_name/install/moveit_task_constructor_core/lib/python3.12/site-packages/moveit-0.1.3-py3.12.egg-info
[1.137s] -- Installing: /home/darsh/UR3_ROS2_PICK_AND_PLACE_random_name/install/moveit_task_constructor_core/lib/python3.12/site-packages/moveit-0.1.3-py3.12.egg-info/dependency_links.txt
[1.138s] -- Installing: /home/darsh/UR3_ROS2_PICK_AND_PLACE_random_name/install/moveit_task_constructor_core/lib/python3.12/site-packages/moveit-0.1.3-py3.12.egg-info/top_level.txt
[1.138s] -- Installing: /home/darsh/UR3_ROS2_PICK_AND_PLACE_random_name/install/moveit_task_constructor_core/lib/python3.12/site-packages/moveit-0.1.3-py3.12.egg-info/SOURCES.txt
[1.138s] -- Installing: /home/darsh/UR3_ROS2_PICK_AND_PLACE_random_name/install/moveit_task_constructor_core/lib/python3.12/site-packages/moveit-0.1.3-py3.12.egg-info/PKG-INFO
[1.138s] -- Up-to-date: /home/darsh/UR3_ROS2_PICK_AND_PLACE_random_name/install/moveit_task_constructor_core/lib/python3.12/site-packages/moveit
[1.138s] -- Up-to-date: /home/darsh/UR3_ROS2_PICK_AND_PLACE_random_name/install/moveit_task_constructor_core/lib/python3.12/site-packages/moveit/task_constructor
[1.139s] -- Up-to-date: /home/darsh/UR3_ROS2_PICK_AND_PLACE_random_name/install/moveit_task_constructor_core/lib/python3.12/site-packages/moveit/task_constructor/stages.py
[1.139s] -- Up-to-date: /home/darsh/UR3_ROS2_PICK_AND_PLACE_random_name/install/moveit_task_constructor_core/lib/python3.12/site-packages/moveit/task_constructor/core.py
[1.139s] -- Up-to-date: /home/darsh/UR3_ROS2_PICK_AND_PLACE_random_name/install/moveit_task_constructor_core/lib/python3.12/site-packages/moveit/task_constructor/__init__.py
[1.139s] -- Up-to-date: /home/darsh/UR3_ROS2_PICK_AND_PLACE_random_name/install/moveit_task_constructor_core/lib/python3.12/site-packages/moveit/__init__.py
[1.179s] Listing '/home/darsh/UR3_ROS2_PICK_AND_PLACE_random_name/install/moveit_task_constructor_core/lib/python3.12/site-packages/moveit'...
[1.179s] Listing '/home/darsh/UR3_ROS2_PICK_AND_PLACE_random_name/install/moveit_task_constructor_core/lib/python3.12/site-packages/moveit/task_constructor'...
[1.186s] -- Up-to-date: /home/darsh/UR3_ROS2_PICK_AND_PLACE_random_name/install/moveit_task_constructor_core/include/moveit/python/pybind11
[1.186s] -- Up-to-date: /home/darsh/UR3_ROS2_PICK_AND_PLACE_random_name/install/moveit_task_constructor_core/include/moveit/python/pybind11/stl
[1.186s] -- Up-to-date: /home/darsh/UR3_ROS2_PICK_AND_PLACE_random_name/install/moveit_task_constructor_core/include/moveit/python/pybind11/stl/filesystem.h
[1.187s] -- Up-to-date: /home/darsh/UR3_ROS2_PICK_AND_PLACE_random_name/install/moveit_task_constructor_core/include/moveit/python/pybind11/buffer_info.h
[1.187s] -- Up-to-date: /home/darsh/UR3_ROS2_PICK_AND_PLACE_random_name/install/moveit_task_constructor_core/include/moveit/python/pybind11/pybind11.h
[1.187s] -- Up-to-date: /home/darsh/UR3_ROS2_PICK_AND_PLACE_random_name/install/moveit_task_constructor_core/include/moveit/python/pybind11/stl.h
[1.187s] -- Up-to-date: /home/darsh/UR3_ROS2_PICK_AND_PLACE_random_name/install/moveit_task_constructor_core/include/moveit/python/pybind11/embed.h
[1.187s] -- Up-to-date: /home/darsh/UR3_ROS2_PICK_AND_PLACE_random_name/install/moveit_task_constructor_core/include/moveit/python/pybind11/smart_holder.h
[1.187s] -- Up-to-date: /home/darsh/UR3_ROS2_PICK_AND_PLACE_random_name/install/moveit_task_constructor_core/include/moveit/python/pybind11/functional.h
[1.187s] -- Up-to-date: /home/darsh/UR3_ROS2_PICK_AND_PLACE_random_name/install/moveit_task_constructor_core/include/moveit/python/pybind11/typing.h
[1.187s] -- Up-to-date: /home/darsh/UR3_ROS2_PICK_AND_PLACE_random_name/install/moveit_task_constructor_core/include/moveit/python/pybind11/numpy.h
[1.187s] -- Up-to-date: /home/darsh/UR3_ROS2_PICK_AND_PLACE_random_name/install/moveit_task_constructor_core/include/moveit/python/pybind11/eigen
[1.187s] -- Up-to-date: /home/darsh/UR3_ROS2_PICK_AND_PLACE_random_name/install/moveit_task_constructor_core/include/moveit/python/pybind11/eigen/tensor.h
[1.188s] -- Up-to-date: /home/darsh/UR3_ROS2_PICK_AND_PLACE_random_name/install/moveit_task_constructor_core/include/moveit/python/pybind11/eigen/matrix.h
[1.188s] -- Up-to-date: /home/darsh/UR3_ROS2_PICK_AND_PLACE_random_name/install/moveit_task_constructor_core/include/moveit/python/pybind11/eigen/common.h
[1.188s] -- Up-to-date: /home/darsh/UR3_ROS2_PICK_AND_PLACE_random_name/install/moveit_task_constructor_core/include/moveit/python/pybind11/type_caster_pyobject_ptr.h
[1.188s] -- Up-to-date: /home/darsh/UR3_ROS2_PICK_AND_PLACE_random_name/install/moveit_task_constructor_core/include/moveit/python/pybind11/gil_safe_call_once.h
[1.188s] -- Up-to-date: /home/darsh/UR3_ROS2_PICK_AND_PLACE_random_name/install/moveit_task_constructor_core/include/moveit/python/pybind11/eval.h
[1.188s] -- Up-to-date: /home/darsh/UR3_ROS2_PICK_AND_PLACE_random_name/install/moveit_task_constructor_core/include/moveit/python/pybind11/iostream.h
[1.188s] -- Up-to-date: /home/darsh/UR3_ROS2_PICK_AND_PLACE_random_name/install/moveit_task_constructor_core/include/moveit/python/pybind11/stl_bind.h
[1.188s] -- Up-to-date: /home/darsh/UR3_ROS2_PICK_AND_PLACE_random_name/install/moveit_task_constructor_core/include/moveit/python/pybind11/cast.h
[1.188s] -- Up-to-date: /home/darsh/UR3_ROS2_PICK_AND_PLACE_random_name/install/moveit_task_constructor_core/include/moveit/python/pybind11/gil.h
[1.188s] -- Up-to-date: /home/darsh/UR3_ROS2_PICK_AND_PLACE_random_name/install/moveit_task_constructor_core/include/moveit/python/pybind11/trampoline_self_life_support.h
[1.188s] -- Up-to-date: /home/darsh/UR3_ROS2_PICK_AND_PLACE_random_name/install/moveit_task_constructor_core/include/moveit/python/pybind11/attr.h
[1.188s] -- Up-to-date: /home/darsh/UR3_ROS2_PICK_AND_PLACE_random_name/install/moveit_task_constructor_core/include/moveit/python/pybind11/operators.h
[1.189s] -- Up-to-date: /home/darsh/UR3_ROS2_PICK_AND_PLACE_random_name/install/moveit_task_constructor_core/include/moveit/python/pybind11/pytypes.h
[1.189s] -- Up-to-date: /home/darsh/UR3_ROS2_PICK_AND_PLACE_random_name/install/moveit_task_constructor_core/include/moveit/python/pybind11/eigen.h
[1.189s] -- Up-to-date: /home/darsh/UR3_ROS2_PICK_AND_PLACE_random_name/install/moveit_task_constructor_core/include/moveit/python/pybind11/options.h
[1.189s] -- Up-to-date: /home/darsh/UR3_ROS2_PICK_AND_PLACE_random_name/install/moveit_task_constructor_core/include/moveit/python/pybind11/common.h
[1.189s] -- Up-to-date: /home/darsh/UR3_ROS2_PICK_AND_PLACE_random_name/install/moveit_task_constructor_core/include/moveit/python/pybind11/complex.h
[1.189s] -- Up-to-date: /home/darsh/UR3_ROS2_PICK_AND_PLACE_random_name/install/moveit_task_constructor_core/include/moveit/python/pybind11/chrono.h
[1.189s] -- Up-to-date: /home/darsh/UR3_ROS2_PICK_AND_PLACE_random_name/install/moveit_task_constructor_core/include/moveit/python/pybind11/detail
[1.189s] -- Up-to-date: /home/darsh/UR3_ROS2_PICK_AND_PLACE_random_name/install/moveit_task_constructor_core/include/moveit/python/pybind11/detail/smart_holder_type_casters.h
[1.189s] -- Up-to-date: /home/darsh/UR3_ROS2_PICK_AND_PLACE_random_name/install/moveit_task_constructor_core/include/moveit/python/pybind11/detail/init.h
[1.189s] -- Up-to-date: /home/darsh/UR3_ROS2_PICK_AND_PLACE_random_name/install/moveit_task_constructor_core/include/moveit/python/pybind11/detail/descr.h
[1.189s] -- Up-to-date: /home/darsh/UR3_ROS2_PICK_AND_PLACE_random_name/install/moveit_task_constructor_core/include/moveit/python/pybind11/detail/smart_holder_poc.h
[1.190s] -- Up-to-date: /home/darsh/UR3_ROS2_PICK_AND_PLACE_random_name/install/moveit_task_constructor_core/include/moveit/python/pybind11/detail/type_caster_base.h
[1.190s] -- Up-to-date: /home/darsh/UR3_ROS2_PICK_AND_PLACE_random_name/install/moveit_task_constructor_core/include/moveit/python/pybind11/detail/smart_holder_sfinae_hooks_only.h
[1.190s] -- Up-to-date: /home/darsh/UR3_ROS2_PICK_AND_PLACE_random_name/install/moveit_task_constructor_core/include/moveit/python/pybind11/detail/typeid.h
[1.190s] -- Up-to-date: /home/darsh/UR3_ROS2_PICK_AND_PLACE_random_name/install/moveit_task_constructor_core/include/moveit/python/pybind11/detail/class.h
[1.190s] -- Up-to-date: /home/darsh/UR3_ROS2_PICK_AND_PLACE_random_name/install/moveit_task_constructor_core/include/moveit/python/pybind11/detail/internals.h
[1.190s] -- Up-to-date: /home/darsh/UR3_ROS2_PICK_AND_PLACE_random_name/install/moveit_task_constructor_core/include/moveit/python/pybind11/detail/common.h
[1.190s] -- Up-to-date: /home/darsh/UR3_ROS2_PICK_AND_PLACE_random_name/install/moveit_task_constructor_core/include/moveit/python/pybind11/detail/type_caster_odr_guard.h
[1.190s] -- Up-to-date: /home/darsh/UR3_ROS2_PICK_AND_PLACE_random_name/install/moveit_task_constructor_core/include/moveit/python/pybind11/detail/dynamic_raw_ptr_cast_if_possible.h
[1.190s] -- Up-to-date: /home/darsh/UR3_ROS2_PICK_AND_PLACE_random_name/install/moveit_task_constructor_core/share/moveit_task_constructor_core/cmake/pybind11Config.cmake
[1.190s] -- Up-to-date: /home/darsh/UR3_ROS2_PICK_AND_PLACE_random_name/install/moveit_task_constructor_core/share/moveit_task_constructor_core/cmake/pybind11ConfigVersion.cmake
[1.190s] -- Up-to-date: /home/darsh/UR3_ROS2_PICK_AND_PLACE_random_name/install/moveit_task_constructor_core/share/moveit_task_constructor_core/cmake/FindPythonLibsNew.cmake
[1.190s] -- Up-to-date: /home/darsh/UR3_ROS2_PICK_AND_PLACE_random_name/install/moveit_task_constructor_core/share/moveit_task_constructor_core/cmake/pybind11Common.cmake
[1.191s] -- Up-to-date: /home/darsh/UR3_ROS2_PICK_AND_PLACE_random_name/install/moveit_task_constructor_core/share/moveit_task_constructor_core/cmake/pybind11Tools.cmake
[1.192s] -- Up-to-date: /home/darsh/UR3_ROS2_PICK_AND_PLACE_random_name/install/moveit_task_constructor_core/share/moveit_task_constructor_core/cmake/pybind11NewTools.cmake
[1.192s] -- Up-to-date: /home/darsh/UR3_ROS2_PICK_AND_PLACE_random_name/install/moveit_task_constructor_core/share/moveit_task_constructor_core/cmake/pybind11Targets.cmake
[1.192s] -- Up-to-date: /home/darsh/UR3_ROS2_PICK_AND_PLACE_random_name/install/moveit_task_constructor_core/share/pkgconfig/pybind11.pc
[1.193s] -- Up-to-date: /home/darsh/UR3_ROS2_PICK_AND_PLACE_random_name/install/moveit_task_constructor_core/lib/python3.12/site-packages/pymoveit_mtc.cpython-312-x86_64-linux-gnu.so
[1.194s] -- Up-to-date: /home/darsh/UR3_ROS2_PICK_AND_PLACE_random_name/install/moveit_task_constructor_core/include
[1.194s] -- Up-to-date: /home/darsh/UR3_ROS2_PICK_AND_PLACE_random_name/install/moveit_task_constructor_core/include/moveit
[1.194s] -- Up-to-date: /home/darsh/UR3_ROS2_PICK_AND_PLACE_random_name/install/moveit_task_constructor_core/include/moveit/task_constructor
[1.194s] -- Up-to-date: /home/darsh/UR3_ROS2_PICK_AND_PLACE_random_name/install/moveit_task_constructor_core/include/moveit/task_constructor/stages
[1.195s] -- Up-to-date: /home/darsh/UR3_ROS2_PICK_AND_PLACE_random_name/install/moveit_task_constructor_core/include/moveit/task_constructor/stages/modify_planning_scene.h
[1.195s] -- Up-to-date: /home/darsh/UR3_ROS2_PICK_AND_PLACE_random_name/install/moveit_task_constructor_core/include/moveit/task_constructor/stages/current_state.h
[1.196s] -- Up-to-date: /home/darsh/UR3_ROS2_PICK_AND_PLACE_random_name/install/moveit_task_constructor_core/include/moveit/task_constructor/stages/noop.h
[1.196s] -- Up-to-date: /home/darsh/UR3_ROS2_PICK_AND_PLACE_random_name/install/moveit_task_constructor_core/include/moveit/task_constructor/stages/compute_ik.h
[1.196s] -- Up-to-date: /home/darsh/UR3_ROS2_PICK_AND_PLACE_random_name/install/moveit_task_constructor_core/include/moveit/task_constructor/stages/generate_pose.h
[1.196s] -- Up-to-date: /home/darsh/UR3_ROS2_PICK_AND_PLACE_random_name/install/moveit_task_constructor_core/include/moveit/task_constructor/stages/move_relative.h
[1.196s] -- Up-to-date: /home/darsh/UR3_ROS2_PICK_AND_PLACE_random_name/install/moveit_task_constructor_core/include/moveit/task_constructor/stages/predicate_filter.h
[1.196s] -- Up-to-date: /home/darsh/UR3_ROS2_PICK_AND_PLACE_random_name/install/moveit_task_constructor_core/include/moveit/task_constructor/stages/move_to.h
[1.196s] -- Up-to-date: /home/darsh/UR3_ROS2_PICK_AND_PLACE_random_name/install/moveit_task_constructor_core/include/moveit/task_constructor/stages/fixed_cartesian_poses.h
[1.196s] -- Up-to-date: /home/darsh/UR3_ROS2_PICK_AND_PLACE_random_name/install/moveit_task_constructor_core/include/moveit/task_constructor/stages/pick.h
[1.196s] -- Up-to-date: /home/darsh/UR3_ROS2_PICK_AND_PLACE_random_name/install/moveit_task_constructor_core/include/moveit/task_constructor/stages/connect.h
[1.197s] -- Up-to-date: /home/darsh/UR3_ROS2_PICK_AND_PLACE_random_name/install/moveit_task_constructor_core/include/moveit/task_constructor/stages/fix_collision_objects.h
[1.197s] -- Up-to-date: /home/darsh/UR3_ROS2_PICK_AND_PLACE_random_name/install/moveit_task_constructor_core/include/moveit/task_constructor/stages/generate_grasp_pose.h
[1.197s] -- Up-to-date: /home/darsh/UR3_ROS2_PICK_AND_PLACE_random_name/install/moveit_task_constructor_core/include/moveit/task_constructor/stages/fixed_state.h
[1.197s] -- Up-to-date: /home/darsh/UR3_ROS2_PICK_AND_PLACE_random_name/install/moveit_task_constructor_core/include/moveit/task_constructor/stages/simple_grasp.h
[1.197s] -- Up-to-date: /home/darsh/UR3_ROS2_PICK_AND_PLACE_random_name/install/moveit_task_constructor_core/include/moveit/task_constructor/stages/passthrough.h
[1.197s] -- Up-to-date: /home/darsh/UR3_ROS2_PICK_AND_PLACE_random_name/install/moveit_task_constructor_core/include/moveit/task_constructor/stages/generate_place_pose.h
[1.197s] -- Up-to-date: /home/darsh/UR3_ROS2_PICK_AND_PLACE_random_name/install/moveit_task_constructor_core/include/moveit/task_constructor/stages/generate_random_pose.h
[1.197s] -- Up-to-date: /home/darsh/UR3_ROS2_PICK_AND_PLACE_random_name/install/moveit_task_constructor_core/include/moveit/task_constructor/storage.h
[1.198s] -- Up-to-date: /home/darsh/UR3_ROS2_PICK_AND_PLACE_random_name/install/moveit_task_constructor_core/include/moveit/task_constructor/type_traits.h
[1.198s] -- Up-to-date: /home/darsh/UR3_ROS2_PICK_AND_PLACE_random_name/install/moveit_task_constructor_core/include/moveit/task_constructor/cost_terms.h
[1.198s] -- Up-to-date: /home/darsh/UR3_ROS2_PICK_AND_PLACE_random_name/install/moveit_task_constructor_core/include/moveit/task_constructor/introspection.h
[1.198s] -- Up-to-date: /home/darsh/UR3_ROS2_PICK_AND_PLACE_random_name/install/moveit_task_constructor_core/include/moveit/task_constructor/stage.h
[1.199s] -- Up-to-date: /home/darsh/UR3_ROS2_PICK_AND_PLACE_random_name/install/moveit_task_constructor_core/include/moveit/task_constructor/solvers.h
[1.199s] -- Up-to-date: /home/darsh/UR3_ROS2_PICK_AND_PLACE_random_name/install/moveit_task_constructor_core/include/moveit/task_constructor/marker_tools.h
[1.199s] -- Up-to-date: /home/darsh/UR3_ROS2_PICK_AND_PLACE_random_name/install/moveit_task_constructor_core/include/moveit/task_constructor/utils.h
[1.199s] -- Up-to-date: /home/darsh/UR3_ROS2_PICK_AND_PLACE_random_name/install/moveit_task_constructor_core/include/moveit/task_constructor/container.h
[1.200s] -- Up-to-date: /home/darsh/UR3_ROS2_PICK_AND_PLACE_random_name/install/moveit_task_constructor_core/include/moveit/task_constructor/trajectory_execution_info.h
[1.200s] -- Up-to-date: /home/darsh/UR3_ROS2_PICK_AND_PLACE_random_name/install/moveit_task_constructor_core/include/moveit/task_constructor/properties.h
[1.200s] -- Up-to-date: /home/darsh/UR3_ROS2_PICK_AND_PLACE_random_name/install/moveit_task_constructor_core/include/moveit/task_constructor/cost_queue.h
[1.200s] -- Up-to-date: /home/darsh/UR3_ROS2_PICK_AND_PLACE_random_name/install/moveit_task_constructor_core/include/moveit/task_constructor/stages.h
[1.201s] -- Up-to-date: /home/darsh/UR3_ROS2_PICK_AND_PLACE_random_name/install/moveit_task_constructor_core/include/moveit/task_constructor/moveit_compat.h
[1.201s] -- Up-to-date: /home/darsh/UR3_ROS2_PICK_AND_PLACE_random_name/install/moveit_task_constructor_core/include/moveit/task_constructor/task.h
[1.201s] -- Up-to-date: /home/darsh/UR3_ROS2_PICK_AND_PLACE_random_name/install/moveit_task_constructor_core/include/moveit/task_constructor/solvers
[1.202s] -- Up-to-date: /home/darsh/UR3_ROS2_PICK_AND_PLACE_random_name/install/moveit_task_constructor_core/include/moveit/task_constructor/solvers/cartesian_path.h
[1.202s] -- Up-to-date: /home/darsh/UR3_ROS2_PICK_AND_PLACE_random_name/install/moveit_task_constructor_core/include/moveit/task_constructor/solvers/joint_interpolation.h
[1.202s] -- Up-to-date: /home/darsh/UR3_ROS2_PICK_AND_PLACE_random_name/install/moveit_task_constructor_core/include/moveit/task_constructor/solvers/planner_interface.h
[1.202s] -- Up-to-date: /home/darsh/UR3_ROS2_PICK_AND_PLACE_random_name/install/moveit_task_constructor_core/include/moveit/task_constructor/solvers/pipeline_planner.h
[1.203s] -- Up-to-date: /home/darsh/UR3_ROS2_PICK_AND_PLACE_random_name/install/moveit_task_constructor_core/include/moveit/task_constructor/solvers/multi_planner.h
[1.203s] -- Up-to-date: /home/darsh/UR3_ROS2_PICK_AND_PLACE_random_name/install/moveit_task_constructor_core/include/moveit/task_constructor/merge.h
[1.203s] -- Up-to-date: /home/darsh/UR3_ROS2_PICK_AND_PLACE_random_name/install/moveit_task_constructor_core/include/moveit/python
[1.204s] -- Up-to-date: /home/darsh/UR3_ROS2_PICK_AND_PLACE_random_name/install/moveit_task_constructor_core/include/moveit/python/task_constructor
[1.205s] -- Up-to-date: /home/darsh/UR3_ROS2_PICK_AND_PLACE_random_name/install/moveit_task_constructor_core/include/moveit/python/task_constructor/properties.h
[1.205s] -- Up-to-date: /home/darsh/UR3_ROS2_PICK_AND_PLACE_random_name/install/moveit_task_constructor_core/share/moveit_task_constructor_core/motion_planning_stages_plugin_description.xml
[1.205s] -- Up-to-date: /home/darsh/UR3_ROS2_PICK_AND_PLACE_random_name/install/moveit_task_constructor_core/share/moveit_task_constructor_core/environment/library_path.sh
[1.205s] -- Up-to-date: /home/darsh/UR3_ROS2_PICK_AND_PLACE_random_name/install/moveit_task_constructor_core/share/moveit_task_constructor_core/environment/library_path.dsv
[1.206s] -- Up-to-date: /home/darsh/UR3_ROS2_PICK_AND_PLACE_random_name/install/moveit_task_constructor_core/share/ament_index/resource_index/package_run_dependencies/moveit_task_constructor_core
[1.206s] -- Up-to-date: /home/darsh/UR3_ROS2_PICK_AND_PLACE_random_name/install/moveit_task_constructor_core/share/ament_index/resource_index/parent_prefix_path/moveit_task_constructor_core
[1.206s] -- Up-to-date: /home/darsh/UR3_ROS2_PICK_AND_PLACE_random_name/install/moveit_task_constructor_core/share/moveit_task_constructor_core/environment/ament_prefix_path.sh
[1.207s] -- Up-to-date: /home/darsh/UR3_ROS2_PICK_AND_PLACE_random_name/install/moveit_task_constructor_core/share/moveit_task_constructor_core/environment/ament_prefix_path.dsv
[1.207s] -- Up-to-date: /home/darsh/UR3_ROS2_PICK_AND_PLACE_random_name/install/moveit_task_constructor_core/share/moveit_task_constructor_core/environment/path.sh
[1.207s] -- Up-to-date: /home/darsh/UR3_ROS2_PICK_AND_PLACE_random_name/install/moveit_task_constructor_core/share/moveit_task_constructor_core/environment/path.dsv
[1.207s] -- Up-to-date: /home/darsh/UR3_ROS2_PICK_AND_PLACE_random_name/install/moveit_task_constructor_core/share/moveit_task_constructor_core/local_setup.bash
[1.208s] -- Up-to-date: /home/darsh/UR3_ROS2_PICK_AND_PLACE_random_name/install/moveit_task_constructor_core/share/moveit_task_constructor_core/local_setup.sh
[1.208s] -- Up-to-date: /home/darsh/UR3_ROS2_PICK_AND_PLACE_random_name/install/moveit_task_constructor_core/share/moveit_task_constructor_core/local_setup.zsh
[1.208s] -- Up-to-date: /home/darsh/UR3_ROS2_PICK_AND_PLACE_random_name/install/moveit_task_constructor_core/share/moveit_task_constructor_core/local_setup.dsv
[1.208s] -- Installing: /home/darsh/UR3_ROS2_PICK_AND_PLACE_random_name/install/moveit_task_constructor_core/share/moveit_task_constructor_core/package.dsv
[1.209s] -- Up-to-date: /home/darsh/UR3_ROS2_PICK_AND_PLACE_random_name/install/moveit_task_constructor_core/share/ament_index/resource_index/packages/moveit_task_constructor_core
[1.209s] -- Up-to-date: /home/darsh/UR3_ROS2_PICK_AND_PLACE_random_name/install/moveit_task_constructor_core/share/ament_index/resource_index/moveit_task_constructor_core__pluginlib__plugin/moveit_task_constructor_core
[1.209s] -- Up-to-date: /home/darsh/UR3_ROS2_PICK_AND_PLACE_random_name/install/moveit_task_constructor_core/share/moveit_task_constructor_core/cmake/moveit_task_constructor_coreTargetsExport.cmake
[1.209s] -- Up-to-date: /home/darsh/UR3_ROS2_PICK_AND_PLACE_random_name/install/moveit_task_constructor_core/share/moveit_task_constructor_core/cmake/moveit_task_constructor_coreTargetsExport-release.cmake
[1.210s] -- Up-to-date: /home/darsh/UR3_ROS2_PICK_AND_PLACE_random_name/install/moveit_task_constructor_core/share/moveit_task_constructor_core/cmake/ament_cmake_export_targets-extras.cmake
[1.210s] -- Up-to-date: /home/darsh/UR3_ROS2_PICK_AND_PLACE_random_name/install/moveit_task_constructor_core/share/moveit_task_constructor_core/cmake/ament_cmake_export_dependencies-extras.cmake
[1.210s] -- Up-to-date: /home/darsh/UR3_ROS2_PICK_AND_PLACE_random_name/install/moveit_task_constructor_core/share/moveit_task_constructor_core/cmake/moveit_task_constructor_coreConfig.cmake
[1.210s] -- Up-to-date: /home/darsh/UR3_ROS2_PICK_AND_PLACE_random_name/install/moveit_task_constructor_core/share/moveit_task_constructor_core/cmake/moveit_task_constructor_coreConfig-version.cmake
[1.211s] -- Up-to-date: /home/darsh/UR3_ROS2_PICK_AND_PLACE_random_name/install/moveit_task_constructor_core/share/moveit_task_constructor_core/package.xml
[1.212s] Invoked command in '/home/darsh/UR3_ROS2_PICK_AND_PLACE_random_name/build/moveit_task_constructor_core' returned '0': AMENT_PREFIX_PATH=/home/darsh/UR3_ROS2_PICK_AND_PLACE_random_name/install/rviz_marker_tools:/home/darsh/UR3_ROS2_PICK_AND_PLACE_random_name/install/moveit_task_constructor_msgs:${AMENT_PREFIX_PATH} CMAKE_PREFIX_PATH=/home/darsh/UR3_ROS2_PICK_AND_PLACE_random_name/install/rviz_marker_tools:/home/darsh/UR3_ROS2_PICK_AND_PLACE_random_name/install/moveit_task_constructor_msgs:/home/darsh/UR3_ROS2_PICK_AND_PLACE/install/moveit_config:/home/darsh/UR3_ROS2_PICK_AND_PLACE/install/warehouse_ros_mongo:/home/darsh/UR3_ROS2_PICK_AND_PLACE/install/ur_mtc_pick_place_demo:/home/darsh/UR3_ROS2_PICK_AND_PLACE/install/ur_moveit_demos:/home/darsh/UR3_ROS2_PICK_AND_PLACE/install/ur_interfaces:/home/darsh/UR3_ROS2_PICK_AND_PLACE/install/ur_gazebo:/home/darsh/UR3_ROS2_PICK_AND_PLACE/install/ur_description:/home/darsh/UR3_ROS2_PICK_AND_PLACE/install/moveit_task_constructor_visualization:/home/darsh/UR3_ROS2_PICK_AND_PLACE/install/moveit_task_constructor_demo:/home/darsh/UR3_ROS2_PICK_AND_PLACE/install/moveit_task_constructor_capabilities:/home/darsh/UR3_ROS2_PICK_AND_PLACE/install/moveit_task_constructor_core:/home/darsh/UR3_ROS2_PICK_AND_PLACE/install/rviz_marker_tools:/home/darsh/UR3_ROS2_PICK_AND_PLACE/install/robotiq_2f_85_gripper_visualization:/home/darsh/UR3_ROS2_PICK_AND_PLACE/install/moveit_task_constructor_msgs:/opt/ros/jazzy/opt/gz_sim_vendor:/opt/ros/jazzy/opt/gz_sensors_vendor:/opt/ros/jazzy/opt/gz_physics_vendor:/opt/ros/jazzy/opt/sdformat_vendor:/opt/ros/jazzy/opt/gz_gui_vendor:/opt/ros/jazzy/opt/gz_transport_vendor:/opt/ros/jazzy/opt/gz_rendering_vendor:/opt/ros/jazzy/opt/gz_plugin_vendor:/opt/ros/jazzy/opt/gz_fuel_tools_vendor:/opt/ros/jazzy/opt/gz_msgs_vendor:/opt/ros/jazzy/opt/gz_common_vendor:/opt/ros/jazzy/opt/gz_math_vendor:/opt/ros/jazzy/opt/gz_utils_vendor:/opt/ros/jazzy/opt/gz_tools_vendor:/opt/ros/jazzy/opt/gz_ogre_next_vendor:/opt/ros/jazzy/opt/gz_dartsim_vendor:/opt/ros/jazzy/opt/gz_cmake_vendor:/opt/ros/jazzy LD_LIBRARY_PATH=/home/darsh/UR3_ROS2_PICK_AND_PLACE_random_name/install/rviz_marker_tools/lib:/home/darsh/UR3_ROS2_PICK_AND_PLACE_random_name/install/moveit_task_constructor_msgs/lib:${LD_LIBRARY_PATH} PYTHONPATH=/home/darsh/UR3_ROS2_PICK_AND_PLACE_random_name/install/moveit_task_constructor_msgs/lib/python3.12/site-packages:${PYTHONPATH} /usr/bin/cmake --install /home/darsh/UR3_ROS2_PICK_AND_PLACE_random_name/build/moveit_task_constructor_core
