[0.061s] Invoking command in '/home/darsh/UR3_ROS2_PICK_AND_PLACE_random_name/build/ur_interfaces': CMAKE_PREFIX_PATH=${CMAKE_PREFIX_PATH}:/opt/ros/jazzy /usr/bin/cmake /home/darsh/UR3_ROS2_PICK_AND_PLACE_random_name/ur_interfaces -DCMAKE_INSTALL_PREFIX=/home/darsh/UR3_ROS2_PICK_AND_PLACE_random_name/install/ur_interfaces
[0.378s] -- The C compiler identification is GNU 13.3.0
[1.131s] -- The CXX compiler identification is GNU 13.3.0
[1.904s] -- Detecting C compiler ABI info
[2.285s] -- Detecting C compiler ABI info - done
[2.304s] -- Check for working C compiler: /usr/bin/cc - skipped
[2.307s] -- Detecting C compile features
[2.311s] -- Detecting C compile features - done
[2.455s] -- Detecting CXX compiler ABI info
[2.891s] -- Detecting CXX compiler ABI info - done
[2.925s] -- Check for working CXX compiler: /usr/bin/c++ - skipped
[2.926s] -- Detecting CXX compile features
[2.926s] -- Detecting CXX compile features - done
[2.961s] -- Found ament_cmake: 2.5.3 (/opt/ros/jazzy/share/ament_cmake/cmake)
[3.496s] -- Found Python3: /usr/bin/python3 (found version "3.12.3") found components: Interpreter 
[3.980s] -- Found rosidl_default_generators: 1.6.0 (/opt/ros/jazzy/share/rosidl_default_generators/cmake)
[4.017s] -- Using all available rosidl_typesupport_c: rosidl_typesupport_fastrtps_c;rosidl_typesupport_introspection_c
[4.646s] -- Using all available rosidl_typesupport_cpp: rosidl_typesupport_fastrtps_cpp;rosidl_typesupport_introspection_cpp
[4.805s] -- Found rosidl_adapter: 4.6.5 (/opt/ros/jazzy/share/rosidl_adapter/cmake)
[4.825s] -- Found moveit_msgs: 2.6.0 (/opt/ros/jazzy/share/moveit_msgs/cmake)
[7.562s] -- Found ament_cmake_ros: 0.12.0 (/opt/ros/jazzy/share/ament_cmake_ros/cmake)
[9.386s] -- Using all available rosidl_typesupport_c: rosidl_typesupport_fastrtps_c;rosidl_typesupport_introspection_c
[11.881s] -- Using all available rosidl_typesupport_cpp: rosidl_typesupport_fastrtps_cpp;rosidl_typesupport_introspection_cpp
[11.906s] -- Found python_cmake_module: 0.11.1 (/opt/ros/jazzy/share/python_cmake_module/cmake)
[12.359s] -- Found PythonExtra: /usr/bin/python3  
[13.372s] -- Found Python3: /usr/bin/python3 (found version "3.12.3") found components: Interpreter Development NumPy Development.Module Development.Embed 
[13.648s] -- Found ament_lint_auto: 0.17.1 (/opt/ros/jazzy/share/ament_lint_auto/cmake)
[13.689s] -- Configuring done (13.6s)
[13.869s] -- Generating done (0.1s)
[13.915s] -- Build files have been written to: /home/darsh/UR3_ROS2_PICK_AND_PLACE_random_name/build/ur_interfaces
[13.933s] Invoked command in '/home/darsh/UR3_ROS2_PICK_AND_PLACE_random_name/build/ur_interfaces' returned '0': CMAKE_PREFIX_PATH=${CMAKE_PREFIX_PATH}:/opt/ros/jazzy /usr/bin/cmake /home/darsh/UR3_ROS2_PICK_AND_PLACE_random_name/ur_interfaces -DCMAKE_INSTALL_PREFIX=/home/darsh/UR3_ROS2_PICK_AND_PLACE_random_name/install/ur_interfaces
[13.933s] Invoking command in '/home/darsh/UR3_ROS2_PICK_AND_PLACE_random_name/build/ur_interfaces': CMAKE_PREFIX_PATH=${CMAKE_PREFIX_PATH}:/opt/ros/jazzy /usr/bin/cmake --build /home/darsh/UR3_ROS2_PICK_AND_PLACE_random_name/build/ur_interfaces -- -j4 -l4
[14.171s] [  2%] [34m[1mGenerating type hashes for ROS interfaces[0m
[15.357s] [  2%] Built target ur_interfaces__rosidl_generator_type_description
[15.407s] [  2%] Built target ament_cmake_python_copy_ur_interfaces
[15.437s] [  5%] [34m[1mGenerating C code for ROS interfaces[0m
[16.961s] [  8%] [32mBuilding C object CMakeFiles/ur_interfaces__rosidl_generator_c.dir/rosidl_generator_c/ur_interfaces/srv/detail/get_planning_scene__description.c.o[0m
[17.495s] [ 11%] [32mBuilding C object CMakeFiles/ur_interfaces__rosidl_generator_c.dir/rosidl_generator_c/ur_interfaces/srv/detail/get_planning_scene__functions.c.o[0m
[17.989s] [ 14%] [32mBuilding C object CMakeFiles/ur_interfaces__rosidl_generator_c.dir/rosidl_generator_c/ur_interfaces/srv/detail/get_planning_scene__type_support.c.o[0m
[18.253s] gmake[2]: *** [CMakeFiles/ur_interfaces__rosidl_generator_c.dir/build.make:343: CMakeFiles/ur_interfaces__rosidl_generator_c.dir/rosidl_generator_c/ur_interfaces/srv/detail/get_planning_scene__type_support.c.o] Killed
[18.253s] gmake[1]: *** [CMakeFiles/Makefile2:241: CMakeFiles/ur_interfaces__rosidl_generator_c.dir/all] Error 2
[18.253s] gmake: *** [Makefile:146: all] Error 2
[18.273s] Invoked command in '/home/darsh/UR3_ROS2_PICK_AND_PLACE_random_name/build/ur_interfaces' returned '2': CMAKE_PREFIX_PATH=${CMAKE_PREFIX_PATH}:/opt/ros/jazzy /usr/bin/cmake --build /home/darsh/UR3_ROS2_PICK_AND_PLACE_random_name/build/ur_interfaces -- -j4 -l4
