[0.016s] Invoking command in '/home/darsh/UR3_ROS2_PICK_AND_PLACE_random_name/build/warehouse_ros_mongo': CMAKE_PREFIX_PATH=${CMAKE_PREFIX_PATH}:/opt/ros/jazzy /usr/bin/cmake --build /home/darsh/UR3_ROS2_PICK_AND_PLACE_random_name/build/warehouse_ros_mongo -- -j4 -l4
[0.685s] [  0%] Built target ament_cmake_python_copy_warehouse_ros_mongo
[1.037s] [ 40%] Built target warehouse_ros_mongo
[1.096s] [ 60%] Built target gtest
[1.521s] [ 80%] Built target gtest_main
[4.199s] running egg_info
[4.439s] writing warehouse_ros_mongo.egg-info/PKG-INFO
[4.447s] writing dependency_links to warehouse_ros_mongo.egg-info/dependency_links.txt
[4.451s] writing top-level names to warehouse_ros_mongo.egg-info/top_level.txt
[5.280s] reading manifest file 'warehouse_ros_mongo.egg-info/SOURCES.txt'
[5.288s] writing manifest file 'warehouse_ros_mongo.egg-info/SOURCES.txt'
[5.578s] [ 80%] Built target ament_cmake_python_build_warehouse_ros_mongo_egg
[5.902s] [100%] Built target test_warehouse_ros_mongo_cpp
[6.012s] Invoked command in '/home/darsh/UR3_ROS2_PICK_AND_PLACE_random_name/build/warehouse_ros_mongo' returned '0': CMAKE_PREFIX_PATH=${CMAKE_PREFIX_PATH}:/opt/ros/jazzy /usr/bin/cmake --build /home/darsh/UR3_ROS2_PICK_AND_PLACE_random_name/build/warehouse_ros_mongo -- -j4 -l4
[6.013s] Invoking command in '/home/darsh/UR3_ROS2_PICK_AND_PLACE_random_name/build/warehouse_ros_mongo': CMAKE_PREFIX_PATH=${CMAKE_PREFIX_PATH}:/opt/ros/jazzy /usr/bin/cmake --install /home/darsh/UR3_ROS2_PICK_AND_PLACE_random_name/build/warehouse_ros_mongo
[6.100s] -- Install configuration: ""
[6.100s] -- Installing: /home/darsh/UR3_ROS2_PICK_AND_PLACE_random_name/install/warehouse_ros_mongo/share/warehouse_ros_mongo/environment/pythonpath.sh
[6.107s] -- Installing: /home/darsh/UR3_ROS2_PICK_AND_PLACE_random_name/install/warehouse_ros_mongo/share/warehouse_ros_mongo/environment/pythonpath.dsv
[6.107s] -- Installing: /home/darsh/UR3_ROS2_PICK_AND_PLACE_random_name/install/warehouse_ros_mongo/lib/python3.12/site-packages/warehouse_ros_mongo-2.0.3-py3.12.egg-info
[6.108s] -- Installing: /home/darsh/UR3_ROS2_PICK_AND_PLACE_random_name/install/warehouse_ros_mongo/lib/python3.12/site-packages/warehouse_ros_mongo-2.0.3-py3.12.egg-info/dependency_links.txt
[6.108s] -- Installing: /home/darsh/UR3_ROS2_PICK_AND_PLACE_random_name/install/warehouse_ros_mongo/lib/python3.12/site-packages/warehouse_ros_mongo-2.0.3-py3.12.egg-info/top_level.txt
[6.108s] -- Installing: /home/darsh/UR3_ROS2_PICK_AND_PLACE_random_name/install/warehouse_ros_mongo/lib/python3.12/site-packages/warehouse_ros_mongo-2.0.3-py3.12.egg-info/SOURCES.txt
[6.109s] -- Installing: /home/darsh/UR3_ROS2_PICK_AND_PLACE_random_name/install/warehouse_ros_mongo/lib/python3.12/site-packages/warehouse_ros_mongo-2.0.3-py3.12.egg-info/PKG-INFO
[6.109s] -- Installing: /home/darsh/UR3_ROS2_PICK_AND_PLACE_random_name/install/warehouse_ros_mongo/lib/python3.12/site-packages/warehouse_ros_mongo
[6.109s] -- Installing: /home/darsh/UR3_ROS2_PICK_AND_PLACE_random_name/install/warehouse_ros_mongo/lib/python3.12/site-packages/warehouse_ros_mongo/mongo_wrapper_ros.py
[6.109s] -- Installing: /home/darsh/UR3_ROS2_PICK_AND_PLACE_random_name/install/warehouse_ros_mongo/lib/python3.12/site-packages/warehouse_ros_mongo/__init__.py
[6.245s] Listing '/home/darsh/UR3_ROS2_PICK_AND_PLACE_random_name/install/warehouse_ros_mongo/lib/python3.12/site-packages/warehouse_ros_mongo'...
[6.245s] Compiling '/home/darsh/UR3_ROS2_PICK_AND_PLACE_random_name/install/warehouse_ros_mongo/lib/python3.12/site-packages/warehouse_ros_mongo/__init__.py'...
[6.245s] Compiling '/home/darsh/UR3_ROS2_PICK_AND_PLACE_random_name/install/warehouse_ros_mongo/lib/python3.12/site-packages/warehouse_ros_mongo/mongo_wrapper_ros.py'...
[6.257s] -- Installing: /home/darsh/UR3_ROS2_PICK_AND_PLACE_random_name/install/warehouse_ros_mongo/lib/warehouse_ros_mongo/mongo_wrapper_ros.py
[6.258s] -- Installing: /home/darsh/UR3_ROS2_PICK_AND_PLACE_random_name/install/warehouse_ros_mongo/include
[6.258s] -- Installing: /home/darsh/UR3_ROS2_PICK_AND_PLACE_random_name/install/warehouse_ros_mongo/include/database_connection.h
[6.258s] -- Installing: /home/darsh/UR3_ROS2_PICK_AND_PLACE_random_name/install/warehouse_ros_mongo/include/query_results.h
[6.258s] -- Installing: /home/darsh/UR3_ROS2_PICK_AND_PLACE_random_name/install/warehouse_ros_mongo/include/metadata.h
[6.258s] -- Installing: /home/darsh/UR3_ROS2_PICK_AND_PLACE_random_name/install/warehouse_ros_mongo/include/message_collection.h
[6.258s] -- Installing: /home/darsh/UR3_ROS2_PICK_AND_PLACE_random_name/install/warehouse_ros_mongo/include/warehouse_ros_mongo/config.h
[6.259s] -- Installing: /home/darsh/UR3_ROS2_PICK_AND_PLACE_random_name/install/warehouse_ros_mongo/share/warehouse_ros_mongo/warehouse_ros_mongo.launch.py
[6.259s] -- Installing: /home/darsh/UR3_ROS2_PICK_AND_PLACE_random_name/install/warehouse_ros_mongo/share/warehouse_ros_mongo/cmake/FindMONGODB.cmake
[6.259s] -- Installing: /home/darsh/UR3_ROS2_PICK_AND_PLACE_random_name/install/warehouse_ros_mongo/lib/libwarehouse_ros_mongo.so
[6.259s] -- Set non-toolchain portion of runtime path of "/home/darsh/UR3_ROS2_PICK_AND_PLACE_random_name/install/warehouse_ros_mongo/lib/libwarehouse_ros_mongo.so" to ""
[6.259s] -- Installing: /home/darsh/UR3_ROS2_PICK_AND_PLACE_random_name/install/warehouse_ros_mongo/share/warehouse_ros_mongo/environment/library_path.sh
[6.259s] -- Installing: /home/darsh/UR3_ROS2_PICK_AND_PLACE_random_name/install/warehouse_ros_mongo/share/warehouse_ros_mongo/environment/library_path.dsv
[6.265s] -- Installing: /home/darsh/UR3_ROS2_PICK_AND_PLACE_random_name/install/warehouse_ros_mongo/share/warehouse_ros_mongo/mongo_database_connection_plugin_description.xml
[6.266s] -- Installing: /home/darsh/UR3_ROS2_PICK_AND_PLACE_random_name/install/warehouse_ros_mongo/share/ament_index/resource_index/package_run_dependencies/warehouse_ros_mongo
[6.267s] -- Installing: /home/darsh/UR3_ROS2_PICK_AND_PLACE_random_name/install/warehouse_ros_mongo/share/ament_index/resource_index/parent_prefix_path/warehouse_ros_mongo
[6.267s] -- Installing: /home/darsh/UR3_ROS2_PICK_AND_PLACE_random_name/install/warehouse_ros_mongo/share/warehouse_ros_mongo/environment/ament_prefix_path.sh
[6.268s] -- Installing: /home/darsh/UR3_ROS2_PICK_AND_PLACE_random_name/install/warehouse_ros_mongo/share/warehouse_ros_mongo/environment/ament_prefix_path.dsv
[6.268s] -- Installing: /home/darsh/UR3_ROS2_PICK_AND_PLACE_random_name/install/warehouse_ros_mongo/share/warehouse_ros_mongo/environment/path.sh
[6.269s] -- Installing: /home/darsh/UR3_ROS2_PICK_AND_PLACE_random_name/install/warehouse_ros_mongo/share/warehouse_ros_mongo/environment/path.dsv
[6.272s] -- Installing: /home/darsh/UR3_ROS2_PICK_AND_PLACE_random_name/install/warehouse_ros_mongo/share/warehouse_ros_mongo/local_setup.bash
[6.272s] -- Installing: /home/darsh/UR3_ROS2_PICK_AND_PLACE_random_name/install/warehouse_ros_mongo/share/warehouse_ros_mongo/local_setup.sh
[6.273s] -- Installing: /home/darsh/UR3_ROS2_PICK_AND_PLACE_random_name/install/warehouse_ros_mongo/share/warehouse_ros_mongo/local_setup.zsh
[6.273s] -- Installing: /home/darsh/UR3_ROS2_PICK_AND_PLACE_random_name/install/warehouse_ros_mongo/share/warehouse_ros_mongo/local_setup.dsv
[6.274s] -- Installing: /home/darsh/UR3_ROS2_PICK_AND_PLACE_random_name/install/warehouse_ros_mongo/share/warehouse_ros_mongo/package.dsv
[6.274s] -- Installing: /home/darsh/UR3_ROS2_PICK_AND_PLACE_random_name/install/warehouse_ros_mongo/share/ament_index/resource_index/packages/warehouse_ros_mongo
[6.275s] -- Installing: /home/darsh/UR3_ROS2_PICK_AND_PLACE_random_name/install/warehouse_ros_mongo/share/ament_index/resource_index/warehouse_ros__pluginlib__plugin/warehouse_ros_mongo
[6.277s] -- Installing: /home/darsh/UR3_ROS2_PICK_AND_PLACE_random_name/install/warehouse_ros_mongo/share/warehouse_ros_mongo/cmake/export_warehouse_ros_mongoExport.cmake
[6.278s] -- Installing: /home/darsh/UR3_ROS2_PICK_AND_PLACE_random_name/install/warehouse_ros_mongo/share/warehouse_ros_mongo/cmake/export_warehouse_ros_mongoExport-noconfig.cmake
[6.278s] -- Installing: /home/darsh/UR3_ROS2_PICK_AND_PLACE_random_name/install/warehouse_ros_mongo/share/warehouse_ros_mongo/cmake/ConfigExtras.cmake
[6.278s] -- Installing: /home/darsh/UR3_ROS2_PICK_AND_PLACE_random_name/install/warehouse_ros_mongo/share/warehouse_ros_mongo/cmake/ament_cmake_export_targets-extras.cmake
[6.279s] -- Installing: /home/darsh/UR3_ROS2_PICK_AND_PLACE_random_name/install/warehouse_ros_mongo/share/warehouse_ros_mongo/cmake/ament_cmake_export_dependencies-extras.cmake
[6.279s] -- Installing: /home/darsh/UR3_ROS2_PICK_AND_PLACE_random_name/install/warehouse_ros_mongo/share/warehouse_ros_mongo/cmake/warehouse_ros_mongoConfig.cmake
[6.280s] -- Installing: /home/darsh/UR3_ROS2_PICK_AND_PLACE_random_name/install/warehouse_ros_mongo/share/warehouse_ros_mongo/cmake/warehouse_ros_mongoConfig-version.cmake
[6.280s] -- Installing: /home/darsh/UR3_ROS2_PICK_AND_PLACE_random_name/install/warehouse_ros_mongo/share/warehouse_ros_mongo/package.xml
[6.295s] Invoked command in '/home/darsh/UR3_ROS2_PICK_AND_PLACE_random_name/build/warehouse_ros_mongo' returned '0': CMAKE_PREFIX_PATH=${CMAKE_PREFIX_PATH}:/opt/ros/jazzy /usr/bin/cmake --install /home/darsh/UR3_ROS2_PICK_AND_PLACE_random_name/build/warehouse_ros_mongo
