[0.043s] Invoking command in '/home/darsh/UR3_ROS2_PICK_AND_PLACE_random_name/build/ur_interfaces': CMAKE_PREFIX_PATH=${CMAKE_PREFIX_PATH}:/opt/ros/jazzy /usr/bin/cmake --build /home/darsh/UR3_ROS2_PICK_AND_PLACE_random_name/build/ur_interfaces -- -j4 -l4
[0.163s] [  2%] Built target ur_interfaces__rosidl_generator_type_description
[0.194s] [  2%] Built target ament_cmake_python_copy_ur_interfaces
[0.217s] [  5%] Built target ur_interfaces__cpp
[0.253s] [ 20%] Built target ur_interfaces__rosidl_generator_c
[0.347s] [ 29%] Built target ur_interfaces__rosidl_typesupport_fastrtps_c
[0.380s] [ 38%] Built target ur_interfaces__rosidl_typesupport_introspection_c
[0.417s] [ 47%] Built target ur_interfaces__rosidl_typesupport_cpp
[0.498s] [ 55%] Built target ur_interfaces__rosidl_typesupport_c
[0.526s] [ 64%] Built target ur_interfaces__rosidl_typesupport_fastrtps_cpp
[0.583s] [ 73%] Built target ur_interfaces__rosidl_typesupport_introspection_cpp
[0.656s] [ 73%] Built target ur_interfaces
[0.819s] [ 76%] Built target ur_interfaces__py
[1.058s] [ 82%] Built target ur_interfaces__rosidl_generator_py
[1.317s] [ 88%] Built target ur_interfaces_s__rosidl_typesupport_c
[1.346s] [ 94%] Built target ur_interfaces_s__rosidl_typesupport_fastrtps_c
[1.347s] [100%] Built target ur_interfaces_s__rosidl_typesupport_introspection_c
[1.347s] running egg_info
[1.356s] writing ur_interfaces.egg-info/PKG-INFO
[1.356s] writing dependency_links to ur_interfaces.egg-info/dependency_links.txt
[1.356s] writing top-level names to ur_interfaces.egg-info/top_level.txt
[1.447s] reading manifest file 'ur_interfaces.egg-info/SOURCES.txt'
[1.447s] writing manifest file 'ur_interfaces.egg-info/SOURCES.txt'
[1.537s] [100%] Built target ament_cmake_python_build_ur_interfaces_egg
[1.623s] Invoked command in '/home/darsh/UR3_ROS2_PICK_AND_PLACE_random_name/build/ur_interfaces' returned '0': CMAKE_PREFIX_PATH=${CMAKE_PREFIX_PATH}:/opt/ros/jazzy /usr/bin/cmake --build /home/darsh/UR3_ROS2_PICK_AND_PLACE_random_name/build/ur_interfaces -- -j4 -l4
[1.626s] Invoking command in '/home/darsh/UR3_ROS2_PICK_AND_PLACE_random_name/build/ur_interfaces': CMAKE_PREFIX_PATH=${CMAKE_PREFIX_PATH}:/opt/ros/jazzy /usr/bin/cmake --install /home/darsh/UR3_ROS2_PICK_AND_PLACE_random_name/build/ur_interfaces
[1.658s] -- Install configuration: ""
[1.658s] -- Up-to-date: /home/darsh/UR3_ROS2_PICK_AND_PLACE_random_name/install/ur_interfaces/share/ament_index/resource_index/rosidl_interfaces/ur_interfaces
[1.658s] -- Up-to-date: /home/darsh/UR3_ROS2_PICK_AND_PLACE_random_name/install/ur_interfaces/share/ur_interfaces/srv/GetPlanningScene.json
[1.658s] -- Up-to-date: /home/darsh/UR3_ROS2_PICK_AND_PLACE_random_name/install/ur_interfaces/include/ur_interfaces/ur_interfaces
[1.659s] -- Up-to-date: /home/darsh/UR3_ROS2_PICK_AND_PLACE_random_name/install/ur_interfaces/include/ur_interfaces/ur_interfaces/srv
[1.659s] -- Up-to-date: /home/darsh/UR3_ROS2_PICK_AND_PLACE_random_name/install/ur_interfaces/include/ur_interfaces/ur_interfaces/srv/get_planning_scene.h
[1.659s] -- Up-to-date: /home/darsh/UR3_ROS2_PICK_AND_PLACE_random_name/install/ur_interfaces/include/ur_interfaces/ur_interfaces/srv/detail
[1.659s] -- Up-to-date: /home/darsh/UR3_ROS2_PICK_AND_PLACE_random_name/install/ur_interfaces/include/ur_interfaces/ur_interfaces/srv/detail/get_planning_scene__description.c
[1.660s] -- Up-to-date: /home/darsh/UR3_ROS2_PICK_AND_PLACE_random_name/install/ur_interfaces/include/ur_interfaces/ur_interfaces/srv/detail/get_planning_scene__functions.c
[1.660s] -- Up-to-date: /home/darsh/UR3_ROS2_PICK_AND_PLACE_random_name/install/ur_interfaces/include/ur_interfaces/ur_interfaces/srv/detail/get_planning_scene__functions.h
[1.660s] -- Up-to-date: /home/darsh/UR3_ROS2_PICK_AND_PLACE_random_name/install/ur_interfaces/include/ur_interfaces/ur_interfaces/srv/detail/get_planning_scene__type_support.h
[1.660s] -- Installing: /home/darsh/UR3_ROS2_PICK_AND_PLACE_random_name/install/ur_interfaces/include/ur_interfaces/ur_interfaces/srv/detail/get_planning_scene__type_support.c
[1.661s] -- Up-to-date: /home/darsh/UR3_ROS2_PICK_AND_PLACE_random_name/install/ur_interfaces/include/ur_interfaces/ur_interfaces/srv/detail/get_planning_scene__struct.h
[1.661s] -- Up-to-date: /home/darsh/UR3_ROS2_PICK_AND_PLACE_random_name/install/ur_interfaces/include/ur_interfaces/ur_interfaces/msg
[1.661s] -- Up-to-date: /home/darsh/UR3_ROS2_PICK_AND_PLACE_random_name/install/ur_interfaces/include/ur_interfaces/ur_interfaces/msg/rosidl_generator_c__visibility_control.h
[1.662s] -- Up-to-date: /home/darsh/UR3_ROS2_PICK_AND_PLACE_random_name/install/ur_interfaces/share/ur_interfaces/environment/library_path.sh
[1.662s] -- Up-to-date: /home/darsh/UR3_ROS2_PICK_AND_PLACE_random_name/install/ur_interfaces/share/ur_interfaces/environment/library_path.dsv
[1.662s] -- Up-to-date: /home/darsh/UR3_ROS2_PICK_AND_PLACE_random_name/install/ur_interfaces/lib/libur_interfaces__rosidl_generator_c.so
[1.663s] -- Up-to-date: /home/darsh/UR3_ROS2_PICK_AND_PLACE_random_name/install/ur_interfaces/include/ur_interfaces/ur_interfaces
[1.663s] -- Up-to-date: /home/darsh/UR3_ROS2_PICK_AND_PLACE_random_name/install/ur_interfaces/include/ur_interfaces/ur_interfaces/srv
[1.663s] -- Up-to-date: /home/darsh/UR3_ROS2_PICK_AND_PLACE_random_name/install/ur_interfaces/include/ur_interfaces/ur_interfaces/srv/detail
[1.663s] -- Up-to-date: /home/darsh/UR3_ROS2_PICK_AND_PLACE_random_name/install/ur_interfaces/include/ur_interfaces/ur_interfaces/srv/detail/get_planning_scene__rosidl_typesupport_fastrtps_c.h
[1.664s] -- Up-to-date: /home/darsh/UR3_ROS2_PICK_AND_PLACE_random_name/install/ur_interfaces/include/ur_interfaces/ur_interfaces/msg
[1.664s] -- Up-to-date: /home/darsh/UR3_ROS2_PICK_AND_PLACE_random_name/install/ur_interfaces/include/ur_interfaces/ur_interfaces/msg/rosidl_typesupport_fastrtps_c__visibility_control.h
[1.664s] -- Up-to-date: /home/darsh/UR3_ROS2_PICK_AND_PLACE_random_name/install/ur_interfaces/lib/libur_interfaces__rosidl_typesupport_fastrtps_c.so
[1.665s] -- Up-to-date: /home/darsh/UR3_ROS2_PICK_AND_PLACE_random_name/install/ur_interfaces/include/ur_interfaces/ur_interfaces
[1.665s] -- Up-to-date: /home/darsh/UR3_ROS2_PICK_AND_PLACE_random_name/install/ur_interfaces/include/ur_interfaces/ur_interfaces/srv
[1.666s] -- Up-to-date: /home/darsh/UR3_ROS2_PICK_AND_PLACE_random_name/install/ur_interfaces/include/ur_interfaces/ur_interfaces/srv/detail
[1.666s] -- Up-to-date: /home/darsh/UR3_ROS2_PICK_AND_PLACE_random_name/install/ur_interfaces/include/ur_interfaces/ur_interfaces/srv/detail/get_planning_scene__rosidl_typesupport_introspection_c.h
[1.666s] -- Installing: /home/darsh/UR3_ROS2_PICK_AND_PLACE_random_name/install/ur_interfaces/include/ur_interfaces/ur_interfaces/srv/detail/get_planning_scene__type_support.c
[1.667s] -- Up-to-date: /home/darsh/UR3_ROS2_PICK_AND_PLACE_random_name/install/ur_interfaces/include/ur_interfaces/ur_interfaces/msg
[1.676s] -- Up-to-date: /home/darsh/UR3_ROS2_PICK_AND_PLACE_random_name/install/ur_interfaces/include/ur_interfaces/ur_interfaces/msg/rosidl_typesupport_introspection_c__visibility_control.h
[1.678s] -- Up-to-date: /home/darsh/UR3_ROS2_PICK_AND_PLACE_random_name/install/ur_interfaces/lib/libur_interfaces__rosidl_typesupport_introspection_c.so
[1.679s] -- Up-to-date: /home/darsh/UR3_ROS2_PICK_AND_PLACE_random_name/install/ur_interfaces/lib/libur_interfaces__rosidl_typesupport_c.so
[1.679s] -- Up-to-date: /home/darsh/UR3_ROS2_PICK_AND_PLACE_random_name/install/ur_interfaces/include/ur_interfaces/ur_interfaces
[1.679s] -- Up-to-date: /home/darsh/UR3_ROS2_PICK_AND_PLACE_random_name/install/ur_interfaces/include/ur_interfaces/ur_interfaces/srv
[1.680s] -- Up-to-date: /home/darsh/UR3_ROS2_PICK_AND_PLACE_random_name/install/ur_interfaces/include/ur_interfaces/ur_interfaces/srv/get_planning_scene.hpp
[1.680s] -- Up-to-date: /home/darsh/UR3_ROS2_PICK_AND_PLACE_random_name/install/ur_interfaces/include/ur_interfaces/ur_interfaces/srv/detail
[1.680s] -- Up-to-date: /home/darsh/UR3_ROS2_PICK_AND_PLACE_random_name/install/ur_interfaces/include/ur_interfaces/ur_interfaces/srv/detail/get_planning_scene__type_support.hpp
[1.680s] -- Up-to-date: /home/darsh/UR3_ROS2_PICK_AND_PLACE_random_name/install/ur_interfaces/include/ur_interfaces/ur_interfaces/srv/detail/get_planning_scene__traits.hpp
[1.681s] -- Up-to-date: /home/darsh/UR3_ROS2_PICK_AND_PLACE_random_name/install/ur_interfaces/include/ur_interfaces/ur_interfaces/srv/detail/get_planning_scene__struct.hpp
[1.681s] -- Up-to-date: /home/darsh/UR3_ROS2_PICK_AND_PLACE_random_name/install/ur_interfaces/include/ur_interfaces/ur_interfaces/srv/detail/get_planning_scene__builder.hpp
[1.681s] -- Up-to-date: /home/darsh/UR3_ROS2_PICK_AND_PLACE_random_name/install/ur_interfaces/include/ur_interfaces/ur_interfaces/msg
[1.681s] -- Up-to-date: /home/darsh/UR3_ROS2_PICK_AND_PLACE_random_name/install/ur_interfaces/include/ur_interfaces/ur_interfaces/msg/rosidl_generator_cpp__visibility_control.hpp
[1.681s] -- Up-to-date: /home/darsh/UR3_ROS2_PICK_AND_PLACE_random_name/install/ur_interfaces/include/ur_interfaces/ur_interfaces
[1.682s] -- Up-to-date: /home/darsh/UR3_ROS2_PICK_AND_PLACE_random_name/install/ur_interfaces/include/ur_interfaces/ur_interfaces/srv
[1.682s] -- Up-to-date: /home/darsh/UR3_ROS2_PICK_AND_PLACE_random_name/install/ur_interfaces/include/ur_interfaces/ur_interfaces/srv/detail
[1.682s] -- Up-to-date: /home/darsh/UR3_ROS2_PICK_AND_PLACE_random_name/install/ur_interfaces/include/ur_interfaces/ur_interfaces/srv/detail/get_planning_scene__rosidl_typesupport_fastrtps_cpp.hpp
[1.682s] -- Up-to-date: /home/darsh/UR3_ROS2_PICK_AND_PLACE_random_name/install/ur_interfaces/include/ur_interfaces/ur_interfaces/srv/detail/dds_fastrtps
[1.683s] -- Up-to-date: /home/darsh/UR3_ROS2_PICK_AND_PLACE_random_name/install/ur_interfaces/include/ur_interfaces/ur_interfaces/msg
[1.683s] -- Up-to-date: /home/darsh/UR3_ROS2_PICK_AND_PLACE_random_name/install/ur_interfaces/include/ur_interfaces/ur_interfaces/msg/rosidl_typesupport_fastrtps_cpp__visibility_control.h
[1.683s] -- Up-to-date: /home/darsh/UR3_ROS2_PICK_AND_PLACE_random_name/install/ur_interfaces/lib/libur_interfaces__rosidl_typesupport_fastrtps_cpp.so
[1.684s] -- Up-to-date: /home/darsh/UR3_ROS2_PICK_AND_PLACE_random_name/install/ur_interfaces/include/ur_interfaces/ur_interfaces
[1.684s] -- Up-to-date: /home/darsh/UR3_ROS2_PICK_AND_PLACE_random_name/install/ur_interfaces/include/ur_interfaces/ur_interfaces/srv
[1.684s] -- Up-to-date: /home/darsh/UR3_ROS2_PICK_AND_PLACE_random_name/install/ur_interfaces/include/ur_interfaces/ur_interfaces/srv/detail
[1.684s] -- Up-to-date: /home/darsh/UR3_ROS2_PICK_AND_PLACE_random_name/install/ur_interfaces/include/ur_interfaces/ur_interfaces/srv/detail/get_planning_scene__type_support.cpp
[1.685s] -- Up-to-date: /home/darsh/UR3_ROS2_PICK_AND_PLACE_random_name/install/ur_interfaces/include/ur_interfaces/ur_interfaces/srv/detail/get_planning_scene__rosidl_typesupport_introspection_cpp.hpp
[1.685s] -- Up-to-date: /home/darsh/UR3_ROS2_PICK_AND_PLACE_random_name/install/ur_interfaces/lib/libur_interfaces__rosidl_typesupport_introspection_cpp.so
[1.686s] -- Up-to-date: /home/darsh/UR3_ROS2_PICK_AND_PLACE_random_name/install/ur_interfaces/lib/libur_interfaces__rosidl_typesupport_cpp.so
[1.686s] -- Up-to-date: /home/darsh/UR3_ROS2_PICK_AND_PLACE_random_name/install/ur_interfaces/share/ur_interfaces/environment/pythonpath.sh
[1.689s] -- Up-to-date: /home/darsh/UR3_ROS2_PICK_AND_PLACE_random_name/install/ur_interfaces/share/ur_interfaces/environment/pythonpath.dsv
[1.689s] -- Up-to-date: /home/darsh/UR3_ROS2_PICK_AND_PLACE_random_name/install/ur_interfaces/lib/python3.12/site-packages/ur_interfaces-0.0.0-py3.12.egg-info
[1.689s] -- Installing: /home/darsh/UR3_ROS2_PICK_AND_PLACE_random_name/install/ur_interfaces/lib/python3.12/site-packages/ur_interfaces-0.0.0-py3.12.egg-info/dependency_links.txt
[1.690s] -- Installing: /home/darsh/UR3_ROS2_PICK_AND_PLACE_random_name/install/ur_interfaces/lib/python3.12/site-packages/ur_interfaces-0.0.0-py3.12.egg-info/top_level.txt
[1.690s] -- Installing: /home/darsh/UR3_ROS2_PICK_AND_PLACE_random_name/install/ur_interfaces/lib/python3.12/site-packages/ur_interfaces-0.0.0-py3.12.egg-info/SOURCES.txt
[1.690s] -- Installing: /home/darsh/UR3_ROS2_PICK_AND_PLACE_random_name/install/ur_interfaces/lib/python3.12/site-packages/ur_interfaces-0.0.0-py3.12.egg-info/PKG-INFO
[1.691s] -- Up-to-date: /home/darsh/UR3_ROS2_PICK_AND_PLACE_random_name/install/ur_interfaces/lib/python3.12/site-packages/ur_interfaces
[1.691s] -- Up-to-date: /home/darsh/UR3_ROS2_PICK_AND_PLACE_random_name/install/ur_interfaces/lib/python3.12/site-packages/ur_interfaces/_ur_interfaces_s.ep.rosidl_typesupport_fastrtps_c.c
[1.691s] -- Up-to-date: /home/darsh/UR3_ROS2_PICK_AND_PLACE_random_name/install/ur_interfaces/lib/python3.12/site-packages/ur_interfaces/srv
[1.692s] -- Up-to-date: /home/darsh/UR3_ROS2_PICK_AND_PLACE_random_name/install/ur_interfaces/lib/python3.12/site-packages/ur_interfaces/srv/_get_planning_scene.py
[1.692s] -- Up-to-date: /home/darsh/UR3_ROS2_PICK_AND_PLACE_random_name/install/ur_interfaces/lib/python3.12/site-packages/ur_interfaces/srv/__init__.py
[1.692s] -- Up-to-date: /home/darsh/UR3_ROS2_PICK_AND_PLACE_random_name/install/ur_interfaces/lib/python3.12/site-packages/ur_interfaces/srv/_get_planning_scene_s.c
[1.692s] -- Up-to-date: /home/darsh/UR3_ROS2_PICK_AND_PLACE_random_name/install/ur_interfaces/lib/python3.12/site-packages/ur_interfaces/ur_interfaces_s__rosidl_typesupport_introspection_c.so
[1.692s] -- Up-to-date: /home/darsh/UR3_ROS2_PICK_AND_PLACE_random_name/install/ur_interfaces/lib/python3.12/site-packages/ur_interfaces/_ur_interfaces_s.ep.rosidl_typesupport_c.c
[1.693s] -- Up-to-date: /home/darsh/UR3_ROS2_PICK_AND_PLACE_random_name/install/ur_interfaces/lib/python3.12/site-packages/ur_interfaces/_ur_interfaces_s.ep.rosidl_typesupport_introspection_c.c
[1.693s] -- Up-to-date: /home/darsh/UR3_ROS2_PICK_AND_PLACE_random_name/install/ur_interfaces/lib/python3.12/site-packages/ur_interfaces/ur_interfaces_s__rosidl_typesupport_c.so
[1.693s] -- Up-to-date: /home/darsh/UR3_ROS2_PICK_AND_PLACE_random_name/install/ur_interfaces/lib/python3.12/site-packages/ur_interfaces/__init__.py
[1.693s] -- Up-to-date: /home/darsh/UR3_ROS2_PICK_AND_PLACE_random_name/install/ur_interfaces/lib/python3.12/site-packages/ur_interfaces/ur_interfaces_s__rosidl_typesupport_fastrtps_c.so
[1.817s] Listing '/home/darsh/UR3_ROS2_PICK_AND_PLACE_random_name/install/ur_interfaces/lib/python3.12/site-packages/ur_interfaces'...
[1.817s] Listing '/home/darsh/UR3_ROS2_PICK_AND_PLACE_random_name/install/ur_interfaces/lib/python3.12/site-packages/ur_interfaces/srv'...
[1.835s] -- Up-to-date: /home/darsh/UR3_ROS2_PICK_AND_PLACE_random_name/install/ur_interfaces/lib/python3.12/site-packages/ur_interfaces/ur_interfaces_s__rosidl_typesupport_fastrtps_c.so
[1.836s] -- Up-to-date: /home/darsh/UR3_ROS2_PICK_AND_PLACE_random_name/install/ur_interfaces/lib/python3.12/site-packages/ur_interfaces/ur_interfaces_s__rosidl_typesupport_introspection_c.so
[1.836s] -- Up-to-date: /home/darsh/UR3_ROS2_PICK_AND_PLACE_random_name/install/ur_interfaces/lib/python3.12/site-packages/ur_interfaces/ur_interfaces_s__rosidl_typesupport_c.so
[1.836s] -- Up-to-date: /home/darsh/UR3_ROS2_PICK_AND_PLACE_random_name/install/ur_interfaces/lib/libur_interfaces__rosidl_generator_py.so
[1.836s] -- Up-to-date: /home/darsh/UR3_ROS2_PICK_AND_PLACE_random_name/install/ur_interfaces/share/ur_interfaces/srv/GetPlanningScene.idl
[1.836s] -- Up-to-date: /home/darsh/UR3_ROS2_PICK_AND_PLACE_random_name/install/ur_interfaces/share/ur_interfaces/srv/GetPlanningScene.srv
[1.836s] -- Up-to-date: /home/darsh/UR3_ROS2_PICK_AND_PLACE_random_name/install/ur_interfaces/share/ament_index/resource_index/package_run_dependencies/ur_interfaces
[1.836s] -- Up-to-date: /home/darsh/UR3_ROS2_PICK_AND_PLACE_random_name/install/ur_interfaces/share/ament_index/resource_index/parent_prefix_path/ur_interfaces
[1.836s] -- Up-to-date: /home/darsh/UR3_ROS2_PICK_AND_PLACE_random_name/install/ur_interfaces/share/ur_interfaces/environment/ament_prefix_path.sh
[1.837s] -- Up-to-date: /home/darsh/UR3_ROS2_PICK_AND_PLACE_random_name/install/ur_interfaces/share/ur_interfaces/environment/ament_prefix_path.dsv
[1.837s] -- Up-to-date: /home/darsh/UR3_ROS2_PICK_AND_PLACE_random_name/install/ur_interfaces/share/ur_interfaces/environment/path.sh
[1.837s] -- Up-to-date: /home/darsh/UR3_ROS2_PICK_AND_PLACE_random_name/install/ur_interfaces/share/ur_interfaces/environment/path.dsv
[1.837s] -- Up-to-date: /home/darsh/UR3_ROS2_PICK_AND_PLACE_random_name/install/ur_interfaces/share/ur_interfaces/local_setup.bash
[1.837s] -- Up-to-date: /home/darsh/UR3_ROS2_PICK_AND_PLACE_random_name/install/ur_interfaces/share/ur_interfaces/local_setup.sh
[1.837s] -- Up-to-date: /home/darsh/UR3_ROS2_PICK_AND_PLACE_random_name/install/ur_interfaces/share/ur_interfaces/local_setup.zsh
[1.837s] -- Up-to-date: /home/darsh/UR3_ROS2_PICK_AND_PLACE_random_name/install/ur_interfaces/share/ur_interfaces/local_setup.dsv
[1.837s] -- Installing: /home/darsh/UR3_ROS2_PICK_AND_PLACE_random_name/install/ur_interfaces/share/ur_interfaces/package.dsv
[1.837s] -- Up-to-date: /home/darsh/UR3_ROS2_PICK_AND_PLACE_random_name/install/ur_interfaces/share/ament_index/resource_index/packages/ur_interfaces
[1.838s] -- Up-to-date: /home/darsh/UR3_ROS2_PICK_AND_PLACE_random_name/install/ur_interfaces/share/ur_interfaces/cmake/export_ur_interfaces__rosidl_generator_cExport.cmake
[1.838s] -- Up-to-date: /home/darsh/UR3_ROS2_PICK_AND_PLACE_random_name/install/ur_interfaces/share/ur_interfaces/cmake/export_ur_interfaces__rosidl_generator_cExport-noconfig.cmake
[1.838s] -- Up-to-date: /home/darsh/UR3_ROS2_PICK_AND_PLACE_random_name/install/ur_interfaces/share/ur_interfaces/cmake/export_ur_interfaces__rosidl_typesupport_fastrtps_cExport.cmake
[1.838s] -- Up-to-date: /home/darsh/UR3_ROS2_PICK_AND_PLACE_random_name/install/ur_interfaces/share/ur_interfaces/cmake/export_ur_interfaces__rosidl_typesupport_fastrtps_cExport-noconfig.cmake
[1.838s] -- Up-to-date: /home/darsh/UR3_ROS2_PICK_AND_PLACE_random_name/install/ur_interfaces/share/ur_interfaces/cmake/ur_interfaces__rosidl_typesupport_introspection_cExport.cmake
[1.838s] -- Up-to-date: /home/darsh/UR3_ROS2_PICK_AND_PLACE_random_name/install/ur_interfaces/share/ur_interfaces/cmake/ur_interfaces__rosidl_typesupport_introspection_cExport-noconfig.cmake
[1.838s] -- Up-to-date: /home/darsh/UR3_ROS2_PICK_AND_PLACE_random_name/install/ur_interfaces/share/ur_interfaces/cmake/ur_interfaces__rosidl_typesupport_cExport.cmake
[1.838s] -- Up-to-date: /home/darsh/UR3_ROS2_PICK_AND_PLACE_random_name/install/ur_interfaces/share/ur_interfaces/cmake/ur_interfaces__rosidl_typesupport_cExport-noconfig.cmake
[1.839s] -- Up-to-date: /home/darsh/UR3_ROS2_PICK_AND_PLACE_random_name/install/ur_interfaces/share/ur_interfaces/cmake/export_ur_interfaces__rosidl_generator_cppExport.cmake
[1.839s] -- Up-to-date: /home/darsh/UR3_ROS2_PICK_AND_PLACE_random_name/install/ur_interfaces/share/ur_interfaces/cmake/export_ur_interfaces__rosidl_typesupport_fastrtps_cppExport.cmake
[1.839s] -- Up-to-date: /home/darsh/UR3_ROS2_PICK_AND_PLACE_random_name/install/ur_interfaces/share/ur_interfaces/cmake/export_ur_interfaces__rosidl_typesupport_fastrtps_cppExport-noconfig.cmake
[1.839s] -- Up-to-date: /home/darsh/UR3_ROS2_PICK_AND_PLACE_random_name/install/ur_interfaces/share/ur_interfaces/cmake/ur_interfaces__rosidl_typesupport_introspection_cppExport.cmake
[1.839s] -- Up-to-date: /home/darsh/UR3_ROS2_PICK_AND_PLACE_random_name/install/ur_interfaces/share/ur_interfaces/cmake/ur_interfaces__rosidl_typesupport_introspection_cppExport-noconfig.cmake
[1.839s] -- Up-to-date: /home/darsh/UR3_ROS2_PICK_AND_PLACE_random_name/install/ur_interfaces/share/ur_interfaces/cmake/ur_interfaces__rosidl_typesupport_cppExport.cmake
[1.839s] -- Up-to-date: /home/darsh/UR3_ROS2_PICK_AND_PLACE_random_name/install/ur_interfaces/share/ur_interfaces/cmake/ur_interfaces__rosidl_typesupport_cppExport-noconfig.cmake
[1.839s] -- Up-to-date: /home/darsh/UR3_ROS2_PICK_AND_PLACE_random_name/install/ur_interfaces/share/ur_interfaces/cmake/export_ur_interfaces__rosidl_generator_pyExport.cmake
[1.839s] -- Up-to-date: /home/darsh/UR3_ROS2_PICK_AND_PLACE_random_name/install/ur_interfaces/share/ur_interfaces/cmake/export_ur_interfaces__rosidl_generator_pyExport-noconfig.cmake
[1.839s] -- Up-to-date: /home/darsh/UR3_ROS2_PICK_AND_PLACE_random_name/install/ur_interfaces/share/ur_interfaces/cmake/rosidl_cmake-extras.cmake
[1.840s] -- Up-to-date: /home/darsh/UR3_ROS2_PICK_AND_PLACE_random_name/install/ur_interfaces/share/ur_interfaces/cmake/ament_cmake_export_dependencies-extras.cmake
[1.840s] -- Up-to-date: /home/darsh/UR3_ROS2_PICK_AND_PLACE_random_name/install/ur_interfaces/share/ur_interfaces/cmake/ament_cmake_export_include_directories-extras.cmake
[1.840s] -- Up-to-date: /home/darsh/UR3_ROS2_PICK_AND_PLACE_random_name/install/ur_interfaces/share/ur_interfaces/cmake/ament_cmake_export_libraries-extras.cmake
[1.840s] -- Up-to-date: /home/darsh/UR3_ROS2_PICK_AND_PLACE_random_name/install/ur_interfaces/share/ur_interfaces/cmake/ament_cmake_export_targets-extras.cmake
[1.840s] -- Up-to-date: /home/darsh/UR3_ROS2_PICK_AND_PLACE_random_name/install/ur_interfaces/share/ur_interfaces/cmake/rosidl_cmake_export_typesupport_targets-extras.cmake
[1.840s] -- Up-to-date: /home/darsh/UR3_ROS2_PICK_AND_PLACE_random_name/install/ur_interfaces/share/ur_interfaces/cmake/rosidl_cmake_export_typesupport_libraries-extras.cmake
[1.840s] -- Up-to-date: /home/darsh/UR3_ROS2_PICK_AND_PLACE_random_name/install/ur_interfaces/share/ur_interfaces/cmake/ur_interfacesConfig.cmake
[1.840s] -- Up-to-date: /home/darsh/UR3_ROS2_PICK_AND_PLACE_random_name/install/ur_interfaces/share/ur_interfaces/cmake/ur_interfacesConfig-version.cmake
[1.840s] -- Up-to-date: /home/darsh/UR3_ROS2_PICK_AND_PLACE_random_name/install/ur_interfaces/share/ur_interfaces/package.xml
[1.850s] Invoked command in '/home/darsh/UR3_ROS2_PICK_AND_PLACE_random_name/build/ur_interfaces' returned '0': CMAKE_PREFIX_PATH=${CMAKE_PREFIX_PATH}:/opt/ros/jazzy /usr/bin/cmake --install /home/darsh/UR3_ROS2_PICK_AND_PLACE_random_name/build/ur_interfaces
