[  0%] Built target ament_cmake_python_copy_warehouse_ros_mongo
[ 10%] [32mBuilding CXX object gtest/CMakeFiles/gtest.dir/src/gtest-all.cc.o[0m
[ 20%] [32m[1mLinking CXX static library libgtest.a[0m
[ 20%] Built target gtest
running egg_info
creating warehouse_ros_mongo.egg-info
writing warehouse_ros_mongo.egg-info/PKG-INFO
writing dependency_links to warehouse_ros_mongo.egg-info/dependency_links.txt
writing top-level names to warehouse_ros_mongo.egg-info/top_level.txt
writing manifest file 'warehouse_ros_mongo.egg-info/SOURCES.txt'
reading manifest file 'warehouse_ros_mongo.egg-info/SOURCES.txt'
writing manifest file 'warehouse_ros_mongo.egg-info/SOURCES.txt'
[ 20%] Built target ament_cmake_python_build_warehouse_ros_mongo_egg
[ 30%] [32mBuilding CXX object gtest/CMakeFiles/gtest_main.dir/src/gtest_main.cc.o[0m
[ 40%] [32m[1mLinking CXX static library libgtest_main.a[0m
[ 40%] Built target gtest_main
[ 50%] [32mBuilding CXX object CMakeFiles/warehouse_ros_mongo.dir/src/query_results.cpp.o[0m
[ 60%] [32mBuilding CXX object CMakeFiles/warehouse_ros_mongo.dir/src/database_connection.cpp.o[0m
[ 70%] [32mBuilding CXX object CMakeFiles/warehouse_ros_mongo.dir/src/message_collection.cpp.o[0m
[ 80%] [32m[1mLinking CXX shared library libwarehouse_ros_mongo.so[0m
[ 80%] Built target warehouse_ros_mongo
[ 90%] [32mBuilding CXX object CMakeFiles/test_warehouse_ros_mongo_cpp.dir/test/test_warehouse_ros_mongo.cpp.o[0m
[100%] [32m[1mLinking CXX executable test_warehouse_ros_mongo_cpp[0m
[100%] Built target test_warehouse_ros_mongo_cpp
