[0.041s] Invoking command in '/home/darsh/UR3_ROS2_PICK_AND_PLACE_random_name/build/warehouse_ros_mongo': CMAKE_PREFIX_PATH=${CMAKE_PREFIX_PATH}:/opt/ros/jazzy /usr/bin/cmake --build /home/darsh/UR3_ROS2_PICK_AND_PLACE_random_name/build/warehouse_ros_mongo -- -j4 -l4
[0.329s] [  0%] Built target ament_cmake_python_copy_warehouse_ros_mongo
[0.460s] [ 10%] [32mBuilding CXX object gtest/CMakeFiles/gtest.dir/src/gtest-all.cc.o[0m
[69.796s] [ 20%] [32m[1mLinking CXX static library libgtest.a[0m
[70.615s] [ 20%] Built target gtest
[73.432s] running egg_info
[73.436s] creating warehouse_ros_mongo.egg-info
[73.551s] writing warehouse_ros_mongo.egg-info/PKG-INFO
[73.554s] writing dependency_links to warehouse_ros_mongo.egg-info/dependency_links.txt
[73.554s] writing top-level names to warehouse_ros_mongo.egg-info/top_level.txt
[73.555s] writing manifest file 'warehouse_ros_mongo.egg-info/SOURCES.txt'
[74.067s] reading manifest file 'warehouse_ros_mongo.egg-info/SOURCES.txt'
[74.069s] writing manifest file 'warehouse_ros_mongo.egg-info/SOURCES.txt'
[74.261s] [ 20%] Built target ament_cmake_python_build_warehouse_ros_mongo_egg
[74.482s] [ 30%] [32mBuilding CXX object gtest/CMakeFiles/gtest_main.dir/src/gtest_main.cc.o[0m
[86.203s] [ 40%] [32m[1mLinking CXX static library libgtest_main.a[0m
[86.829s] [ 40%] Built target gtest_main
[87.111s] [ 50%] [32mBuilding CXX object CMakeFiles/warehouse_ros_mongo.dir/src/query_results.cpp.o[0m
[140.708s] [ 60%] [32mBuilding CXX object CMakeFiles/warehouse_ros_mongo.dir/src/database_connection.cpp.o[0m
[178.641s] [ 70%] [32mBuilding CXX object CMakeFiles/warehouse_ros_mongo.dir/src/message_collection.cpp.o[0m
[187.930s] [ 80%] [32m[1mLinking CXX shared library libwarehouse_ros_mongo.so[0m
[188.249s] [ 80%] Built target warehouse_ros_mongo
[188.277s] [ 90%] [32mBuilding CXX object CMakeFiles/test_warehouse_ros_mongo_cpp.dir/test/test_warehouse_ros_mongo.cpp.o[0m
[197.010s] [100%] [32m[1mLinking CXX executable test_warehouse_ros_mongo_cpp[0m
[197.588s] [100%] Built target test_warehouse_ros_mongo_cpp
