[0.185s] Invoking command in '/home/darsh/UR3_ROS2_PICK_AND_PLACE_random_name/build/ur_interfaces': CMAKE_PREFIX_PATH=${CMAKE_PREFIX_PATH}:/opt/ros/jazzy /usr/bin/cmake --build /home/darsh/UR3_ROS2_PICK_AND_PLACE_random_name/build/ur_interfaces -- -j4 -l4
[0.498s] [  2%] Built target ur_interfaces__rosidl_generator_type_description
[0.499s] [  5%] Built target ur_interfaces__cpp
[0.499s] [  5%] Built target ament_cmake_python_copy_ur_interfaces
[0.533s] [ 20%] Built target ur_interfaces__rosidl_generator_c
[0.918s] [ 29%] Built target ur_interfaces__rosidl_typesupport_cpp
[1.211s] [ 38%] Built target ur_interfaces__rosidl_typesupport_introspection_c
[1.498s] [ 47%] Built target ur_interfaces__rosidl_typesupport_c
[1.601s] [ 55%] Built target ur_interfaces__rosidl_typesupport_fastrtps_c
[1.834s] [ 64%] Built target ur_interfaces__rosidl_typesupport_fastrtps_cpp
[1.933s] [ 73%] Built target ur_interfaces__rosidl_typesupport_introspection_cpp
[3.620s] running egg_info
[3.762s] writing ur_interfaces.egg-info/PKG-INFO
[3.763s] writing dependency_links to ur_interfaces.egg-info/dependency_links.txt
[3.765s] writing top-level names to ur_interfaces.egg-info/top_level.txt
[4.508s] reading manifest file 'ur_interfaces.egg-info/SOURCES.txt'
[4.514s] writing manifest file 'ur_interfaces.egg-info/SOURCES.txt'
[4.740s] [ 73%] Built target ament_cmake_python_build_ur_interfaces_egg
[5.000s] [ 73%] Built target ur_interfaces
[5.259s] [ 76%] Built target ur_interfaces__py
[5.518s] [ 82%] Built target ur_interfaces__rosidl_generator_py
[5.822s] [ 88%] Built target ur_interfaces_s__rosidl_typesupport_fastrtps_c
[6.015s] [ 94%] Built target ur_interfaces_s__rosidl_typesupport_c
[6.286s] [100%] Built target ur_interfaces_s__rosidl_typesupport_introspection_c
[6.430s] Invoked command in '/home/darsh/UR3_ROS2_PICK_AND_PLACE_random_name/build/ur_interfaces' returned '0': CMAKE_PREFIX_PATH=${CMAKE_PREFIX_PATH}:/opt/ros/jazzy /usr/bin/cmake --build /home/darsh/UR3_ROS2_PICK_AND_PLACE_random_name/build/ur_interfaces -- -j4 -l4
[6.432s] Invoking command in '/home/darsh/UR3_ROS2_PICK_AND_PLACE_random_name/build/ur_interfaces': CMAKE_PREFIX_PATH=${CMAKE_PREFIX_PATH}:/opt/ros/jazzy /usr/bin/cmake --install /home/darsh/UR3_ROS2_PICK_AND_PLACE_random_name/build/ur_interfaces
[6.514s] -- Install configuration: ""
[6.518s] -- Up-to-date: /home/darsh/UR3_ROS2_PICK_AND_PLACE_random_name/install/ur_interfaces/share/ament_index/resource_index/rosidl_interfaces/ur_interfaces
[6.519s] -- Up-to-date: /home/darsh/UR3_ROS2_PICK_AND_PLACE_random_name/install/ur_interfaces/share/ur_interfaces/srv/GetPlanningScene.json
[6.519s] -- Up-to-date: /home/darsh/UR3_ROS2_PICK_AND_PLACE_random_name/install/ur_interfaces/include/ur_interfaces/ur_interfaces
[6.520s] -- Up-to-date: /home/darsh/UR3_ROS2_PICK_AND_PLACE_random_name/install/ur_interfaces/include/ur_interfaces/ur_interfaces/srv
[6.520s] -- Up-to-date: /home/darsh/UR3_ROS2_PICK_AND_PLACE_random_name/install/ur_interfaces/include/ur_interfaces/ur_interfaces/srv/get_planning_scene.h
[6.521s] -- Up-to-date: /home/darsh/UR3_ROS2_PICK_AND_PLACE_random_name/install/ur_interfaces/include/ur_interfaces/ur_interfaces/srv/detail
[6.521s] -- Up-to-date: /home/darsh/UR3_ROS2_PICK_AND_PLACE_random_name/install/ur_interfaces/include/ur_interfaces/ur_interfaces/srv/detail/get_planning_scene__description.c
[6.521s] -- Up-to-date: /home/darsh/UR3_ROS2_PICK_AND_PLACE_random_name/install/ur_interfaces/include/ur_interfaces/ur_interfaces/srv/detail/get_planning_scene__functions.c
[6.522s] -- Up-to-date: /home/darsh/UR3_ROS2_PICK_AND_PLACE_random_name/install/ur_interfaces/include/ur_interfaces/ur_interfaces/srv/detail/get_planning_scene__functions.h
[6.522s] -- Up-to-date: /home/darsh/UR3_ROS2_PICK_AND_PLACE_random_name/install/ur_interfaces/include/ur_interfaces/ur_interfaces/srv/detail/get_planning_scene__type_support.h
[6.523s] -- Installing: /home/darsh/UR3_ROS2_PICK_AND_PLACE_random_name/install/ur_interfaces/include/ur_interfaces/ur_interfaces/srv/detail/get_planning_scene__type_support.c
[6.523s] -- Up-to-date: /home/darsh/UR3_ROS2_PICK_AND_PLACE_random_name/install/ur_interfaces/include/ur_interfaces/ur_interfaces/srv/detail/get_planning_scene__struct.h
[6.538s] -- Up-to-date: /home/darsh/UR3_ROS2_PICK_AND_PLACE_random_name/install/ur_interfaces/include/ur_interfaces/ur_interfaces/msg
[6.539s] -- Up-to-date: /home/darsh/UR3_ROS2_PICK_AND_PLACE_random_name/install/ur_interfaces/include/ur_interfaces/ur_interfaces/msg/rosidl_generator_c__visibility_control.h
[6.539s] -- Up-to-date: /home/darsh/UR3_ROS2_PICK_AND_PLACE_random_name/install/ur_interfaces/share/ur_interfaces/environment/library_path.sh
[6.540s] -- Up-to-date: /home/darsh/UR3_ROS2_PICK_AND_PLACE_random_name/install/ur_interfaces/share/ur_interfaces/environment/library_path.dsv
[6.540s] -- Up-to-date: /home/darsh/UR3_ROS2_PICK_AND_PLACE_random_name/install/ur_interfaces/lib/libur_interfaces__rosidl_generator_c.so
[6.541s] -- Up-to-date: /home/darsh/UR3_ROS2_PICK_AND_PLACE_random_name/install/ur_interfaces/include/ur_interfaces/ur_interfaces
[6.542s] -- Up-to-date: /home/darsh/UR3_ROS2_PICK_AND_PLACE_random_name/install/ur_interfaces/include/ur_interfaces/ur_interfaces/srv
[6.542s] -- Up-to-date: /home/darsh/UR3_ROS2_PICK_AND_PLACE_random_name/install/ur_interfaces/include/ur_interfaces/ur_interfaces/srv/detail
[6.547s] -- Up-to-date: /home/darsh/UR3_ROS2_PICK_AND_PLACE_random_name/install/ur_interfaces/include/ur_interfaces/ur_interfaces/srv/detail/get_planning_scene__rosidl_typesupport_fastrtps_c.h
[6.548s] -- Up-to-date: /home/darsh/UR3_ROS2_PICK_AND_PLACE_random_name/install/ur_interfaces/include/ur_interfaces/ur_interfaces/msg
[6.548s] -- Up-to-date: /home/darsh/UR3_ROS2_PICK_AND_PLACE_random_name/install/ur_interfaces/include/ur_interfaces/ur_interfaces/msg/rosidl_typesupport_fastrtps_c__visibility_control.h
[6.549s] -- Up-to-date: /home/darsh/UR3_ROS2_PICK_AND_PLACE_random_name/install/ur_interfaces/lib/libur_interfaces__rosidl_typesupport_fastrtps_c.so
[6.550s] -- Up-to-date: /home/darsh/UR3_ROS2_PICK_AND_PLACE_random_name/install/ur_interfaces/include/ur_interfaces/ur_interfaces
[6.557s] -- Up-to-date: /home/darsh/UR3_ROS2_PICK_AND_PLACE_random_name/install/ur_interfaces/include/ur_interfaces/ur_interfaces/srv
[6.558s] -- Up-to-date: /home/darsh/UR3_ROS2_PICK_AND_PLACE_random_name/install/ur_interfaces/include/ur_interfaces/ur_interfaces/srv/detail
[6.558s] -- Up-to-date: /home/darsh/UR3_ROS2_PICK_AND_PLACE_random_name/install/ur_interfaces/include/ur_interfaces/ur_interfaces/srv/detail/get_planning_scene__rosidl_typesupport_introspection_c.h
[6.560s] -- Installing: /home/darsh/UR3_ROS2_PICK_AND_PLACE_random_name/install/ur_interfaces/include/ur_interfaces/ur_interfaces/srv/detail/get_planning_scene__type_support.c
[6.567s] -- Up-to-date: /home/darsh/UR3_ROS2_PICK_AND_PLACE_random_name/install/ur_interfaces/include/ur_interfaces/ur_interfaces/msg
[6.568s] -- Up-to-date: /home/darsh/UR3_ROS2_PICK_AND_PLACE_random_name/install/ur_interfaces/include/ur_interfaces/ur_interfaces/msg/rosidl_typesupport_introspection_c__visibility_control.h
[6.568s] -- Up-to-date: /home/darsh/UR3_ROS2_PICK_AND_PLACE_random_name/install/ur_interfaces/lib/libur_interfaces__rosidl_typesupport_introspection_c.so
[6.568s] -- Up-to-date: /home/darsh/UR3_ROS2_PICK_AND_PLACE_random_name/install/ur_interfaces/lib/libur_interfaces__rosidl_typesupport_c.so
[6.569s] -- Up-to-date: /home/darsh/UR3_ROS2_PICK_AND_PLACE_random_name/install/ur_interfaces/include/ur_interfaces/ur_interfaces
[6.569s] -- Up-to-date: /home/darsh/UR3_ROS2_PICK_AND_PLACE_random_name/install/ur_interfaces/include/ur_interfaces/ur_interfaces/srv
[6.570s] -- Up-to-date: /home/darsh/UR3_ROS2_PICK_AND_PLACE_random_name/install/ur_interfaces/include/ur_interfaces/ur_interfaces/srv/get_planning_scene.hpp
[6.570s] -- Up-to-date: /home/darsh/UR3_ROS2_PICK_AND_PLACE_random_name/install/ur_interfaces/include/ur_interfaces/ur_interfaces/srv/detail
[6.570s] -- Up-to-date: /home/darsh/UR3_ROS2_PICK_AND_PLACE_random_name/install/ur_interfaces/include/ur_interfaces/ur_interfaces/srv/detail/get_planning_scene__type_support.hpp
[6.571s] -- Up-to-date: /home/darsh/UR3_ROS2_PICK_AND_PLACE_random_name/install/ur_interfaces/include/ur_interfaces/ur_interfaces/srv/detail/get_planning_scene__traits.hpp
[6.571s] -- Up-to-date: /home/darsh/UR3_ROS2_PICK_AND_PLACE_random_name/install/ur_interfaces/include/ur_interfaces/ur_interfaces/srv/detail/get_planning_scene__struct.hpp
[6.572s] -- Up-to-date: /home/darsh/UR3_ROS2_PICK_AND_PLACE_random_name/install/ur_interfaces/include/ur_interfaces/ur_interfaces/srv/detail/get_planning_scene__builder.hpp
[6.572s] -- Up-to-date: /home/darsh/UR3_ROS2_PICK_AND_PLACE_random_name/install/ur_interfaces/include/ur_interfaces/ur_interfaces/msg
[6.572s] -- Up-to-date: /home/darsh/UR3_ROS2_PICK_AND_PLACE_random_name/install/ur_interfaces/include/ur_interfaces/ur_interfaces/msg/rosidl_generator_cpp__visibility_control.hpp
[6.573s] -- Up-to-date: /home/darsh/UR3_ROS2_PICK_AND_PLACE_random_name/install/ur_interfaces/include/ur_interfaces/ur_interfaces
[6.573s] -- Up-to-date: /home/darsh/UR3_ROS2_PICK_AND_PLACE_random_name/install/ur_interfaces/include/ur_interfaces/ur_interfaces/srv
[6.574s] -- Up-to-date: /home/darsh/UR3_ROS2_PICK_AND_PLACE_random_name/install/ur_interfaces/include/ur_interfaces/ur_interfaces/srv/detail
[6.574s] -- Up-to-date: /home/darsh/UR3_ROS2_PICK_AND_PLACE_random_name/install/ur_interfaces/include/ur_interfaces/ur_interfaces/srv/detail/get_planning_scene__rosidl_typesupport_fastrtps_cpp.hpp
[6.575s] -- Up-to-date: /home/darsh/UR3_ROS2_PICK_AND_PLACE_random_name/install/ur_interfaces/include/ur_interfaces/ur_interfaces/srv/detail/dds_fastrtps
[6.575s] -- Up-to-date: /home/darsh/UR3_ROS2_PICK_AND_PLACE_random_name/install/ur_interfaces/include/ur_interfaces/ur_interfaces/msg
[6.576s] -- Up-to-date: /home/darsh/UR3_ROS2_PICK_AND_PLACE_random_name/install/ur_interfaces/include/ur_interfaces/ur_interfaces/msg/rosidl_typesupport_fastrtps_cpp__visibility_control.h
[6.576s] -- Up-to-date: /home/darsh/UR3_ROS2_PICK_AND_PLACE_random_name/install/ur_interfaces/lib/libur_interfaces__rosidl_typesupport_fastrtps_cpp.so
[6.576s] -- Up-to-date: /home/darsh/UR3_ROS2_PICK_AND_PLACE_random_name/install/ur_interfaces/include/ur_interfaces/ur_interfaces
[6.576s] -- Up-to-date: /home/darsh/UR3_ROS2_PICK_AND_PLACE_random_name/install/ur_interfaces/include/ur_interfaces/ur_interfaces/srv
[6.577s] -- Up-to-date: /home/darsh/UR3_ROS2_PICK_AND_PLACE_random_name/install/ur_interfaces/include/ur_interfaces/ur_interfaces/srv/detail
[6.598s] -- Up-to-date: /home/darsh/UR3_ROS2_PICK_AND_PLACE_random_name/install/ur_interfaces/include/ur_interfaces/ur_interfaces/srv/detail/get_planning_scene__type_support.cpp
[6.598s] -- Up-to-date: /home/darsh/UR3_ROS2_PICK_AND_PLACE_random_name/install/ur_interfaces/include/ur_interfaces/ur_interfaces/srv/detail/get_planning_scene__rosidl_typesupport_introspection_cpp.hpp
[6.599s] -- Up-to-date: /home/darsh/UR3_ROS2_PICK_AND_PLACE_random_name/install/ur_interfaces/lib/libur_interfaces__rosidl_typesupport_introspection_cpp.so
[6.599s] -- Up-to-date: /home/darsh/UR3_ROS2_PICK_AND_PLACE_random_name/install/ur_interfaces/lib/libur_interfaces__rosidl_typesupport_cpp.so
[6.599s] -- Up-to-date: /home/darsh/UR3_ROS2_PICK_AND_PLACE_random_name/install/ur_interfaces/share/ur_interfaces/environment/pythonpath.sh
[6.599s] -- Up-to-date: /home/darsh/UR3_ROS2_PICK_AND_PLACE_random_name/install/ur_interfaces/share/ur_interfaces/environment/pythonpath.dsv
[6.599s] -- Up-to-date: /home/darsh/UR3_ROS2_PICK_AND_PLACE_random_name/install/ur_interfaces/lib/python3.12/site-packages/ur_interfaces-0.0.0-py3.12.egg-info
[6.599s] -- Installing: /home/darsh/UR3_ROS2_PICK_AND_PLACE_random_name/install/ur_interfaces/lib/python3.12/site-packages/ur_interfaces-0.0.0-py3.12.egg-info/dependency_links.txt
[6.599s] -- Installing: /home/darsh/UR3_ROS2_PICK_AND_PLACE_random_name/install/ur_interfaces/lib/python3.12/site-packages/ur_interfaces-0.0.0-py3.12.egg-info/top_level.txt
[6.600s] -- Installing: /home/darsh/UR3_ROS2_PICK_AND_PLACE_random_name/install/ur_interfaces/lib/python3.12/site-packages/ur_interfaces-0.0.0-py3.12.egg-info/SOURCES.txt
[6.600s] -- Installing: /home/darsh/UR3_ROS2_PICK_AND_PLACE_random_name/install/ur_interfaces/lib/python3.12/site-packages/ur_interfaces-0.0.0-py3.12.egg-info/PKG-INFO
[6.600s] -- Up-to-date: /home/darsh/UR3_ROS2_PICK_AND_PLACE_random_name/install/ur_interfaces/lib/python3.12/site-packages/ur_interfaces
[6.600s] -- Up-to-date: /home/darsh/UR3_ROS2_PICK_AND_PLACE_random_name/install/ur_interfaces/lib/python3.12/site-packages/ur_interfaces/_ur_interfaces_s.ep.rosidl_typesupport_fastrtps_c.c
[6.601s] -- Up-to-date: /home/darsh/UR3_ROS2_PICK_AND_PLACE_random_name/install/ur_interfaces/lib/python3.12/site-packages/ur_interfaces/srv
[6.601s] -- Up-to-date: /home/darsh/UR3_ROS2_PICK_AND_PLACE_random_name/install/ur_interfaces/lib/python3.12/site-packages/ur_interfaces/srv/_get_planning_scene.py
[6.601s] -- Up-to-date: /home/darsh/UR3_ROS2_PICK_AND_PLACE_random_name/install/ur_interfaces/lib/python3.12/site-packages/ur_interfaces/srv/__init__.py
[6.601s] -- Up-to-date: /home/darsh/UR3_ROS2_PICK_AND_PLACE_random_name/install/ur_interfaces/lib/python3.12/site-packages/ur_interfaces/srv/_get_planning_scene_s.c
[6.601s] -- Up-to-date: /home/darsh/UR3_ROS2_PICK_AND_PLACE_random_name/install/ur_interfaces/lib/python3.12/site-packages/ur_interfaces/ur_interfaces_s__rosidl_typesupport_introspection_c.so
[6.601s] -- Up-to-date: /home/darsh/UR3_ROS2_PICK_AND_PLACE_random_name/install/ur_interfaces/lib/python3.12/site-packages/ur_interfaces/_ur_interfaces_s.ep.rosidl_typesupport_c.c
[6.601s] -- Up-to-date: /home/darsh/UR3_ROS2_PICK_AND_PLACE_random_name/install/ur_interfaces/lib/python3.12/site-packages/ur_interfaces/_ur_interfaces_s.ep.rosidl_typesupport_introspection_c.c
[6.601s] -- Up-to-date: /home/darsh/UR3_ROS2_PICK_AND_PLACE_random_name/install/ur_interfaces/lib/python3.12/site-packages/ur_interfaces/ur_interfaces_s__rosidl_typesupport_c.so
[6.602s] -- Up-to-date: /home/darsh/UR3_ROS2_PICK_AND_PLACE_random_name/install/ur_interfaces/lib/python3.12/site-packages/ur_interfaces/__init__.py
[6.602s] -- Up-to-date: /home/darsh/UR3_ROS2_PICK_AND_PLACE_random_name/install/ur_interfaces/lib/python3.12/site-packages/ur_interfaces/ur_interfaces_s__rosidl_typesupport_fastrtps_c.so
[6.672s] Listing '/home/darsh/UR3_ROS2_PICK_AND_PLACE_random_name/install/ur_interfaces/lib/python3.12/site-packages/ur_interfaces'...
[6.673s] Listing '/home/darsh/UR3_ROS2_PICK_AND_PLACE_random_name/install/ur_interfaces/lib/python3.12/site-packages/ur_interfaces/srv'...
[6.697s] -- Up-to-date: /home/darsh/UR3_ROS2_PICK_AND_PLACE_random_name/install/ur_interfaces/lib/python3.12/site-packages/ur_interfaces/ur_interfaces_s__rosidl_typesupport_fastrtps_c.so
[6.697s] -- Up-to-date: /home/darsh/UR3_ROS2_PICK_AND_PLACE_random_name/install/ur_interfaces/lib/python3.12/site-packages/ur_interfaces/ur_interfaces_s__rosidl_typesupport_introspection_c.so
[6.698s] -- Up-to-date: /home/darsh/UR3_ROS2_PICK_AND_PLACE_random_name/install/ur_interfaces/lib/python3.12/site-packages/ur_interfaces/ur_interfaces_s__rosidl_typesupport_c.so
[6.698s] -- Up-to-date: /home/darsh/UR3_ROS2_PICK_AND_PLACE_random_name/install/ur_interfaces/lib/libur_interfaces__rosidl_generator_py.so
[6.698s] -- Up-to-date: /home/darsh/UR3_ROS2_PICK_AND_PLACE_random_name/install/ur_interfaces/share/ur_interfaces/srv/GetPlanningScene.idl
[6.698s] -- Up-to-date: /home/darsh/UR3_ROS2_PICK_AND_PLACE_random_name/install/ur_interfaces/share/ur_interfaces/srv/GetPlanningScene.srv
[6.698s] -- Up-to-date: /home/darsh/UR3_ROS2_PICK_AND_PLACE_random_name/install/ur_interfaces/share/ament_index/resource_index/package_run_dependencies/ur_interfaces
[6.698s] -- Up-to-date: /home/darsh/UR3_ROS2_PICK_AND_PLACE_random_name/install/ur_interfaces/share/ament_index/resource_index/parent_prefix_path/ur_interfaces
[6.698s] -- Up-to-date: /home/darsh/UR3_ROS2_PICK_AND_PLACE_random_name/install/ur_interfaces/share/ur_interfaces/environment/ament_prefix_path.sh
[6.698s] -- Up-to-date: /home/darsh/UR3_ROS2_PICK_AND_PLACE_random_name/install/ur_interfaces/share/ur_interfaces/environment/ament_prefix_path.dsv
[6.699s] -- Up-to-date: /home/darsh/UR3_ROS2_PICK_AND_PLACE_random_name/install/ur_interfaces/share/ur_interfaces/environment/path.sh
[6.699s] -- Up-to-date: /home/darsh/UR3_ROS2_PICK_AND_PLACE_random_name/install/ur_interfaces/share/ur_interfaces/environment/path.dsv
[6.699s] -- Up-to-date: /home/darsh/UR3_ROS2_PICK_AND_PLACE_random_name/install/ur_interfaces/share/ur_interfaces/local_setup.bash
[6.699s] -- Up-to-date: /home/darsh/UR3_ROS2_PICK_AND_PLACE_random_name/install/ur_interfaces/share/ur_interfaces/local_setup.sh
[6.699s] -- Up-to-date: /home/darsh/UR3_ROS2_PICK_AND_PLACE_random_name/install/ur_interfaces/share/ur_interfaces/local_setup.zsh
[6.699s] -- Up-to-date: /home/darsh/UR3_ROS2_PICK_AND_PLACE_random_name/install/ur_interfaces/share/ur_interfaces/local_setup.dsv
[6.699s] -- Installing: /home/darsh/UR3_ROS2_PICK_AND_PLACE_random_name/install/ur_interfaces/share/ur_interfaces/package.dsv
[6.699s] -- Up-to-date: /home/darsh/UR3_ROS2_PICK_AND_PLACE_random_name/install/ur_interfaces/share/ament_index/resource_index/packages/ur_interfaces
[6.699s] -- Up-to-date: /home/darsh/UR3_ROS2_PICK_AND_PLACE_random_name/install/ur_interfaces/share/ur_interfaces/cmake/export_ur_interfaces__rosidl_generator_cExport.cmake
[6.700s] -- Up-to-date: /home/darsh/UR3_ROS2_PICK_AND_PLACE_random_name/install/ur_interfaces/share/ur_interfaces/cmake/export_ur_interfaces__rosidl_generator_cExport-noconfig.cmake
[6.700s] -- Up-to-date: /home/darsh/UR3_ROS2_PICK_AND_PLACE_random_name/install/ur_interfaces/share/ur_interfaces/cmake/export_ur_interfaces__rosidl_typesupport_fastrtps_cExport.cmake
[6.700s] -- Up-to-date: /home/darsh/UR3_ROS2_PICK_AND_PLACE_random_name/install/ur_interfaces/share/ur_interfaces/cmake/export_ur_interfaces__rosidl_typesupport_fastrtps_cExport-noconfig.cmake
[6.700s] -- Up-to-date: /home/darsh/UR3_ROS2_PICK_AND_PLACE_random_name/install/ur_interfaces/share/ur_interfaces/cmake/ur_interfaces__rosidl_typesupport_introspection_cExport.cmake
[6.700s] -- Up-to-date: /home/darsh/UR3_ROS2_PICK_AND_PLACE_random_name/install/ur_interfaces/share/ur_interfaces/cmake/ur_interfaces__rosidl_typesupport_introspection_cExport-noconfig.cmake
[6.700s] -- Up-to-date: /home/darsh/UR3_ROS2_PICK_AND_PLACE_random_name/install/ur_interfaces/share/ur_interfaces/cmake/ur_interfaces__rosidl_typesupport_cExport.cmake
[6.700s] -- Up-to-date: /home/darsh/UR3_ROS2_PICK_AND_PLACE_random_name/install/ur_interfaces/share/ur_interfaces/cmake/ur_interfaces__rosidl_typesupport_cExport-noconfig.cmake
[6.700s] -- Up-to-date: /home/darsh/UR3_ROS2_PICK_AND_PLACE_random_name/install/ur_interfaces/share/ur_interfaces/cmake/export_ur_interfaces__rosidl_generator_cppExport.cmake
[6.701s] -- Up-to-date: /home/darsh/UR3_ROS2_PICK_AND_PLACE_random_name/install/ur_interfaces/share/ur_interfaces/cmake/export_ur_interfaces__rosidl_typesupport_fastrtps_cppExport.cmake
[6.702s] -- Up-to-date: /home/darsh/UR3_ROS2_PICK_AND_PLACE_random_name/install/ur_interfaces/share/ur_interfaces/cmake/export_ur_interfaces__rosidl_typesupport_fastrtps_cppExport-noconfig.cmake
[6.702s] -- Up-to-date: /home/darsh/UR3_ROS2_PICK_AND_PLACE_random_name/install/ur_interfaces/share/ur_interfaces/cmake/ur_interfaces__rosidl_typesupport_introspection_cppExport.cmake
[6.702s] -- Up-to-date: /home/darsh/UR3_ROS2_PICK_AND_PLACE_random_name/install/ur_interfaces/share/ur_interfaces/cmake/ur_interfaces__rosidl_typesupport_introspection_cppExport-noconfig.cmake
[6.702s] -- Up-to-date: /home/darsh/UR3_ROS2_PICK_AND_PLACE_random_name/install/ur_interfaces/share/ur_interfaces/cmake/ur_interfaces__rosidl_typesupport_cppExport.cmake
[6.702s] -- Up-to-date: /home/darsh/UR3_ROS2_PICK_AND_PLACE_random_name/install/ur_interfaces/share/ur_interfaces/cmake/ur_interfaces__rosidl_typesupport_cppExport-noconfig.cmake
[6.702s] -- Up-to-date: /home/darsh/UR3_ROS2_PICK_AND_PLACE_random_name/install/ur_interfaces/share/ur_interfaces/cmake/export_ur_interfaces__rosidl_generator_pyExport.cmake
[6.702s] -- Up-to-date: /home/darsh/UR3_ROS2_PICK_AND_PLACE_random_name/install/ur_interfaces/share/ur_interfaces/cmake/export_ur_interfaces__rosidl_generator_pyExport-noconfig.cmake
[6.702s] -- Up-to-date: /home/darsh/UR3_ROS2_PICK_AND_PLACE_random_name/install/ur_interfaces/share/ur_interfaces/cmake/rosidl_cmake-extras.cmake
[6.703s] -- Up-to-date: /home/darsh/UR3_ROS2_PICK_AND_PLACE_random_name/install/ur_interfaces/share/ur_interfaces/cmake/ament_cmake_export_dependencies-extras.cmake
[6.703s] -- Up-to-date: /home/darsh/UR3_ROS2_PICK_AND_PLACE_random_name/install/ur_interfaces/share/ur_interfaces/cmake/ament_cmake_export_include_directories-extras.cmake
[6.703s] -- Up-to-date: /home/darsh/UR3_ROS2_PICK_AND_PLACE_random_name/install/ur_interfaces/share/ur_interfaces/cmake/ament_cmake_export_libraries-extras.cmake
[6.703s] -- Up-to-date: /home/darsh/UR3_ROS2_PICK_AND_PLACE_random_name/install/ur_interfaces/share/ur_interfaces/cmake/ament_cmake_export_targets-extras.cmake
[6.703s] -- Up-to-date: /home/darsh/UR3_ROS2_PICK_AND_PLACE_random_name/install/ur_interfaces/share/ur_interfaces/cmake/rosidl_cmake_export_typesupport_targets-extras.cmake
[6.703s] -- Up-to-date: /home/darsh/UR3_ROS2_PICK_AND_PLACE_random_name/install/ur_interfaces/share/ur_interfaces/cmake/rosidl_cmake_export_typesupport_libraries-extras.cmake
[6.703s] -- Up-to-date: /home/darsh/UR3_ROS2_PICK_AND_PLACE_random_name/install/ur_interfaces/share/ur_interfaces/cmake/ur_interfacesConfig.cmake
[6.703s] -- Up-to-date: /home/darsh/UR3_ROS2_PICK_AND_PLACE_random_name/install/ur_interfaces/share/ur_interfaces/cmake/ur_interfacesConfig-version.cmake
[6.704s] -- Up-to-date: /home/darsh/UR3_ROS2_PICK_AND_PLACE_random_name/install/ur_interfaces/share/ur_interfaces/package.xml
[6.714s] Invoked command in '/home/darsh/UR3_ROS2_PICK_AND_PLACE_random_name/build/ur_interfaces' returned '0': CMAKE_PREFIX_PATH=${CMAKE_PREFIX_PATH}:/opt/ros/jazzy /usr/bin/cmake --install /home/darsh/UR3_ROS2_PICK_AND_PLACE_random_name/build/ur_interfaces
