[0.093s] Invoking command in '/home/darsh/UR3_ROS2_PICK_AND_PLACE_random_name/build/rviz_marker_tools': CMAKE_PREFIX_PATH=${CMAKE_PREFIX_PATH}:/opt/ros/jazzy /usr/bin/cmake --build /home/darsh/UR3_ROS2_PICK_AND_PLACE_random_name/build/rviz_marker_tools -- -j4 -l4
[0.560s] [100%] Built target rviz_marker_tools
[0.622s] Invoked command in '/home/darsh/UR3_ROS2_PICK_AND_PLACE_random_name/build/rviz_marker_tools' returned '0': CMAKE_PREFIX_PATH=${CMAKE_PREFIX_PATH}:/opt/ros/jazzy /usr/bin/cmake --build /home/darsh/UR3_ROS2_PICK_AND_PLACE_random_name/build/rviz_marker_tools -- -j4 -l4
[0.626s] Invoking command in '/home/darsh/UR3_ROS2_PICK_AND_PLACE_random_name/build/rviz_marker_tools': CMAKE_PREFIX_PATH=${CMAKE_PREFIX_PATH}:/opt/ros/jazzy /usr/bin/cmake --install /home/darsh/UR3_ROS2_PICK_AND_PLACE_random_name/build/rviz_marker_tools
[0.692s] -- Install configuration: "Release"
[0.692s] -- Up-to-date: /home/darsh/UR3_ROS2_PICK_AND_PLACE_random_name/install/rviz_marker_tools/include
[0.693s] -- Up-to-date: /home/darsh/UR3_ROS2_PICK_AND_PLACE_random_name/install/rviz_marker_tools/include/rviz_marker_tools
[0.693s] -- Up-to-date: /home/darsh/UR3_ROS2_PICK_AND_PLACE_random_name/install/rviz_marker_tools/include/rviz_marker_tools/marker_creation.h
[0.694s] -- Up-to-date: /home/darsh/UR3_ROS2_PICK_AND_PLACE_random_name/install/rviz_marker_tools/lib/librviz_marker_tools.so
[0.694s] -- Up-to-date: /home/darsh/UR3_ROS2_PICK_AND_PLACE_random_name/install/rviz_marker_tools/share/rviz_marker_tools/environment/library_path.sh
[0.695s] -- Up-to-date: /home/darsh/UR3_ROS2_PICK_AND_PLACE_random_name/install/rviz_marker_tools/share/rviz_marker_tools/environment/library_path.dsv
[0.696s] -- Up-to-date: /home/darsh/UR3_ROS2_PICK_AND_PLACE_random_name/install/rviz_marker_tools/share/ament_index/resource_index/package_run_dependencies/rviz_marker_tools
[0.697s] -- Up-to-date: /home/darsh/UR3_ROS2_PICK_AND_PLACE_random_name/install/rviz_marker_tools/share/ament_index/resource_index/parent_prefix_path/rviz_marker_tools
[0.698s] -- Up-to-date: /home/darsh/UR3_ROS2_PICK_AND_PLACE_random_name/install/rviz_marker_tools/share/rviz_marker_tools/environment/ament_prefix_path.sh
[0.699s] -- Up-to-date: /home/darsh/UR3_ROS2_PICK_AND_PLACE_random_name/install/rviz_marker_tools/share/rviz_marker_tools/environment/ament_prefix_path.dsv
[0.700s] -- Up-to-date: /home/darsh/UR3_ROS2_PICK_AND_PLACE_random_name/install/rviz_marker_tools/share/rviz_marker_tools/environment/path.sh
[0.701s] -- Up-to-date: /home/darsh/UR3_ROS2_PICK_AND_PLACE_random_name/install/rviz_marker_tools/share/rviz_marker_tools/environment/path.dsv
[0.701s] -- Up-to-date: /home/darsh/UR3_ROS2_PICK_AND_PLACE_random_name/install/rviz_marker_tools/share/rviz_marker_tools/local_setup.bash
[0.702s] -- Up-to-date: /home/darsh/UR3_ROS2_PICK_AND_PLACE_random_name/install/rviz_marker_tools/share/rviz_marker_tools/local_setup.sh
[0.702s] -- Up-to-date: /home/darsh/UR3_ROS2_PICK_AND_PLACE_random_name/install/rviz_marker_tools/share/rviz_marker_tools/local_setup.zsh
[0.702s] -- Up-to-date: /home/darsh/UR3_ROS2_PICK_AND_PLACE_random_name/install/rviz_marker_tools/share/rviz_marker_tools/local_setup.dsv
[0.703s] -- Installing: /home/darsh/UR3_ROS2_PICK_AND_PLACE_random_name/install/rviz_marker_tools/share/rviz_marker_tools/package.dsv
[0.719s] -- Up-to-date: /home/darsh/UR3_ROS2_PICK_AND_PLACE_random_name/install/rviz_marker_tools/share/ament_index/resource_index/packages/rviz_marker_tools
[0.728s] -- Up-to-date: /home/darsh/UR3_ROS2_PICK_AND_PLACE_random_name/install/rviz_marker_tools/share/rviz_marker_tools/cmake/rviz_marker_toolsTargetsExport.cmake
[0.748s] -- Up-to-date: /home/darsh/UR3_ROS2_PICK_AND_PLACE_random_name/install/rviz_marker_tools/share/rviz_marker_tools/cmake/rviz_marker_toolsTargetsExport-release.cmake
[0.749s] -- Up-to-date: /home/darsh/UR3_ROS2_PICK_AND_PLACE_random_name/install/rviz_marker_tools/share/rviz_marker_tools/cmake/ament_cmake_export_targets-extras.cmake
[0.749s] -- Up-to-date: /home/darsh/UR3_ROS2_PICK_AND_PLACE_random_name/install/rviz_marker_tools/share/rviz_marker_tools/cmake/ament_cmake_export_dependencies-extras.cmake
[0.750s] -- Up-to-date: /home/darsh/UR3_ROS2_PICK_AND_PLACE_random_name/install/rviz_marker_tools/share/rviz_marker_tools/cmake/rviz_marker_toolsConfig.cmake
[0.751s] -- Up-to-date: /home/darsh/UR3_ROS2_PICK_AND_PLACE_random_name/install/rviz_marker_tools/share/rviz_marker_tools/cmake/rviz_marker_toolsConfig-version.cmake
[0.752s] -- Up-to-date: /home/darsh/UR3_ROS2_PICK_AND_PLACE_random_name/install/rviz_marker_tools/share/rviz_marker_tools/package.xml
[0.753s] Invoked command in '/home/darsh/UR3_ROS2_PICK_AND_PLACE_random_name/build/rviz_marker_tools' returned '0': CMAKE_PREFIX_PATH=${CMAKE_PREFIX_PATH}:/opt/ros/jazzy /usr/bin/cmake --install /home/darsh/UR3_ROS2_PICK_AND_PLACE_random_name/build/rviz_marker_tools
