[0.141s] Invoking command in '/home/darsh/UR3_ROS2_PICK_AND_PLACE_random_name/build/warehouse_ros_mongo': CMAKE_PREFIX_PATH=${CMAKE_PREFIX_PATH}:/opt/ros/jazzy /usr/bin/cmake --build /home/darsh/UR3_ROS2_PICK_AND_PLACE_random_name/build/warehouse_ros_mongo -- -j4 -l4
[0.546s] [ 20%] Built target gtest_main
[0.623s] [ 20%] Built target ament_cmake_python_copy_warehouse_ros_mongo
[0.627s] [ 40%] Built target gtest
[0.693s] [ 80%] Built target warehouse_ros_mongo
[0.837s] [100%] Built target test_warehouse_ros_mongo_cpp
[1.448s] running egg_info
[1.505s] writing warehouse_ros_mongo.egg-info/PKG-INFO
[1.505s] writing dependency_links to warehouse_ros_mongo.egg-info/dependency_links.txt
[1.506s] writing top-level names to warehouse_ros_mongo.egg-info/top_level.txt
[1.661s] reading manifest file 'warehouse_ros_mongo.egg-info/SOURCES.txt'
[1.662s] writing manifest file 'warehouse_ros_mongo.egg-info/SOURCES.txt'
[1.710s] [100%] Built target ament_cmake_python_build_warehouse_ros_mongo_egg
[1.720s] Invoked command in '/home/darsh/UR3_ROS2_PICK_AND_PLACE_random_name/build/warehouse_ros_mongo' returned '0': CMAKE_PREFIX_PATH=${CMAKE_PREFIX_PATH}:/opt/ros/jazzy /usr/bin/cmake --build /home/darsh/UR3_ROS2_PICK_AND_PLACE_random_name/build/warehouse_ros_mongo -- -j4 -l4
[1.721s] Invoking command in '/home/darsh/UR3_ROS2_PICK_AND_PLACE_random_name/build/warehouse_ros_mongo': CMAKE_PREFIX_PATH=${CMAKE_PREFIX_PATH}:/opt/ros/jazzy /usr/bin/cmake --install /home/darsh/UR3_ROS2_PICK_AND_PLACE_random_name/build/warehouse_ros_mongo
[1.737s] -- Install configuration: ""
[1.737s] -- Up-to-date: /home/darsh/UR3_ROS2_PICK_AND_PLACE_random_name/install/warehouse_ros_mongo/share/warehouse_ros_mongo/environment/pythonpath.sh
[1.738s] -- Up-to-date: /home/darsh/UR3_ROS2_PICK_AND_PLACE_random_name/install/warehouse_ros_mongo/share/warehouse_ros_mongo/environment/pythonpath.dsv
[1.738s] -- Up-to-date: /home/darsh/UR3_ROS2_PICK_AND_PLACE_random_name/install/warehouse_ros_mongo/lib/python3.12/site-packages/warehouse_ros_mongo-2.0.3-py3.12.egg-info
[1.738s] -- Installing: /home/darsh/UR3_ROS2_PICK_AND_PLACE_random_name/install/warehouse_ros_mongo/lib/python3.12/site-packages/warehouse_ros_mongo-2.0.3-py3.12.egg-info/dependency_links.txt
[1.742s] -- Installing: /home/darsh/UR3_ROS2_PICK_AND_PLACE_random_name/install/warehouse_ros_mongo/lib/python3.12/site-packages/warehouse_ros_mongo-2.0.3-py3.12.egg-info/top_level.txt
[1.742s] -- Installing: /home/darsh/UR3_ROS2_PICK_AND_PLACE_random_name/install/warehouse_ros_mongo/lib/python3.12/site-packages/warehouse_ros_mongo-2.0.3-py3.12.egg-info/SOURCES.txt
[1.742s] -- Installing: /home/darsh/UR3_ROS2_PICK_AND_PLACE_random_name/install/warehouse_ros_mongo/lib/python3.12/site-packages/warehouse_ros_mongo-2.0.3-py3.12.egg-info/PKG-INFO
[1.742s] -- Up-to-date: /home/darsh/UR3_ROS2_PICK_AND_PLACE_random_name/install/warehouse_ros_mongo/lib/python3.12/site-packages/warehouse_ros_mongo
[1.742s] -- Up-to-date: /home/darsh/UR3_ROS2_PICK_AND_PLACE_random_name/install/warehouse_ros_mongo/lib/python3.12/site-packages/warehouse_ros_mongo/mongo_wrapper_ros.py
[1.743s] -- Up-to-date: /home/darsh/UR3_ROS2_PICK_AND_PLACE_random_name/install/warehouse_ros_mongo/lib/python3.12/site-packages/warehouse_ros_mongo/__init__.py
[1.796s] Listing '/home/darsh/UR3_ROS2_PICK_AND_PLACE_random_name/install/warehouse_ros_mongo/lib/python3.12/site-packages/warehouse_ros_mongo'...
[1.805s] -- Up-to-date: /home/darsh/UR3_ROS2_PICK_AND_PLACE_random_name/install/warehouse_ros_mongo/lib/warehouse_ros_mongo/mongo_wrapper_ros.py
[1.806s] -- Up-to-date: /home/darsh/UR3_ROS2_PICK_AND_PLACE_random_name/install/warehouse_ros_mongo/include
[1.806s] -- Up-to-date: /home/darsh/UR3_ROS2_PICK_AND_PLACE_random_name/install/warehouse_ros_mongo/include/database_connection.h
[1.806s] -- Up-to-date: /home/darsh/UR3_ROS2_PICK_AND_PLACE_random_name/install/warehouse_ros_mongo/include/query_results.h
[1.806s] -- Up-to-date: /home/darsh/UR3_ROS2_PICK_AND_PLACE_random_name/install/warehouse_ros_mongo/include/metadata.h
[1.806s] -- Up-to-date: /home/darsh/UR3_ROS2_PICK_AND_PLACE_random_name/install/warehouse_ros_mongo/include/message_collection.h
[1.806s] -- Up-to-date: /home/darsh/UR3_ROS2_PICK_AND_PLACE_random_name/install/warehouse_ros_mongo/include/warehouse_ros_mongo/config.h
[1.806s] -- Up-to-date: /home/darsh/UR3_ROS2_PICK_AND_PLACE_random_name/install/warehouse_ros_mongo/share/warehouse_ros_mongo/warehouse_ros_mongo.launch.py
[1.806s] -- Up-to-date: /home/darsh/UR3_ROS2_PICK_AND_PLACE_random_name/install/warehouse_ros_mongo/share/warehouse_ros_mongo/cmake/FindMONGODB.cmake
[1.807s] -- Up-to-date: /home/darsh/UR3_ROS2_PICK_AND_PLACE_random_name/install/warehouse_ros_mongo/lib/libwarehouse_ros_mongo.so
[1.807s] -- Up-to-date: /home/darsh/UR3_ROS2_PICK_AND_PLACE_random_name/install/warehouse_ros_mongo/share/warehouse_ros_mongo/environment/library_path.sh
[1.807s] -- Up-to-date: /home/darsh/UR3_ROS2_PICK_AND_PLACE_random_name/install/warehouse_ros_mongo/share/warehouse_ros_mongo/environment/library_path.dsv
[1.807s] -- Up-to-date: /home/darsh/UR3_ROS2_PICK_AND_PLACE_random_name/install/warehouse_ros_mongo/share/warehouse_ros_mongo/mongo_database_connection_plugin_description.xml
[1.808s] -- Up-to-date: /home/darsh/UR3_ROS2_PICK_AND_PLACE_random_name/install/warehouse_ros_mongo/share/ament_index/resource_index/package_run_dependencies/warehouse_ros_mongo
[1.808s] -- Up-to-date: /home/darsh/UR3_ROS2_PICK_AND_PLACE_random_name/install/warehouse_ros_mongo/share/ament_index/resource_index/parent_prefix_path/warehouse_ros_mongo
[1.808s] -- Up-to-date: /home/darsh/UR3_ROS2_PICK_AND_PLACE_random_name/install/warehouse_ros_mongo/share/warehouse_ros_mongo/environment/ament_prefix_path.sh
[1.808s] -- Up-to-date: /home/darsh/UR3_ROS2_PICK_AND_PLACE_random_name/install/warehouse_ros_mongo/share/warehouse_ros_mongo/environment/ament_prefix_path.dsv
[1.808s] -- Up-to-date: /home/darsh/UR3_ROS2_PICK_AND_PLACE_random_name/install/warehouse_ros_mongo/share/warehouse_ros_mongo/environment/path.sh
[1.808s] -- Up-to-date: /home/darsh/UR3_ROS2_PICK_AND_PLACE_random_name/install/warehouse_ros_mongo/share/warehouse_ros_mongo/environment/path.dsv
[1.808s] -- Up-to-date: /home/darsh/UR3_ROS2_PICK_AND_PLACE_random_name/install/warehouse_ros_mongo/share/warehouse_ros_mongo/local_setup.bash
[1.809s] -- Up-to-date: /home/darsh/UR3_ROS2_PICK_AND_PLACE_random_name/install/warehouse_ros_mongo/share/warehouse_ros_mongo/local_setup.sh
[1.809s] -- Up-to-date: /home/darsh/UR3_ROS2_PICK_AND_PLACE_random_name/install/warehouse_ros_mongo/share/warehouse_ros_mongo/local_setup.zsh
[1.809s] -- Up-to-date: /home/darsh/UR3_ROS2_PICK_AND_PLACE_random_name/install/warehouse_ros_mongo/share/warehouse_ros_mongo/local_setup.dsv
[1.809s] -- Installing: /home/darsh/UR3_ROS2_PICK_AND_PLACE_random_name/install/warehouse_ros_mongo/share/warehouse_ros_mongo/package.dsv
[1.809s] -- Up-to-date: /home/darsh/UR3_ROS2_PICK_AND_PLACE_random_name/install/warehouse_ros_mongo/share/ament_index/resource_index/packages/warehouse_ros_mongo
[1.809s] -- Up-to-date: /home/darsh/UR3_ROS2_PICK_AND_PLACE_random_name/install/warehouse_ros_mongo/share/ament_index/resource_index/warehouse_ros__pluginlib__plugin/warehouse_ros_mongo
[1.810s] -- Up-to-date: /home/darsh/UR3_ROS2_PICK_AND_PLACE_random_name/install/warehouse_ros_mongo/share/warehouse_ros_mongo/cmake/export_warehouse_ros_mongoExport.cmake
[1.810s] -- Up-to-date: /home/darsh/UR3_ROS2_PICK_AND_PLACE_random_name/install/warehouse_ros_mongo/share/warehouse_ros_mongo/cmake/export_warehouse_ros_mongoExport-noconfig.cmake
[1.810s] -- Up-to-date: /home/darsh/UR3_ROS2_PICK_AND_PLACE_random_name/install/warehouse_ros_mongo/share/warehouse_ros_mongo/cmake/ConfigExtras.cmake
[1.810s] -- Up-to-date: /home/darsh/UR3_ROS2_PICK_AND_PLACE_random_name/install/warehouse_ros_mongo/share/warehouse_ros_mongo/cmake/ament_cmake_export_targets-extras.cmake
[1.810s] -- Up-to-date: /home/darsh/UR3_ROS2_PICK_AND_PLACE_random_name/install/warehouse_ros_mongo/share/warehouse_ros_mongo/cmake/ament_cmake_export_dependencies-extras.cmake
[1.810s] -- Up-to-date: /home/darsh/UR3_ROS2_PICK_AND_PLACE_random_name/install/warehouse_ros_mongo/share/warehouse_ros_mongo/cmake/warehouse_ros_mongoConfig.cmake
[1.810s] -- Up-to-date: /home/darsh/UR3_ROS2_PICK_AND_PLACE_random_name/install/warehouse_ros_mongo/share/warehouse_ros_mongo/cmake/warehouse_ros_mongoConfig-version.cmake
[1.811s] -- Up-to-date: /home/darsh/UR3_ROS2_PICK_AND_PLACE_random_name/install/warehouse_ros_mongo/share/warehouse_ros_mongo/package.xml
[1.814s] Invoked command in '/home/darsh/UR3_ROS2_PICK_AND_PLACE_random_name/build/warehouse_ros_mongo' returned '0': CMAKE_PREFIX_PATH=${CMAKE_PREFIX_PATH}:/opt/ros/jazzy /usr/bin/cmake --install /home/darsh/UR3_ROS2_PICK_AND_PLACE_random_name/build/warehouse_ros_mongo
